Vivado Simulator 2019.2
Time resolution is 1 ps
time       0 cycle     0                                                
time      10 cycle     1                                                
time      20 cycle     2                                                
time      30 cycle     3                                                
time      40 cycle     4 rst          up_ready                          
time      50 cycle     5 rst          up_ready                          
*** Run back-to-back
time      60 cycle     6 rst          up_ready                          
time      70 cycle     7     up_valid up_ready 2            down_ready  
time      80 cycle     8     up_valid up_ready 9 down_valid down_ready 2
time      90 cycle     9     up_valid up_ready 6 down_valid down_ready 9
time     100 cycle    10     up_valid up_ready 3 down_valid down_ready 6
time     110 cycle    11     up_valid up_ready 0 down_valid down_ready 3
time     120 cycle    12     up_valid up_ready a down_valid down_ready 0
time     130 cycle    13     up_valid up_ready e down_valid down_ready a
time     140 cycle    14     up_valid up_ready 3 down_valid down_ready e
time     150 cycle    15     up_valid up_ready 4 down_valid down_ready 3
time     160 cycle    16     up_valid up_ready 4 down_valid down_ready 4
time     170 cycle    17     up_valid up_ready 6 down_valid down_ready 4
time     180 cycle    18     up_valid up_ready 4 down_valid down_ready 6
time     190 cycle    19     up_valid up_ready f down_valid down_ready 4
time     200 cycle    20     up_valid up_ready 4 down_valid down_ready f
time     210 cycle    21     up_valid up_ready 7 down_valid down_ready 4
time     220 cycle    22     up_valid up_ready 3 down_valid down_ready 7
time     230 cycle    23     up_valid up_ready 9 down_valid down_ready 3
time     240 cycle    24     up_valid up_ready e down_valid down_ready 9
time     250 cycle    25     up_valid up_ready 7 down_valid down_ready e
*** Filling the FIFO: up_valid=1, down_ready=0
time     260 cycle    26     up_valid up_ready 8 down_valid down_ready 7
time     270 cycle    27     up_valid up_ready 2 down_valid             
time     280 cycle    28     up_valid up_ready f down_valid             
time     290 cycle    29     up_valid up_ready b down_valid             
time     300 cycle    30     up_valid            down_valid             
time     310 cycle    31     up_valid            down_valid             
time     320 cycle    32     up_valid            down_valid             
time     330 cycle    33     up_valid            down_valid             
time     340 cycle    34     up_valid            down_valid             
time     350 cycle    35     up_valid            down_valid             
*** Draining the FIFO: up_valid=0, down_ready=1
time     360 cycle    36     up_valid            down_valid             
time     370 cycle    37                         down_valid down_ready 8
time     380 cycle    38              up_ready   down_valid down_ready 2
time     390 cycle    39              up_ready   down_valid down_ready f
time     400 cycle    40              up_ready   down_valid down_ready b
time     410 cycle    41              up_ready              down_ready  
time     420 cycle    42              up_ready              down_ready  
time     430 cycle    43              up_ready              down_ready  
time     440 cycle    44              up_ready              down_ready  
time     450 cycle    45              up_ready              down_ready  
*** Random up_valid and down_ready
time     460 cycle    46              up_ready              down_ready  
time     470 cycle    47              up_ready                          
time     480 cycle    48     up_valid up_ready b                        
time     490 cycle    49     up_valid up_ready d down_valid down_ready b
time     500 cycle    50              up_ready   down_valid down_ready d
time     510 cycle    51              up_ready              down_ready  
time     520 cycle    52              up_ready              down_ready  
time     530 cycle    53              up_ready                          
time     540 cycle    54              up_ready                          
time     550 cycle    55     up_valid up_ready 2                        
time     560 cycle    56     up_valid up_ready 3 down_valid down_ready 2
time     570 cycle    57              up_ready   down_valid             
time     580 cycle    58              up_ready   down_valid down_ready 3
time     590 cycle    59              up_ready              down_ready  
time     600 cycle    60     up_valid up_ready f            down_ready  
time     610 cycle    61     up_valid up_ready 1 down_valid down_ready f
time     620 cycle    62              up_ready   down_valid             
time     630 cycle    63              up_ready   down_valid down_ready 1
time     640 cycle    64     up_valid up_ready e                        
time     650 cycle    65              up_ready   down_valid down_ready e
time     660 cycle    66              up_ready              down_ready  
time     670 cycle    67     up_valid up_ready b            down_ready  
time     680 cycle    68     up_valid up_ready e down_valid down_ready b
time     690 cycle    69              up_ready   down_valid down_ready e
time     700 cycle    70              up_ready              down_ready  
time     710 cycle    71              up_ready              down_ready  
time     720 cycle    72     up_valid up_ready 1                        
time     730 cycle    73              up_ready   down_valid down_ready 1
time     740 cycle    74              up_ready                          
time     750 cycle    75     up_valid up_ready e            down_ready  
time     760 cycle    76     up_valid up_ready e down_valid down_ready e
time     770 cycle    77              up_ready   down_valid down_ready e
time     780 cycle    78              up_ready              down_ready  
time     790 cycle    79              up_ready              down_ready  
time     800 cycle    80     up_valid up_ready 2                        
time     810 cycle    81              up_ready   down_valid down_ready 2
time     820 cycle    82              up_ready                          
time     830 cycle    83              up_ready              down_ready  
time     840 cycle    84              up_ready                          
time     850 cycle    85              up_ready                          
time     860 cycle    86              up_ready                          
time     870 cycle    87     up_valid up_ready d                        
time     880 cycle    88              up_ready   down_valid down_ready d
time     890 cycle    89     up_valid up_ready 9                        
time     900 cycle    90     up_valid up_ready 1 down_valid             
time     910 cycle    91              up_ready   down_valid down_ready 9
time     920 cycle    92              up_ready   down_valid down_ready 1
time     930 cycle    93     up_valid up_ready e            down_ready  
time     940 cycle    94              up_ready   down_valid             
time     950 cycle    95     up_valid up_ready 7 down_valid             
*** Draining the FIFO: up_valid=0, down_ready=1
time     960 cycle    96     up_valid up_ready f down_valid             
time     970 cycle    97              up_ready   down_valid down_ready e
time     980 cycle    98              up_ready   down_valid down_ready 7
time     990 cycle    99              up_ready   down_valid down_ready f
time    1000 cycle   100              up_ready              down_ready  
