Copyright 1986-2019 Xilinx, Inc. All Rights Reserved.
-----------------------------------------------------------------------------------------------------------------------------------------------------------------------------------------
| Tool Version : Vivado v.2019.2 (win64) Build 2708876 Wed Nov  6 21:40:23 MST 2019
| Date         : Mon Apr  3 15:20:27 2023
| Host         : T7 running 64-bit major release  (build 9200)
| Command      : report_methodology -file sine_taylor_shell_methodology_drc_routed.rpt -pb sine_taylor_shell_methodology_drc_routed.pb -rpx sine_taylor_shell_methodology_drc_routed.rpx
| Design       : sine_taylor_shell
| Device       : xc7a100tcsg324-1
| Speed File   : -1
| Design State : Fully Routed
-----------------------------------------------------------------------------------------------------------------------------------------------------------------------------------------

Report Methodology

Table of Contents
-----------------
1. REPORT SUMMARY
2. REPORT DETAILS

1. REPORT SUMMARY
-----------------
            Netlist: netlist
          Floorplan: design_1
      Design limits: <entire design considered>
             Max violations: <unlimited>
             Violations found: 70
+-----------+----------+-------------------------------+------------+
| Rule      | Severity | Description                   | Violations |
+-----------+----------+-------------------------------+------------+
| SYNTH-10  | Warning  | Wide multiplier               | 39         |
| SYNTH-11  | Warning  | DSP output not registered     | 1          |
| TIMING-18 | Warning  | Missing input or output delay | 30         |
+-----------+----------+-------------------------------+------------+

2. REPORT DETAILS
-----------------
SYNTH-10#1 Warning
Wide multiplier  
Detected multiplier at shell/deg_5/x_d_m_50 of size 18x13, it is decomposed from a wide multipler into 3 DSP blocks.
Related violations: <none>

SYNTH-10#2 Warning
Wide multiplier  
Detected multiplier at shell/deg_5/x_d_m_5_reg of size 15x13, it is decomposed from a wide multipler into 3 DSP blocks.
Related violations: <none>

SYNTH-10#3 Warning
Wide multiplier  
Detected multiplier at shell/deg_5/x_d_m_5_reg__0 of size 18x13, it is decomposed from a wide multipler into 3 DSP blocks.
Related violations: <none>

SYNTH-10#4 Warning
Wide multiplier  
Detected multiplier at shell/deg_7/x_d_m_60 of size 18x13, it is decomposed from a wide multipler into 4 DSP blocks.
Related violations: <none>

SYNTH-10#5 Warning
Wide multiplier  
Detected multiplier at shell/deg_7/x_d_m_60__0 of size 18x13, it is decomposed from a wide multipler into 4 DSP blocks.
Related violations: <none>

SYNTH-10#6 Warning
Wide multiplier  
Detected multiplier at shell/deg_7/x_d_m_6_reg of size 10x13, it is decomposed from a wide multipler into 4 DSP blocks.
Related violations: <none>

SYNTH-10#7 Warning
Wide multiplier  
Detected multiplier at shell/deg_7/x_d_m_6_reg__0 of size 18x13, it is decomposed from a wide multipler into 4 DSP blocks.
Related violations: <none>

SYNTH-10#8 Warning
Wide multiplier  
Detected multiplier at shell/deg_7/x_d_m_70 of size 18x13, it is decomposed from a wide multipler into 4 DSP blocks.
Related violations: <none>

SYNTH-10#9 Warning
Wide multiplier  
Detected multiplier at shell/deg_7/x_d_m_70__0 of size 18x13, it is decomposed from a wide multipler into 4 DSP blocks.
Related violations: <none>

SYNTH-10#10 Warning
Wide multiplier  
Detected multiplier at shell/deg_7/x_d_m_7_reg of size 22x13, it is decomposed from a wide multipler into 4 DSP blocks.
Related violations: <none>

SYNTH-10#11 Warning
Wide multiplier  
Detected multiplier at shell/deg_7/x_d_m_7_reg__0 of size 18x13, it is decomposed from a wide multipler into 4 DSP blocks.
Related violations: <none>

SYNTH-10#12 Warning
Wide multiplier  
Detected multiplier at shell/mul_const1/q_mul0 of size 18x21, it is decomposed from a wide multipler into 15 DSP blocks.
Related violations: <none>

SYNTH-10#13 Warning
Wide multiplier  
Detected multiplier at shell/mul_const1/q_mul0__0 of size 17x18, it is decomposed from a wide multipler into 15 DSP blocks.
Related violations: <none>

SYNTH-10#14 Warning
Wide multiplier  
Detected multiplier at shell/mul_const1/q_mul0__1 of size 18x18, it is decomposed from a wide multipler into 15 DSP blocks.
Related violations: <none>

SYNTH-10#15 Warning
Wide multiplier  
Detected multiplier at shell/mul_const1/q_mul0__2 of size 18x21, it is decomposed from a wide multipler into 15 DSP blocks.
Related violations: <none>

SYNTH-10#16 Warning
Wide multiplier  
Detected multiplier at shell/mul_const1/q_mul0__3 of size 18x18, it is decomposed from a wide multipler into 15 DSP blocks.
Related violations: <none>

SYNTH-10#17 Warning
Wide multiplier  
Detected multiplier at shell/mul_const1/q_mul0__4 of size 18x18, it is decomposed from a wide multipler into 15 DSP blocks.
Related violations: <none>

SYNTH-10#18 Warning
Wide multiplier  
Detected multiplier at shell/mul_const1/q_mul0__5 of size 18x18, it is decomposed from a wide multipler into 15 DSP blocks.
Related violations: <none>

SYNTH-10#19 Warning
Wide multiplier  
Detected multiplier at shell/mul_const1/q_mul0__6 of size 18x21, it is decomposed from a wide multipler into 15 DSP blocks.
Related violations: <none>

SYNTH-10#20 Warning
Wide multiplier  
Detected multiplier at shell/mul_const1/q_mul0__7 of size 18x18, it is decomposed from a wide multipler into 15 DSP blocks.
Related violations: <none>

SYNTH-10#21 Warning
Wide multiplier  
Detected multiplier at shell/mul_const1/q_mul0__8 of size 18x18, it is decomposed from a wide multipler into 15 DSP blocks.
Related violations: <none>

SYNTH-10#22 Warning
Wide multiplier  
Detected multiplier at shell/mul_const1/q_mul0__9 of size 18x18, it is decomposed from a wide multipler into 15 DSP blocks.
Related violations: <none>

SYNTH-10#23 Warning
Wide multiplier  
Detected multiplier at shell/mul_const1/q_mul_reg of size 17x21, it is decomposed from a wide multipler into 15 DSP blocks.
Related violations: <none>

SYNTH-10#24 Warning
Wide multiplier  
Detected multiplier at shell/mul_const1/q_mul_reg__0 of size 18x18, it is decomposed from a wide multipler into 15 DSP blocks.
Related violations: <none>

SYNTH-10#25 Warning
Wide multiplier  
Detected multiplier at shell/mul_const1/q_mul_reg__1 of size 18x21, it is decomposed from a wide multipler into 15 DSP blocks.
Related violations: <none>

SYNTH-10#26 Warning
Wide multiplier  
Detected multiplier at shell/mul_const2/q_mul0 of size 18x17, it is decomposed from a wide multipler into 15 DSP blocks.
Related violations: <none>

SYNTH-10#27 Warning
Wide multiplier  
Detected multiplier at shell/mul_const2/q_mul0__0 of size 17x18, it is decomposed from a wide multipler into 15 DSP blocks.
Related violations: <none>

SYNTH-10#28 Warning
Wide multiplier  
Detected multiplier at shell/mul_const2/q_mul0__1 of size 18x18, it is decomposed from a wide multipler into 15 DSP blocks.
Related violations: <none>

SYNTH-10#29 Warning
Wide multiplier  
Detected multiplier at shell/mul_const2/q_mul0__2 of size 18x17, it is decomposed from a wide multipler into 15 DSP blocks.
Related violations: <none>

SYNTH-10#30 Warning
Wide multiplier  
Detected multiplier at shell/mul_const2/q_mul0__3 of size 18x18, it is decomposed from a wide multipler into 15 DSP blocks.
Related violations: <none>

SYNTH-10#31 Warning
Wide multiplier  
Detected multiplier at shell/mul_const2/q_mul0__4 of size 18x18, it is decomposed from a wide multipler into 15 DSP blocks.
Related violations: <none>

SYNTH-10#32 Warning
Wide multiplier  
Detected multiplier at shell/mul_const2/q_mul0__5 of size 18x18, it is decomposed from a wide multipler into 15 DSP blocks.
Related violations: <none>

SYNTH-10#33 Warning
Wide multiplier  
Detected multiplier at shell/mul_const2/q_mul0__6 of size 18x17, it is decomposed from a wide multipler into 15 DSP blocks.
Related violations: <none>

SYNTH-10#34 Warning
Wide multiplier  
Detected multiplier at shell/mul_const2/q_mul0__7 of size 18x18, it is decomposed from a wide multipler into 15 DSP blocks.
Related violations: <none>

SYNTH-10#35 Warning
Wide multiplier  
Detected multiplier at shell/mul_const2/q_mul0__8 of size 18x18, it is decomposed from a wide multipler into 15 DSP blocks.
Related violations: <none>

SYNTH-10#36 Warning
Wide multiplier  
Detected multiplier at shell/mul_const2/q_mul0__9 of size 18x18, it is decomposed from a wide multipler into 15 DSP blocks.
Related violations: <none>

SYNTH-10#37 Warning
Wide multiplier  
Detected multiplier at shell/mul_const2/q_mul_reg of size 17x17, it is decomposed from a wide multipler into 15 DSP blocks.
Related violations: <none>

SYNTH-10#38 Warning
Wide multiplier  
Detected multiplier at shell/mul_const2/q_mul_reg__0 of size 18x18, it is decomposed from a wide multipler into 15 DSP blocks.
Related violations: <none>

SYNTH-10#39 Warning
Wide multiplier  
Detected multiplier at shell/mul_const2/q_mul_reg__1 of size 18x17, it is decomposed from a wide multipler into 15 DSP blocks.
Related violations: <none>

SYNTH-11#1 Warning
DSP output not registered  
DSP instance shell/deg_5/x_d_m_40 is not fully pipelined on the output side. MREG/PREG are not used.
Related violations: <none>

TIMING-18#1 Warning
Missing input or output delay  
An input delay is missing on arg_vld_sh_i relative to clock(s) clk_sh_i_100m
Related violations: <none>

TIMING-18#2 Warning
Missing input or output delay  
An input delay is missing on srst_sh_i relative to clock(s) clk_sh_i_100m
Related violations: <none>

TIMING-18#3 Warning
Missing input or output delay  
An input delay is missing on x_sh_i[0] relative to clock(s) clk_sh_i_100m
Related violations: <none>

TIMING-18#4 Warning
Missing input or output delay  
An input delay is missing on x_sh_i[10] relative to clock(s) clk_sh_i_100m
Related violations: <none>

TIMING-18#5 Warning
Missing input or output delay  
An input delay is missing on x_sh_i[11] relative to clock(s) clk_sh_i_100m
Related violations: <none>

TIMING-18#6 Warning
Missing input or output delay  
An input delay is missing on x_sh_i[1] relative to clock(s) clk_sh_i_100m
Related violations: <none>

TIMING-18#7 Warning
Missing input or output delay  
An input delay is missing on x_sh_i[2] relative to clock(s) clk_sh_i_100m
Related violations: <none>

TIMING-18#8 Warning
Missing input or output delay  
An input delay is missing on x_sh_i[3] relative to clock(s) clk_sh_i_100m
Related violations: <none>

TIMING-18#9 Warning
Missing input or output delay  
An input delay is missing on x_sh_i[4] relative to clock(s) clk_sh_i_100m
Related violations: <none>

TIMING-18#10 Warning
Missing input or output delay  
An input delay is missing on x_sh_i[5] relative to clock(s) clk_sh_i_100m
Related violations: <none>

TIMING-18#11 Warning
Missing input or output delay  
An input delay is missing on x_sh_i[6] relative to clock(s) clk_sh_i_100m
Related violations: <none>

TIMING-18#12 Warning
Missing input or output delay  
An input delay is missing on x_sh_i[7] relative to clock(s) clk_sh_i_100m
Related violations: <none>

TIMING-18#13 Warning
Missing input or output delay  
An input delay is missing on x_sh_i[8] relative to clock(s) clk_sh_i_100m
Related violations: <none>

TIMING-18#14 Warning
Missing input or output delay  
An input delay is missing on x_sh_i[9] relative to clock(s) clk_sh_i_100m
Related violations: <none>

TIMING-18#15 Warning
Missing input or output delay  
An output delay is missing on sinx_sh_o[0] relative to clock(s) clk_sh_i_100m
Related violations: <none>

TIMING-18#16 Warning
Missing input or output delay  
An output delay is missing on sinx_sh_o[10] relative to clock(s) clk_sh_i_100m
Related violations: <none>

TIMING-18#17 Warning
Missing input or output delay  
An output delay is missing on sinx_sh_o[11] relative to clock(s) clk_sh_i_100m
Related violations: <none>

TIMING-18#18 Warning
Missing input or output delay  
An output delay is missing on sinx_sh_o[12] relative to clock(s) clk_sh_i_100m
Related violations: <none>

TIMING-18#19 Warning
Missing input or output delay  
An output delay is missing on sinx_sh_o[13] relative to clock(s) clk_sh_i_100m
Related violations: <none>

TIMING-18#20 Warning
Missing input or output delay  
An output delay is missing on sinx_sh_o[14] relative to clock(s) clk_sh_i_100m
Related violations: <none>

TIMING-18#21 Warning
Missing input or output delay  
An output delay is missing on sinx_sh_o[15] relative to clock(s) clk_sh_i_100m
Related violations: <none>

TIMING-18#22 Warning
Missing input or output delay  
An output delay is missing on sinx_sh_o[1] relative to clock(s) clk_sh_i_100m
Related violations: <none>

TIMING-18#23 Warning
Missing input or output delay  
An output delay is missing on sinx_sh_o[2] relative to clock(s) clk_sh_i_100m
Related violations: <none>

TIMING-18#24 Warning
Missing input or output delay  
An output delay is missing on sinx_sh_o[3] relative to clock(s) clk_sh_i_100m
Related violations: <none>

TIMING-18#25 Warning
Missing input or output delay  
An output delay is missing on sinx_sh_o[4] relative to clock(s) clk_sh_i_100m
Related violations: <none>

TIMING-18#26 Warning
Missing input or output delay  
An output delay is missing on sinx_sh_o[5] relative to clock(s) clk_sh_i_100m
Related violations: <none>

TIMING-18#27 Warning
Missing input or output delay  
An output delay is missing on sinx_sh_o[6] relative to clock(s) clk_sh_i_100m
Related violations: <none>

TIMING-18#28 Warning
Missing input or output delay  
An output delay is missing on sinx_sh_o[7] relative to clock(s) clk_sh_i_100m
Related violations: <none>

TIMING-18#29 Warning
Missing input or output delay  
An output delay is missing on sinx_sh_o[8] relative to clock(s) clk_sh_i_100m
Related violations: <none>

TIMING-18#30 Warning
Missing input or output delay  
An output delay is missing on sinx_sh_o[9] relative to clock(s) clk_sh_i_100m
Related violations: <none>


