#-----------------------------------------------------------
# Vivado v2019.2 (64-bit)
# SW Build 2708876 on Wed Nov  6 21:40:23 MST 2019
# IP Build 2700528 on Thu Nov  7 00:09:20 MST 2019
# Start of session at: Sun Nov 20 18:17:41 2022
# Process ID: 10012
# Current directory: C:/rtl/alu/project_1
# Command line: vivado.exe -gui_launcher_event rodinguilauncherevent6980 C:\rtl\alu\project_1\project_1.xpr
# Log file: C:/rtl/alu/project_1/vivado.log
# Journal file: C:/rtl/alu/project_1\vivado.jou
#-----------------------------------------------------------
start_gui
open_project C:/rtl/alu/project_1/project_1.xpr
Scanning sources...
Finished scanning sources
INFO: [IP_Flow 19-234] Refreshing IP repositories
INFO: [IP_Flow 19-1704] No user IP repositories specified
INFO: [IP_Flow 19-2313] Loaded Vivado IP repository 'C:/Xilinx/Vivado/2019.2/data/ip'.
open_project: Time (s): cpu = 00:00:12 ; elapsed = 00:00:05 . Memory (MB): peak = 811.414 ; gain = 150.164
exit
INFO: [Common 17-206] Exiting Vivado at Sun Nov 20 18:18:31 2022...
