Vivado Simulator 2019.2
Time resolution is 1 ps
time       0 cycle     0                                                              
time      10 cycle     1                                                              
time      20 cycle     2                                                              
time      30 cycle     3                                                              
time      40 cycle     4 rst         a_ready           b_ready                        
time      50 cycle     5 rst         a_ready           b_ready                        
time      60 cycle     6 rst         a_ready           b_ready                        
*** Run back-to-back
time      70 cycle     7     a_valid a_ready b b_valid b_ready 1           sum_ready  
time      80 cycle     8     a_valid a_ready 1 b_valid b_ready 3 sum_valid sum_ready c
time      90 cycle     9     a_valid a_ready 1 b_valid b_ready a sum_valid sum_ready 4
time     100 cycle    10     a_valid a_ready f b_valid b_ready d sum_valid sum_ready b
time     110 cycle    11     a_valid a_ready c b_valid b_ready 9 sum_valid sum_ready c
time     120 cycle    12     a_valid a_ready d b_valid b_ready 2 sum_valid sum_ready 5
time     130 cycle    13     a_valid a_ready a b_valid b_ready 8 sum_valid sum_ready f
time     140 cycle    14     a_valid a_ready 7 b_valid b_ready a sum_valid sum_ready 2
time     150 cycle    15     a_valid a_ready e b_valid b_ready 5 sum_valid sum_ready 1
time     160 cycle    16     a_valid a_ready c b_valid b_ready 2 sum_valid sum_ready 3
time     170 cycle    17     a_valid a_ready 6 b_valid b_ready 8 sum_valid sum_ready e
time     180 cycle    18     a_valid a_ready a b_valid b_ready f sum_valid sum_ready e
time     190 cycle    19     a_valid a_ready 9 b_valid b_ready 4 sum_valid sum_ready 9
time     200 cycle    20     a_valid a_ready 1 b_valid b_ready 0 sum_valid sum_ready d
time     210 cycle    21     a_valid a_ready 1 b_valid b_ready 9 sum_valid sum_ready 1
time     220 cycle    22     a_valid a_ready 7 b_valid b_ready a sum_valid sum_ready a
time     230 cycle    23     a_valid a_ready d b_valid b_ready 2 sum_valid sum_ready 1
time     240 cycle    24     a_valid a_ready 8 b_valid b_ready 1 sum_valid sum_ready f
time     250 cycle    25     a_valid a_ready 2 b_valid b_ready 9 sum_valid sum_ready 9
time     260 cycle    26     a_valid a_ready 6 b_valid b_ready 7 sum_valid sum_ready b
*** Supplying only "a"
time     270 cycle    27     a_valid a_ready 9         b_ready   sum_valid sum_ready d
time     280 cycle    28     a_valid a_ready 3         b_ready             sum_ready  
time     290 cycle    29     a_valid a_ready d         b_ready             sum_ready  
time     300 cycle    30     a_valid                   b_ready             sum_ready  
time     310 cycle    31     a_valid                   b_ready             sum_ready  
time     320 cycle    32     a_valid                   b_ready             sum_ready  
time     330 cycle    33     a_valid                   b_ready             sum_ready  
time     340 cycle    34     a_valid                   b_ready             sum_ready  
time     350 cycle    35     a_valid                   b_ready             sum_ready  
time     360 cycle    36     a_valid                   b_ready             sum_ready  
time     370 cycle    37     a_valid                   b_ready             sum_ready  
time     380 cycle    38     a_valid                   b_ready             sum_ready  
time     390 cycle    39     a_valid                   b_ready             sum_ready  
time     400 cycle    40     a_valid                   b_ready             sum_ready  
time     410 cycle    41     a_valid                   b_ready             sum_ready  
time     420 cycle    42     a_valid                   b_ready             sum_ready  
time     430 cycle    43     a_valid                   b_ready             sum_ready  
time     440 cycle    44     a_valid                   b_ready             sum_ready  
time     450 cycle    45     a_valid                   b_ready             sum_ready  
time     460 cycle    46     a_valid                   b_ready             sum_ready  
*** Supplying only "b"
time     470 cycle    47                       b_valid b_ready 1           sum_ready  
time     480 cycle    48                       b_valid b_ready 2           sum_ready  
time     490 cycle    49                       b_valid b_ready 1           sum_ready  
time     500 cycle    50                       b_valid                     sum_ready  
time     510 cycle    51                       b_valid                     sum_ready  
time     520 cycle    52                       b_valid                     sum_ready  
time     530 cycle    53                       b_valid                     sum_ready  
time     540 cycle    54                       b_valid                     sum_ready  
time     550 cycle    55                       b_valid                     sum_ready  
time     560 cycle    56                       b_valid                     sum_ready  
time     570 cycle    57                       b_valid                     sum_ready  
time     580 cycle    58                       b_valid                     sum_ready  
time     590 cycle    59                       b_valid                     sum_ready  
time     600 cycle    60                       b_valid                     sum_ready  
time     610 cycle    61                       b_valid                     sum_ready  
time     620 cycle    62                       b_valid                     sum_ready  
time     630 cycle    63                       b_valid                     sum_ready  
time     640 cycle    64                       b_valid                     sum_ready  
time     650 cycle    65                       b_valid                     sum_ready  
time     660 cycle    66                       b_valid                     sum_ready  
*** Applying backpressure
time     670 cycle    67     a_valid           b_valid                                
time     680 cycle    68     a_valid a_ready 6 b_valid b_ready 4 sum_valid            
time     690 cycle    69     a_valid a_ready b b_valid b_ready 4 sum_valid            
time     700 cycle    70     a_valid a_ready f b_valid b_ready a sum_valid            
time     710 cycle    71     a_valid a_ready c b_valid b_ready b sum_valid            
time     720 cycle    72     a_valid           b_valid           sum_valid            
time     730 cycle    73     a_valid           b_valid           sum_valid            
time     740 cycle    74     a_valid           b_valid           sum_valid            
time     750 cycle    75     a_valid           b_valid           sum_valid            
time     760 cycle    76     a_valid           b_valid           sum_valid            
time     770 cycle    77     a_valid           b_valid           sum_valid            
time     780 cycle    78     a_valid           b_valid           sum_valid            
time     790 cycle    79     a_valid           b_valid           sum_valid            
time     800 cycle    80     a_valid           b_valid           sum_valid            
time     810 cycle    81     a_valid           b_valid           sum_valid            
time     820 cycle    82     a_valid           b_valid           sum_valid            
time     830 cycle    83     a_valid           b_valid           sum_valid            
time     840 cycle    84     a_valid           b_valid           sum_valid            
time     850 cycle    85     a_valid           b_valid           sum_valid            
time     860 cycle    86     a_valid           b_valid           sum_valid            
*** Draining the results
time     870 cycle    87                                         sum_valid sum_ready a
time     880 cycle    88                                         sum_valid sum_ready a
ERROR: downstream data mismatch. Expected 5, actual a
time     890 cycle    89                                         sum_valid sum_ready f
ERROR: downstream data mismatch. Expected e, actual f
time     900 cycle    90                                         sum_valid sum_ready 9
ERROR: downstream data mismatch. Expected a, actual 9
time     910 cycle    91                                                   sum_ready  
time     920 cycle    92                                                   sum_ready  
time     930 cycle    93                                                   sum_ready  
time     940 cycle    94                                                   sum_ready  
time     950 cycle    95                                                   sum_ready  
time     960 cycle    96                                                   sum_ready  
time     970 cycle    97                                                   sum_ready  
time     980 cycle    98                                                   sum_ready  
time     990 cycle    99                                                   sum_ready  
time    1000 cycle   100                                                   sum_ready  
ERROR: data is left sitting in the model a_queue: c f b
ERROR: data is left sitting in the model b_queue: b a 4
