#
# A fatal error has been detected by the Java Runtime Environment:
#
#  EXCEPTION_ACCESS_VIOLATION (0xc0000005) at pc=0x00007ffac1757710, pid=9680, tid=14392
#
# JRE version: Java(TM) SE Runtime Environment (9.0+11) (build 9.0.4+11)
# Java VM: Java HotSpot(TM) 64-Bit Server VM (9.0.4+11, mixed mode, tiered, compressed oops, g1 gc, windows-amd64)
# Problematic frame:
# C  [librdi_simdata.dll+0x87710]
#
# No core dump will be written. Minidumps are not enabled by default on client versions of Windows
#
# If you would like to submit a bug report, please visit:
#   http://bugreport.java.com/bugreport/crash.jsp
# The crash happened outside the Java Virtual Machine in native code.
# See problematic frame for where to report the bug.
#

---------------  S U M M A R Y ------------

Command Line: -Dsun.java2d.pmoffscreen=false -Dsun.java2d.xrender=false -Dsun.java2d.d3d=false -Dsun.awt.nopixfmt=true -Dsun.java2d.dpiaware=true -Dsun.java2d.uiScale.enabled=false -Xverify:none -Dswing.aatext=true -XX:-UsePerfData -Djdk.map.althashing.threshold=512 -XX:StringTableSize=4072 --add-opens=java.base/java.nio=ALL-UNNAMED --add-opens=java.desktop/sun.swing=ALL-UNNAMED --add-opens=java.desktop/javax.swing=ALL-UNNAMED --add-opens=java.desktop/javax.swing.tree=ALL-UNNAMED --add-opens=java.desktop/javax.swing.plaf.basic=ALL-UNNAMED --add-opens=java.desktop/javax.swing.plaf.synth=ALL-UNNAMED --add-opens=java.desktop/com.sun.awt=ALL-UNNAMED -XX:NewSize=60m -XX:MaxNewSize=60m -Xms128m -Xmx3072m -Xss5m 

Host: 11th Gen Intel(R) Core(TM) i3-1115G4 @ 3.00GHz, 4 cores, 7G,  Windows 10 , 64 bit Build 19041 (10.0.19041.1889)
Time: Thu Nov 03 13:34:26 2022 RTZ 2 (ceia) elapsed time: 4387 seconds (0d 1h 13m 7s)

---------------  T H R E A D  ---------------

Current thread (0x00000139fe6b3800):  JavaThread "AWT-EventQueue-1" [_thread_in_native, id=14392, stack(0x0000002707500000,0x0000002707a00000)]

Stack: [0x0000002707500000,0x0000002707a00000],  sp=0x00000027079f45e0,  free space=5073k
Native frames: (J=compiled Java code, j=interpreted, Vv=VM code, C=native code)
C  [librdi_simdata.dll+0x87710]
C  [librdi_simdata.dll+0x87526]
C  [librdi_simdata.dll+0x49195]
C  [librdi_simdata.dll+0x9d47e]
C  0x000001398ee088da

Java frames: (J=compiled Java code, j=interpreted, Vv=VM code)
J 21893  ui.views.simulator.executive.simulationi.SimulationExecutive_getTreeWindowData(JILjava/lang/String;)Ljava/lang/String; (0 bytes) @ 0x000001398ee0883d [0x000001398ee087e0+0x000000000000005d]
J 21891 c1 ui.views.O.c.a.a(Lui/views/O/j/f;Z)Lui/views/waveform/executive/protobuf/WVTree$WVTreeMessage; (96 bytes) @ 0x0000013987fe0fcc [0x0000013987fe0e80+0x000000000000014c]
J 21175 c1 ui.views.O.i.f.load()V (107 bytes) @ 0x00000139895118ac [0x00000139895110e0+0x00000000000007cc]
J 21257 c1 ui.views.O.f.d.a(Lui/frmwork/b/i;)V (177 bytes) @ 0x00000139894c1944 [0x00000139894c0020+0x0000000000001924]
J 25851 c2 ui.frmwork.b.l.d(Lui/frmwork/b/i;)V (61 bytes) @ 0x000001398feda5a8 [0x000001398feda440+0x0000000000000168]
J 24733 c2 ui.frmwork.G.i(JZ)V (471 bytes) @ 0x000001398f99e9e8 [0x000001398f99d360+0x0000000000001688]
j  ui.frmwork.G.fireTclEvent(J)I+96
v  ~StubRoutines::call_stub
J 25978  ui.views.simulator.executive.simulationi.SimulationExecutive_setTreeWindowTreeHeight(JII)V (0 bytes) @ 0x000001398ff03729 [0x000001398ff036e0+0x0000000000000049]
J 25977 c1 ui.views.O.c.a.b(Lui/views/O/j/f;I)V (21 bytes) @ 0x0000013988b11a04 [0x0000013988b11940+0x00000000000000c4]
j  ui.views.O.i.f.gzG()V+69
j  ui.views.O.i.i.componentResized(Ljava/awt/event/ComponentEvent;)V+4
J 20097 c2 java.awt.Container.processEvent(Ljava/awt/AWTEvent;)V java.desktop@9.0.4 (22 bytes) @ 0x000001398f898220 [0x000001398f897fc0+0x0000000000000260]
J 26061 c1 java.awt.Component.dispatchEventImpl(Ljava/awt/AWTEvent;)V java.desktop@9.0.4 (739 bytes) @ 0x000001398932ddf4 [0x0000013989329fc0+0x0000000000003e34]
J 26275 c2 java.awt.Container.dispatchEventImpl(Ljava/awt/AWTEvent;)V java.desktop@9.0.4 (129 bytes) @ 0x000001398ffdceb0 [0x000001398ffdcdc0+0x00000000000000f0]
J 13178 c2 java.awt.EventQueue$3.run()Ljava/lang/Object; java.desktop@9.0.4 (5 bytes) @ 0x000001398ef96944 [0x000001398ef96320+0x0000000000000624]
v  ~StubRoutines::call_stub
J 3791  java.security.AccessController.doPrivileged(Ljava/security/PrivilegedAction;Ljava/security/AccessControlContext;)Ljava/lang/Object; java.base@9.0.4 (0 bytes) @ 0x000001398e7ebac6 [0x000001398e7eba60+0x0000000000000066]
J 14617 c2 java.awt.EventQueue$4.run()Ljava/lang/Object; java.desktop@9.0.4 (5 bytes) @ 0x000001398f2509c0 [0x000001398f250760+0x0000000000000260]
v  ~StubRoutines::call_stub
J 3791  java.security.AccessController.doPrivileged(Ljava/security/PrivilegedAction;Ljava/security/AccessControlContext;)Ljava/lang/Object; java.base@9.0.4 (0 bytes) @ 0x000001398e7ebac6 [0x000001398e7eba60+0x0000000000000066]
J 13161 c2 ui.frmwork.b.d.dispatchEvent(Ljava/awt/AWTEvent;)V (34 bytes) @ 0x000001398ef931a8 [0x000001398ef92d80+0x0000000000000428]
J 26225 c2 java.awt.EventDispatchThread.pumpOneEventForFilters(I)V java.desktop@9.0.4 (218 bytes) @ 0x000001398ffcef84 [0x000001398ffceb20+0x0000000000000464]
J 20356 c2 java.awt.EventDispatchThread.pumpEventsForFilter(ILjava/awt/Conditional;Ljava/awt/EventFilter;)V java.desktop@9.0.4 (47 bytes) @ 0x000001398eb1cbcc [0x000001398eb1c9e0+0x00000000000001ec]
j  java.awt.EventDispatchThread.pumpEventsForFilter(Ljava/awt/Conditional;Ljava/awt/EventFilter;)V+4 java.desktop@9.0.4
j  java.awt.WaitDispatchSupport$2.run()V+59 java.desktop@9.0.4
j  java.awt.WaitDispatchSupport$4.run()Ljava/lang/Void;+4 java.desktop@9.0.4
j  java.awt.WaitDispatchSupport$4.run()Ljava/lang/Object;+1 java.desktop@9.0.4
v  ~StubRoutines::call_stub
J 1020  java.security.AccessController.doPrivileged(Ljava/security/PrivilegedAction;)Ljava/lang/Object; java.base@9.0.4 (0 bytes) @ 0x000001398e65e032 [0x000001398e65dfe0+0x0000000000000052]
j  java.awt.WaitDispatchSupport.enter()Z+260 java.desktop@9.0.4
j  java.awt.Dialog.show()V+225 java.desktop@9.0.4
J 12693 c1 java.awt.Component.setVisible(Z)V java.desktop@9.0.4 (6 bytes) @ 0x0000013988fe53cc [0x0000013988fe51e0+0x00000000000001ec]
j  java.awt.Window.setVisible(Z)V+2 java.desktop@9.0.4
j  java.awt.Dialog.setVisible(Z)V+2 java.desktop@9.0.4
j  ui.b.c.g.setVisible(Z)V+2
j  ui.b.c.bB.showDialog()V+64
j  ui.b.c.bI.actionPerformed(Ljava/awt/event/ActionEvent;)V+8
j  ui.b.c.bB.cSz()V+396
j  ui.views.c.t.b.a.run()V+60
j  ui.frmwork.a.epE()Z+66
j  ui.frmwork.Y.erq()V+42
j  ui.bm.actionPerformed(Ljava/awt/event/ActionEvent;)V+25
j  javax.swing.AbstractButton.fireActionPerformed(Ljava/awt/event/ActionEvent;)V+84 java.desktop@9.0.4
j  ui.utils.p.b.E.fireActionPerformed(Ljava/awt/event/ActionEvent;)V+7
j  javax.swing.AbstractButton$Handler.actionPerformed(Ljava/awt/event/ActionEvent;)V+5 java.desktop@9.0.4
j  javax.swing.DefaultButtonModel.fireActionPerformed(Ljava/awt/event/ActionEvent;)V+34 java.desktop@9.0.4
J 23092 c1 javax.swing.DefaultButtonModel.setPressed(Z)V java.desktop@9.0.4 (125 bytes) @ 0x0000013989d2c6c4 [0x0000013989d2b800+0x0000000000000ec4]
j  javax.swing.plaf.basic.BasicButtonListener.mouseReleased(Ljava/awt/event/MouseEvent;)V+35 java.desktop@9.0.4
j  com.jidesoft.plaf.basic.BasicJideButtonListener.mouseReleased(Ljava/awt/event/MouseEvent;)V+61
J 17585 c1 java.awt.AWTEventMulticaster.mouseReleased(Ljava/awt/event/MouseEvent;)V java.desktop@9.0.4 (27 bytes) @ 0x000001398843c88c [0x000001398843c680+0x000000000000020c]
J 17585 c1 java.awt.AWTEventMulticaster.mouseReleased(Ljava/awt/event/MouseEvent;)V java.desktop@9.0.4 (27 bytes) @ 0x000001398843c88c [0x000001398843c680+0x000000000000020c]
J 17585 c1 java.awt.AWTEventMulticaster.mouseReleased(Ljava/awt/event/MouseEvent;)V java.desktop@9.0.4 (27 bytes) @ 0x000001398843c88c [0x000001398843c680+0x000000000000020c]
J 24391 c2 javax.swing.JComponent.processMouseEvent(Ljava/awt/event/MouseEvent;)V java.desktop@9.0.4 (27 bytes) @ 0x000001398f4cc490 [0x000001398f4cc2a0+0x00000000000001f0]
J 20097 c2 java.awt.Container.processEvent(Ljava/awt/AWTEvent;)V java.desktop@9.0.4 (22 bytes) @ 0x000001398f898154 [0x000001398f897fc0+0x0000000000000194]
J 26061 c1 java.awt.Component.dispatchEventImpl(Ljava/awt/AWTEvent;)V java.desktop@9.0.4 (739 bytes) @ 0x000001398932ddf4 [0x0000013989329fc0+0x0000000000003e34]
J 26275 c2 java.awt.Container.dispatchEventImpl(Ljava/awt/AWTEvent;)V java.desktop@9.0.4 (129 bytes) @ 0x000001398ffdceb0 [0x000001398ffdcdc0+0x00000000000000f0]
J 26211 c2 java.awt.LightweightDispatcher.retargetMouseEvent(Ljava/awt/Component;ILjava/awt/event/MouseEvent;)V java.desktop@9.0.4 (350 bytes) @ 0x000001398ffb5868 [0x000001398ffb52c0+0x00000000000005a8]
J 26275 c2 java.awt.Container.dispatchEventImpl(Ljava/awt/AWTEvent;)V java.desktop@9.0.4 (129 bytes) @ 0x000001398ffdd534 [0x000001398ffdcdc0+0x0000000000000774]
J 15236 c2 java.awt.Window.dispatchEventImpl(Ljava/awt/AWTEvent;)V java.desktop@9.0.4 (23 bytes) @ 0x000001398f30568c [0x000001398f305640+0x000000000000004c]
J 13178 c2 java.awt.EventQueue$3.run()Ljava/lang/Object; java.desktop@9.0.4 (5 bytes) @ 0x000001398ef96944 [0x000001398ef96320+0x0000000000000624]
v  ~StubRoutines::call_stub
J 3791  java.security.AccessController.doPrivileged(Ljava/security/PrivilegedAction;Ljava/security/AccessControlContext;)Ljava/lang/Object; java.base@9.0.4 (0 bytes) @ 0x000001398e7ebac6 [0x000001398e7eba60+0x0000000000000066]
J 14617 c2 java.awt.EventQueue$4.run()Ljava/lang/Object; java.desktop@9.0.4 (5 bytes) @ 0x000001398f2509c0 [0x000001398f250760+0x0000000000000260]
v  ~StubRoutines::call_stub
J 3791  java.security.AccessController.doPrivileged(Ljava/security/PrivilegedAction;Ljava/security/AccessControlContext;)Ljava/lang/Object; java.base@9.0.4 (0 bytes) @ 0x000001398e7ebac6 [0x000001398e7eba60+0x0000000000000066]
J 13161 c2 ui.frmwork.b.d.dispatchEvent(Ljava/awt/AWTEvent;)V (34 bytes) @ 0x000001398ef931a8 [0x000001398ef92d80+0x0000000000000428]
J 26225 c2 java.awt.EventDispatchThread.pumpOneEventForFilters(I)V java.desktop@9.0.4 (218 bytes) @ 0x000001398ffcef84 [0x000001398ffceb20+0x0000000000000464]
J 20342% c2 java.awt.EventDispatchThread.pumpEventsForFilter(ILjava/awt/Conditional;Ljava/awt/EventFilter;)V java.desktop@9.0.4 (47 bytes) @ 0x000001398e7fde78 [0x000001398e7fdd60+0x0000000000000118]
j  java.awt.EventDispatchThread.pumpEventsForHierarchy(ILjava/awt/Conditional;Ljava/awt/Component;)V+11 java.desktop@9.0.4
j  java.awt.EventDispatchThread.pumpEvents(ILjava/awt/Conditional;)V+4 java.desktop@9.0.4
j  java.awt.EventDispatchThread.pumpEvents(Ljava/awt/Conditional;)V+3 java.desktop@9.0.4
j  java.awt.EventDispatchThread.run()V+9 java.desktop@9.0.4
v  ~StubRoutines::call_stub

siginfo: EXCEPTION_ACCESS_VIOLATION (0xc0000005), reading address 0x00000038000004cd


Register to memory mapping:

RIP=0x00007ffac1757710 librdi_simdata.dll
RAX=0x00000139f273b2e8 is an unknown value
RBX=0x00000027079f46e8 is pointing into the stack for thread: 0x00000139fe6b3800
RCX=0x0000000000000002 is an unknown value
RDX=0x00007ffac18a1828 librdi_simdata.dll
RSP=0x00000027079f45e0 is pointing into the stack for thread: 0x00000139fe6b3800
RBP=0x00000139f273b2e8 is an unknown value
RSI=0x00000027079f47d0 is pointing into the stack for thread: 0x00000139fe6b3800
RDI=0x0000000000018386 is an unknown value
R8 =0x00007ffac18a1810 librdi_simdata.dll
R9 =0x00007ffac18a1828 librdi_simdata.dll
R10=0x0000000000000003 is an unknown value
R11=0x00000027079f45b0 is pointing into the stack for thread: 0x00000139fe6b3800
R12=0x1fffffffffffffff is an unknown value
R13=0x0000000000000000 is an unknown value
R14=0x00000038000004cd is an unknown value
R15=0x00000027079f4898 is pointing into the stack for thread: 0x00000139fe6b3800


Registers:
RAX=0x00000139f273b2e8, RBX=0x00000027079f46e8, RCX=0x0000000000000002, RDX=0x00007ffac18a1828
RSP=0x00000027079f45e0, RBP=0x00000139f273b2e8, RSI=0x00000027079f47d0, RDI=0x0000000000018386
R8 =0x00007ffac18a1810, R9 =0x00007ffac18a1828, R10=0x0000000000000003, R11=0x00000027079f45b0
R12=0x1fffffffffffffff, R13=0x0000000000000000, R14=0x00000038000004cd, R15=0x00000027079f4898
RIP=0x00007ffac1757710, EFLAGS=0x0000000000010202

Top of Stack: (sp=0x00000027079f45e0)
0x00000027079f45e0:   0000000400000003 00000027079f46e8
0x00000027079f45f0:   00000027079f47d0 00000139a7848370
0x00000027079f4600:   0000000000000000 00007ffa00000003
0x00000027079f4610:   00000027079f4898 00000139a3a6c330
0x00000027079f4620:   0000000000000001 00000027079f48d0
0x00000027079f4630:   00000027079f46c8 00007ffac1757526
0x00000027079f4640:   00000027079f4898 00000027079f47d0
0x00000027079f4650:   00000139a418c520 00000139a3a6c330
0x00000027079f4660:   fffffffffffffffe 0000000000000000
0x00000027079f4670:   00000038000004cd 00007ffac1719195
0x00000027079f4680:   00000027079f46c8 0000000000000000
0x00000027079f4690:   0000000000000000 0000000000000000
0x00000027079f46a0:   fffffffffffffffe 00007ffa98e268f8
0x00000027079f46b0:   00000139a081f7b0 00000139fe6b3a18
0x00000027079f46c0:   fffffffffffffffe 00007ffac1881410
0x00000027079f46d0:   00000038000004cd 00000139f273b2e8 

Instructions: (pc=0x00007ffac1757710)
0x00007ffac17576f0:   48 89 7c 24 70 bf 86 83 01 00 4c 89 64 24 78 49
0x00007ffac1757700:   bc ff ff ff ff ff ff ff 1f 4c 89 7c 24 30 66 90
0x00007ffac1757710:   49 8b 06 49 8b ce ff 90 b0 00 00 00 44 8b f8 41
0x00007ffac1757720:   8b f5 85 c0 0f 8e 91 01 00 00 66 0f 1f 44 00 00 



---------------  P R O C E S S  ---------------

Java Threads: ( => current thread )
  0x00000139a2d2f800 JavaThread "Relaunch Simulation Thread" [_thread_blocked, id=1692, stack(0x000000270e100000,0x000000270e600000)]
  0x00000139a2d34000 JavaThread "Image Fetcher 0" daemon [_thread_blocked, id=13388, stack(0x000000270dc00000,0x000000270e100000)]
  0x00000139a2d36800 JavaThread "Monitor File Timestamp Swing Worker Thread" [_thread_blocked, id=13660, stack(0x000000270e600000,0x000000270eb00000)]
  0x00000139a2d35800 JavaThread "Timer-4" [_thread_blocked, id=5388, stack(0x000000270a000000,0x000000270a500000)]
  0x00000139a2d2e000 JavaThread "SyntheticaAnimation 50" daemon [_thread_blocked, id=10692, stack(0x000000270d700000,0x000000270dc00000)]
  0x00000139a2d2a800 JavaThread "Monitor File Timestamp Swing Worker Thread" [_thread_blocked, id=1492, stack(0x000000270c800000,0x000000270cd00000)]
  0x00000139a2d31000 JavaThread "Timer-2" [_thread_blocked, id=2156, stack(0x000000270af00000,0x000000270b400000)]
  0x00000139a2d38000 JavaThread "ForkJoinPool.commonPool-worker-1" daemon [_thread_blocked, id=9204, stack(0x000000270cd00000,0x000000270d200000)]
  0x00000139a2d37000 JavaThread "Image Animator 0" daemon [_thread_blocked, id=14108, stack(0x000000270aa00000,0x000000270af00000)]
  0x00000139a2d2c800 JavaThread "SyntheticaAnimation 50" daemon [_thread_blocked, id=3084, stack(0x000000270c300000,0x000000270c800000)]
  0x00000139a2d32000 JavaThread "Monitor File Timestamp Swing Worker Thread" [_thread_blocked, id=8, stack(0x000000270be00000,0x000000270c300000)]
  0x00000139a2d2c000 JavaThread "Timer-0" [_thread_blocked, id=5144, stack(0x000000270b400000,0x000000270b900000)]
  0x00000139a2d2f000 JavaThread "Update Runs Swing Worker Thread" [_thread_blocked, id=8384, stack(0x000000270b900000,0x000000270be00000)]
  0x00000139a2d2d800 JavaThread "hw_ila_monitor" [_thread_blocked, id=13152, stack(0x000000270a500000,0x000000270aa00000)]
  0x00000139ef4d3000 JavaThread "Refresh Filesets Swing Worker Thread" [_thread_blocked, id=9544, stack(0x0000002706600000,0x0000002706b00000)]
  0x00000139ef4d4800 JavaThread "SyntheticaAnimation 70" daemon [_thread_blocked, id=9956, stack(0x0000002708400000,0x0000002708900000)]
  0x00000139ef4d9800 JavaThread "Swing-Shell" daemon [_thread_blocked, id=14988, stack(0x0000002707a00000,0x0000002707f00000)]
  0x00000139ef4d7800 JavaThread "SyntheticaAnimation 25" daemon [_thread_blocked, id=11580, stack(0x0000002709b00000,0x000000270a000000)]
  0x00000139ef4d6800 JavaThread "SyntheticaAnimation 50" daemon [_thread_blocked, id=7164, stack(0x0000002709600000,0x0000002709b00000)]
  0x00000139ef4d5000 JavaThread "Monitor HEventQueue Thread" [_thread_blocked, id=8892, stack(0x0000002709100000,0x0000002709600000)]
  0x00000139ef4d3800 JavaThread "SyntheticaCleanerThread" daemon [_thread_blocked, id=2448, stack(0x0000002707f00000,0x0000002708400000)]
  0x00000139ef4d9000 JavaThread "Batik CleanerThread" daemon [_thread_blocked, id=7332, stack(0x0000002706b00000,0x0000002707000000)]
=>0x00000139fe6b3800 JavaThread "AWT-EventQueue-1" [_thread_in_native, id=14392, stack(0x0000002707500000,0x0000002707a00000)]
  0x00000139fe79a800 JavaThread "Process Messages Thread" [_thread_blocked, id=5100, stack(0x0000002707000000,0x0000002707500000)]
  0x00000139fe2ce800 JavaThread "Thread-1" [_thread_in_native, id=11756, stack(0x0000002700800000,0x0000002701c00000)]
  0x00000139fe8ec000 JavaThread "TimerQueue" daemon [_thread_blocked, id=868, stack(0x0000002706100000,0x0000002706600000)]
  0x00000139f2ba8800 JavaThread "AWT-Windows" daemon [_thread_in_native, id=5956, stack(0x0000002705c00000,0x0000002706100000)]
  0x00000139f2e25800 JavaThread "AWT-Shutdown" [_thread_blocked, id=10372, stack(0x0000002705700000,0x0000002705c00000)]
  0x00000139f2afc800 JavaThread "Java2D Disposer" daemon [_thread_blocked, id=9892, stack(0x0000002705200000,0x0000002705700000)]
  0x00000139f2afa000 JavaThread "Service Thread" daemon [_thread_blocked, id=12540, stack(0x0000002704c00000,0x0000002705100000)]
  0x00000139fa57a000 JavaThread "Common-Cleaner" daemon [_thread_blocked, id=4704, stack(0x0000002704700000,0x0000002704c00000)]
  0x00000139ef4d8000 JavaThread "Sweeper thread" daemon [_thread_blocked, id=12568, stack(0x0000002704200000,0x0000002704700000)]
  0x00000139ef4d2000 JavaThread "C1 CompilerThread2" daemon [_thread_blocked, id=4276, stack(0x0000002704100000,0x0000002704200000)]
  0x00000139ef4cf800 JavaThread "C2 CompilerThread1" daemon [_thread_blocked, id=10376, stack(0x0000002704000000,0x0000002704100000)]
  0x00000139ef4c8800 JavaThread "C2 CompilerThread0" daemon [_thread_blocked, id=12180, stack(0x0000002703f00000,0x0000002704000000)]
  0x00000139ef4c8000 JavaThread "Attach Listener" daemon [_thread_blocked, id=10368, stack(0x0000002703a00000,0x0000002703f00000)]
  0x00000139ef4c7000 JavaThread "Signal Dispatcher" daemon [_thread_blocked, id=6972, stack(0x0000002703500000,0x0000002703a00000)]
  0x00000139fa4d7000 JavaThread "Finalizer" daemon [_thread_blocked, id=6052, stack(0x0000002703000000,0x0000002703500000)]
  0x00000139f6959800 JavaThread "Reference Handler" daemon [_thread_blocked, id=13384, stack(0x0000002702b00000,0x0000002703000000)]
  0x00000139f3b67800 JavaThread "main" [_thread_blocked, id=9724, stack(0x0000002700700000,0x0000002700800000)]

Other Threads:
  0x00000139ef644000 VMThread "VM Thread" [stack: 0x0000002702a00000,0x0000002702b00000] [id=14024]
  0x00000139f2bf3800 WatcherThread [stack: 0x0000002705100000,0x0000002705200000] [id=6580]
  0x00000139ed416000 GCTaskThread "GC Thread#0" [stack: 0x0000002701f00000,0x0000002702000000] [id=5592]
  0x00000139f3d96000 GCTaskThread "GC Thread#1" [stack: 0x0000002702000000,0x0000002702100000] [id=1512]
  0x00000139f6656000 GCTaskThread "GC Thread#2" [stack: 0x0000002702100000,0x0000002702200000] [id=12392]
  0x00000139f6656800 GCTaskThread "GC Thread#3" [stack: 0x0000002702200000,0x0000002702300000] [id=6980]
  0x00000139f6961800 ConcurrentGCThread "G1 Main Marker" [stack: 0x0000002702800000,0x0000002702900000] [id=1424]
  0x00000139f6962000 ConcurrentGCThread "G1 Marker#0" [stack: 0x0000002702900000,0x0000002702a00000] [id=3912]
  0x00000139f38f3800 ConcurrentGCThread "G1 Refine#0" [stack: 0x0000002702600000,0x0000002702700000] [id=9152]
  0x00000139f662a800 ConcurrentGCThread "G1 Refine#1" [stack: 0x0000002702500000,0x0000002702600000] [id=124]
  0x00000139f3e95800 ConcurrentGCThread "G1 Refine#2" [stack: 0x0000002702400000,0x0000002702500000] [id=13352]
  0x00000139f3c8d000 ConcurrentGCThread "G1 Refine#3" [stack: 0x0000002702300000,0x0000002702400000] [id=11208]
  0x00000139f662b800 ConcurrentGCThread "G1 Young RemSet Sampling" [stack: 0x0000002702700000,0x0000002702800000] [id=3260]

Threads with active compile tasks:

VM state:not at safepoint (normal execution)

VM Mutex/Monitor currently owned by a thread: None

Heap address: 0x0000000700000000, size: 3072 MB, Compressed Oops mode: Zero based, Oop shift amount: 3
Narrow klass base: 0x0000000000000000, Narrow klass shift: 3
Compressed class space size: 1073741824 Address: 0x00000007c0000000

Heap:
 garbage-first heap   total 271360K, used 87523K [0x0000000700000000, 0x0000000700100848, 0x00000007c0000000)
  region size 1024K, 7 young (7168K), 0 survivors (0K)
 Metaspace       used 88211K, capacity 92555K, committed 95792K, reserved 1132544K
  class space    used 11633K, capacity 12450K, committed 13104K, reserved 1048576K
Heap Regions: E=young(eden), S=young(survivor), O=old, HS=humongous(starts), HC=humongous(continues), CS=collection set, F=free, A=archive, TS=gc time stamp, AC=allocation context, TAMS=top-at-mark-start (previous, next)
|   0|0x0000000700000000, 0x00000007000ffff0, 0x0000000700100000| 99%| O|  |TS  0|AC  0|TAMS 0x0000000700000000, 0x0000000700000000|
|   1|0x0000000700100000, 0x00000007001ff698, 0x0000000700200000| 99%| O|  |TS  0|AC  0|TAMS 0x0000000700100000, 0x0000000700100000|
|   2|0x0000000700200000, 0x00000007002ca070, 0x0000000700300000| 78%| O|  |TS  0|AC  0|TAMS 0x0000000700200000, 0x0000000700200000|
|   3|0x0000000700300000, 0x00000007003fac20, 0x0000000700400000| 97%| O|  |TS  0|AC  0|TAMS 0x0000000700300000, 0x0000000700300000|
|   4|0x0000000700400000, 0x0000000700500000, 0x0000000700500000|100%|HS|  |TS  0|AC  0|TAMS 0x0000000700400000, 0x0000000700400000|
|   5|0x0000000700500000, 0x0000000700600000, 0x0000000700600000|100%|HC|  |TS  0|AC  0|TAMS 0x0000000700500000, 0x0000000700500000|
|   6|0x0000000700600000, 0x0000000700700000, 0x0000000700700000|100%|HS|  |TS  0|AC  0|TAMS 0x0000000700600000, 0x0000000700600000|
|   7|0x0000000700700000, 0x00000007007c5cd8, 0x0000000700800000| 77%| O|  |TS  0|AC  0|TAMS 0x0000000700700000, 0x0000000700700000|
|   8|0x0000000700800000, 0x00000007008ffff8, 0x0000000700900000| 99%| O|  |TS  0|AC  0|TAMS 0x0000000700800000, 0x0000000700800000|
|   9|0x0000000700900000, 0x00000007009fffd8, 0x0000000700a00000| 99%| O|  |TS  0|AC  0|TAMS 0x0000000700900000, 0x0000000700900000|
|  10|0x0000000700a00000, 0x0000000700afffe8, 0x0000000700b00000| 99%| O|  |TS  0|AC  0|TAMS 0x0000000700a00000, 0x0000000700a00000|
|  11|0x0000000700b00000, 0x0000000700bffff8, 0x0000000700c00000| 99%| O|  |TS  0|AC  0|TAMS 0x0000000700b00000, 0x0000000700b00000|
|  12|0x0000000700c00000, 0x0000000700cf4f20, 0x0000000700d00000| 95%| O|  |TS  0|AC  0|TAMS 0x0000000700c00000, 0x0000000700c00000|
|  13|0x0000000700d00000, 0x0000000700dfffb8, 0x0000000700e00000| 99%| O|  |TS  0|AC  0|TAMS 0x0000000700d00000, 0x0000000700d00000|
|  14|0x0000000700e00000, 0x0000000700efffd8, 0x0000000700f00000| 99%| O|  |TS  0|AC  0|TAMS 0x0000000700e00000, 0x0000000700e00000|
|  15|0x0000000700f00000, 0x0000000700ff0828, 0x0000000701000000| 93%| O|  |TS  0|AC  0|TAMS 0x0000000700f00000, 0x0000000700f00000|
|  16|0x0000000701000000, 0x00000007010e3628, 0x0000000701100000| 88%| O|  |TS  0|AC  0|TAMS 0x0000000701000000, 0x0000000701000000|
|  17|0x0000000701100000, 0x00000007011fffa8, 0x0000000701200000| 99%| O|  |TS  0|AC  0|TAMS 0x0000000701100000, 0x0000000701100000|
|  18|0x0000000701200000, 0x00000007012f7b08, 0x0000000701300000| 96%| O|  |TS  0|AC  0|TAMS 0x0000000701200000, 0x0000000701200000|
|  19|0x0000000701300000, 0x00000007013ffff0, 0x0000000701400000| 99%| O|  |TS  0|AC  0|TAMS 0x0000000701300000, 0x0000000701300000|
|  20|0x0000000701400000, 0x00000007014ffc80, 0x0000000701500000| 99%| O|  |TS  0|AC  0|TAMS 0x0000000701400000, 0x0000000701400000|
|  21|0x0000000701500000, 0x0000000701600000, 0x0000000701600000|100%|HS|  |TS  0|AC  0|TAMS 0x0000000701500000, 0x0000000701500000|
|  22|0x0000000701600000, 0x0000000701700000, 0x0000000701700000|100%| O|  |TS  0|AC  0|TAMS 0x0000000701600000, 0x0000000701600000|
|  23|0x0000000701700000, 0x00000007017fffd0, 0x0000000701800000| 99%| O|  |TS  0|AC  0|TAMS 0x0000000701700000, 0x0000000701700000|
|  24|0x0000000701800000, 0x0000000701900000, 0x0000000701900000|100%| O|  |TS  0|AC  0|TAMS 0x0000000701800000, 0x0000000701800000|
|  25|0x0000000701900000, 0x00000007019fda90, 0x0000000701a00000| 99%| O|  |TS  0|AC  0|TAMS 0x0000000701900000, 0x0000000701900000|
|  26|0x0000000701a00000, 0x0000000701afffc8, 0x0000000701b00000| 99%| O|  |TS  0|AC  0|TAMS 0x0000000701a00000, 0x0000000701a00000|
|  27|0x0000000701b00000, 0x0000000701c00000, 0x0000000701c00000|100%| O|  |TS  0|AC  0|TAMS 0x0000000701b00000, 0x0000000701b00000|
|  28|0x0000000701c00000, 0x0000000701cffff0, 0x0000000701d00000| 99%| O|  |TS  0|AC  0|TAMS 0x0000000701c00000, 0x0000000701c00000|
|  29|0x0000000701d00000, 0x0000000701dffe20, 0x0000000701e00000| 99%| O|  |TS  0|AC  0|TAMS 0x0000000701d00000, 0x0000000701d00000|
|  30|0x0000000701e00000, 0x0000000701efffd0, 0x0000000701f00000| 99%| O|  |TS  0|AC  0|TAMS 0x0000000701e00000, 0x0000000701e00000|
|  31|0x0000000701f00000, 0x0000000701ffffe8, 0x0000000702000000| 99%| O|  |TS  0|AC  0|TAMS 0x0000000701f00000, 0x0000000701f00000|
|  32|0x0000000702000000, 0x00000007020ffff0, 0x0000000702100000| 99%| O|  |TS  0|AC  0|TAMS 0x0000000702000000, 0x0000000702000000|
|  33|0x0000000702100000, 0x00000007021ffff0, 0x0000000702200000| 99%| O|  |TS  0|AC  0|TAMS 0x0000000702100000, 0x0000000702100000|
|  34|0x0000000702200000, 0x00000007022ed900, 0x0000000702300000| 92%| O|  |TS  0|AC  0|TAMS 0x0000000702200000, 0x0000000702200000|
|  35|0x0000000702300000, 0x0000000702400000, 0x0000000702400000|100%| O|  |TS  0|AC  0|TAMS 0x0000000702300000, 0x0000000702300000|
|  36|0x0000000702400000, 0x00000007024ffff8, 0x0000000702500000| 99%| O|  |TS  0|AC  0|TAMS 0x0000000702400000, 0x0000000702400000|
|  37|0x0000000702500000, 0x00000007025fffe0, 0x0000000702600000| 99%| O|  |TS  0|AC  0|TAMS 0x0000000702500000, 0x0000000702500000|
|  38|0x0000000702600000, 0x00000007026ff6a8, 0x0000000702700000| 99%| O|  |TS  0|AC  0|TAMS 0x0000000702600000, 0x0000000702600000|
|  39|0x0000000702700000, 0x00000007027ffff8, 0x0000000702800000| 99%| O|  |TS  0|AC  0|TAMS 0x0000000702700000, 0x0000000702700000|
|  40|0x0000000702800000, 0x00000007028ffff8, 0x0000000702900000| 99%| O|  |TS  0|AC  0|TAMS 0x0000000702800000, 0x0000000702800000|
|  41|0x0000000702900000, 0x00000007029fffd8, 0x0000000702a00000| 99%| O|  |TS  0|AC  0|TAMS 0x0000000702900000, 0x0000000702900000|
|  42|0x0000000702a00000, 0x0000000702afff50, 0x0000000702b00000| 99%| O|  |TS  0|AC  0|TAMS 0x0000000702a00000, 0x0000000702a00000|
|  43|0x0000000702b00000, 0x0000000702c00000, 0x0000000702c00000|100%| O|  |TS  0|AC  0|TAMS 0x0000000702b00000, 0x0000000702b00000|
|  44|0x0000000702c00000, 0x0000000702cfe4d8, 0x0000000702d00000| 99%| O|  |TS  0|AC  0|TAMS 0x0000000702c00000, 0x0000000702c00000|
|  45|0x0000000702d00000, 0x0000000702dffeb8, 0x0000000702e00000| 99%| O|  |TS  0|AC  0|TAMS 0x0000000702d00000, 0x0000000702d00000|
|  46|0x0000000702e00000, 0x0000000702f00000, 0x0000000702f00000|100%|HS|  |TS  0|AC  0|TAMS 0x0000000702e00000, 0x0000000702e00000|
|  47|0x0000000702f00000, 0x0000000703000000, 0x0000000703000000|100%|HC|  |TS  0|AC  0|TAMS 0x0000000702f00000, 0x0000000702f00000|
|  48|0x0000000703000000, 0x0000000703100000, 0x0000000703100000|100%|HC|  |TS  0|AC  0|TAMS 0x0000000703000000, 0x0000000703000000|
|  49|0x0000000703100000, 0x0000000703200000, 0x0000000703200000|100%|HC|  |TS  0|AC  0|TAMS 0x0000000703100000, 0x0000000703100000|
|  50|0x0000000703200000, 0x0000000703300000, 0x0000000703300000|100%|HC|  |TS  0|AC  0|TAMS 0x0000000703200000, 0x0000000703200000|
|  51|0x0000000703300000, 0x0000000703400000, 0x0000000703400000|100%|HC|  |TS  0|AC  0|TAMS 0x0000000703300000, 0x0000000703300000|
|  52|0x0000000703400000, 0x0000000703500000, 0x0000000703500000|100%|HC|  |TS  0|AC  0|TAMS 0x0000000703400000, 0x0000000703400000|
|  53|0x0000000703500000, 0x0000000703600000, 0x0000000703600000|100%|HC|  |TS  0|AC  0|TAMS 0x0000000703500000, 0x0000000703500000|
|  54|0x0000000703600000, 0x00000007036fffe0, 0x0000000703700000| 99%| O|  |TS  0|AC  0|TAMS 0x0000000703600000, 0x0000000703600000|
|  55|0x0000000703700000, 0x00000007037ffee0, 0x0000000703800000| 99%| O|  |TS  0|AC  0|TAMS 0x0000000703700000, 0x0000000703700000|
|  56|0x0000000703800000, 0x00000007038ffff8, 0x0000000703900000| 99%| O|  |TS  0|AC  0|TAMS 0x0000000703800000, 0x0000000703800000|
|  57|0x0000000703900000, 0x00000007039fffd0, 0x0000000703a00000| 99%| O|  |TS  0|AC  0|TAMS 0x0000000703900000, 0x0000000703900000|
|  58|0x0000000703a00000, 0x0000000703affee0, 0x0000000703b00000| 99%| O|  |TS  0|AC  0|TAMS 0x0000000703a00000, 0x0000000703a00000|
|  59|0x0000000703b00000, 0x0000000703bfffe0, 0x0000000703c00000| 99%| O|  |TS  0|AC  0|TAMS 0x0000000703b00000, 0x0000000703b00000|
|  60|0x0000000703c00000, 0x0000000703cffff0, 0x0000000703d00000| 99%| O|  |TS  0|AC  0|TAMS 0x0000000703c00000, 0x0000000703c00000|
|  61|0x0000000703d00000, 0x0000000703dffff8, 0x0000000703e00000| 99%| O|  |TS  0|AC  0|TAMS 0x0000000703d00000, 0x0000000703d00000|
|  62|0x0000000703e00000, 0x0000000703f00000, 0x0000000703f00000|100%| O|  |TS  0|AC  0|TAMS 0x0000000703e00000, 0x0000000703e00000|
|  63|0x0000000703f00000, 0x0000000703fffff0, 0x0000000704000000| 99%| O|  |TS  0|AC  0|TAMS 0x0000000703f00000, 0x0000000703f00000|
|  64|0x0000000704000000, 0x00000007040fffc0, 0x0000000704100000| 99%| O|  |TS  0|AC  0|TAMS 0x0000000704000000, 0x0000000704000000|
|  65|0x0000000704100000, 0x0000000704200000, 0x0000000704200000|100%| O|  |TS  0|AC  0|TAMS 0x0000000704100000, 0x0000000704100000|
|  66|0x0000000704200000, 0x0000000704300000, 0x0000000704300000|100%|HS|  |TS  0|AC  0|TAMS 0x0000000704200000, 0x0000000704200000|
|  67|0x0000000704300000, 0x0000000704400000, 0x0000000704400000|100%|HC|  |TS  0|AC  0|TAMS 0x0000000704300000, 0x0000000704300000|
|  68|0x0000000704400000, 0x0000000704500000, 0x0000000704500000|100%|HS|  |TS  0|AC  0|TAMS 0x0000000704400000, 0x0000000704400000|
|  69|0x0000000704500000, 0x0000000704600000, 0x0000000704600000|100%|HC|  |TS  0|AC  0|TAMS 0x0000000704500000, 0x0000000704500000|
|  70|0x0000000704600000, 0x0000000704700000, 0x0000000704700000|100%|HC|  |TS  0|AC  0|TAMS 0x0000000704600000, 0x0000000704600000|
|  71|0x0000000704700000, 0x00000007047fffe8, 0x0000000704800000| 99%| O|  |TS  0|AC  0|TAMS 0x0000000704700000, 0x0000000704700000|
|  72|0x0000000704800000, 0x00000007048fffe8, 0x0000000704900000| 99%| O|  |TS  0|AC  0|TAMS 0x0000000704800000, 0x0000000704800000|
|  73|0x0000000704900000, 0x0000000704a00000, 0x0000000704a00000|100%| O|  |TS  0|AC  0|TAMS 0x0000000704900000, 0x0000000704900000|
|  74|0x0000000704a00000, 0x0000000704affff8, 0x0000000704b00000| 99%| O|  |TS  0|AC  0|TAMS 0x0000000704a00000, 0x0000000704a00000|
|  75|0x0000000704b00000, 0x0000000704bffe40, 0x0000000704c00000| 99%| O|  |TS  0|AC  0|TAMS 0x0000000704b00000, 0x0000000704b00000|
|  76|0x0000000704c00000, 0x0000000704cffff8, 0x0000000704d00000| 99%| O|  |TS  0|AC  0|TAMS 0x0000000704c00000, 0x0000000704c00000|
|  77|0x0000000704d00000, 0x0000000704dfffe0, 0x0000000704e00000| 99%| O|  |TS  0|AC  0|TAMS 0x0000000704d00000, 0x0000000704d00000|
|  78|0x0000000704e00000, 0x0000000704e466a0, 0x0000000704f00000| 27%| O|  |TS  0|AC  0|TAMS 0x0000000704e00000, 0x0000000704e00000|
|  79|0x0000000704f00000, 0x0000000704f00000, 0x0000000705000000|  0%| F|  |TS  0|AC  0|TAMS 0x0000000704f00000, 0x0000000704f00000|
|  80|0x0000000705000000, 0x0000000705000000, 0x0000000705100000|  0%| F|  |TS  0|AC  0|TAMS 0x0000000705000000, 0x0000000705000000|
|  81|0x0000000705100000, 0x0000000705200000, 0x0000000705200000|100%|HS|  |TS  0|AC  0|TAMS 0x0000000705100000, 0x0000000705100000|
|  82|0x0000000705200000, 0x0000000705300000, 0x0000000705300000|100%|HC|  |TS  0|AC  0|TAMS 0x0000000705200000, 0x0000000705200000|
|  83|0x0000000705300000, 0x0000000705300000, 0x0000000705400000|  0%| F|  |TS  0|AC  0|TAMS 0x0000000705300000, 0x0000000705300000|
|  84|0x0000000705400000, 0x0000000705400000, 0x0000000705500000|  0%| F|  |TS  0|AC  0|TAMS 0x0000000705400000, 0x0000000705400000|
|  85|0x0000000705500000, 0x0000000705500000, 0x0000000705600000|  0%| F|  |TS  0|AC  0|TAMS 0x0000000705500000, 0x0000000705500000|
|  86|0x0000000705600000, 0x0000000705600000, 0x0000000705700000|  0%| F|  |TS  0|AC  0|TAMS 0x0000000705600000, 0x0000000705600000|
|  87|0x0000000705700000, 0x0000000705700000, 0x0000000705800000|  0%| F|  |TS  0|AC  0|TAMS 0x0000000705700000, 0x0000000705700000|
|  88|0x0000000705800000, 0x0000000705800000, 0x0000000705900000|  0%| F|  |TS  0|AC  0|TAMS 0x0000000705800000, 0x0000000705800000|
|  89|0x0000000705900000, 0x0000000705900000, 0x0000000705a00000|  0%| F|  |TS  0|AC  0|TAMS 0x0000000705900000, 0x0000000705900000|
|  90|0x0000000705a00000, 0x0000000705a00000, 0x0000000705b00000|  0%| F|  |TS  0|AC  0|TAMS 0x0000000705a00000, 0x0000000705a00000|
|  91|0x0000000705b00000, 0x0000000705b00000, 0x0000000705c00000|  0%| F|  |TS  0|AC  0|TAMS 0x0000000705b00000, 0x0000000705b00000|
|  92|0x0000000705c00000, 0x0000000705c00000, 0x0000000705d00000|  0%| F|  |TS  0|AC  0|TAMS 0x0000000705c00000, 0x0000000705c00000|
|  93|0x0000000705d00000, 0x0000000705d00000, 0x0000000705e00000|  0%| F|  |TS  0|AC  0|TAMS 0x0000000705d00000, 0x0000000705d00000|
|  94|0x0000000705e00000, 0x0000000705e00000, 0x0000000705f00000|  0%| F|  |TS  0|AC  0|TAMS 0x0000000705e00000, 0x0000000705e00000|
|  95|0x0000000705f00000, 0x0000000705f00000, 0x0000000706000000|  0%| F|  |TS  0|AC  0|TAMS 0x0000000705f00000, 0x0000000705f00000|
|  96|0x0000000706000000, 0x0000000706000000, 0x0000000706100000|  0%| F|  |TS  0|AC  0|TAMS 0x0000000706000000, 0x0000000706000000|
|  97|0x0000000706100000, 0x0000000706100000, 0x0000000706200000|  0%| F|  |TS  0|AC  0|TAMS 0x0000000706100000, 0x0000000706100000|
|  98|0x0000000706200000, 0x0000000706200000, 0x0000000706300000|  0%| F|  |TS  0|AC  0|TAMS 0x0000000706200000, 0x0000000706200000|
|  99|0x0000000706300000, 0x0000000706300000, 0x0000000706400000|  0%| F|  |TS  0|AC  0|TAMS 0x0000000706300000, 0x0000000706300000|
| 100|0x0000000706400000, 0x0000000706400000, 0x0000000706500000|  0%| F|  |TS  0|AC  0|TAMS 0x0000000706400000, 0x0000000706400000|
| 101|0x0000000706500000, 0x0000000706500000, 0x0000000706600000|  0%| F|  |TS  0|AC  0|TAMS 0x0000000706500000, 0x0000000706500000|
| 102|0x0000000706600000, 0x0000000706600000, 0x0000000706700000|  0%| F|  |TS  0|AC  0|TAMS 0x0000000706600000, 0x0000000706600000|
| 103|0x0000000706700000, 0x0000000706700000, 0x0000000706800000|  0%| F|  |TS  0|AC  0|TAMS 0x0000000706700000, 0x0000000706700000|
| 104|0x0000000706800000, 0x0000000706800000, 0x0000000706900000|  0%| F|  |TS  0|AC  0|TAMS 0x0000000706800000, 0x0000000706800000|
| 105|0x0000000706900000, 0x0000000706900000, 0x0000000706a00000|  0%| F|  |TS  0|AC  0|TAMS 0x0000000706900000, 0x0000000706900000|
| 106|0x0000000706a00000, 0x0000000706a00000, 0x0000000706b00000|  0%| F|  |TS  0|AC  0|TAMS 0x0000000706a00000, 0x0000000706a00000|
| 107|0x0000000706b00000, 0x0000000706b00000, 0x0000000706c00000|  0%| F|  |TS  0|AC  0|TAMS 0x0000000706b00000, 0x0000000706b00000|
| 108|0x0000000706c00000, 0x0000000706c00000, 0x0000000706d00000|  0%| F|  |TS  0|AC  0|TAMS 0x0000000706c00000, 0x0000000706c00000|
| 109|0x0000000706d00000, 0x0000000706d00000, 0x0000000706e00000|  0%| F|  |TS  0|AC  0|TAMS 0x0000000706d00000, 0x0000000706d00000|
| 110|0x0000000706e00000, 0x0000000706e00000, 0x0000000706f00000|  0%| F|  |TS  0|AC  0|TAMS 0x0000000706e00000, 0x0000000706e00000|
| 111|0x0000000706f00000, 0x0000000706f00000, 0x0000000707000000|  0%| F|  |TS  0|AC  0|TAMS 0x0000000706f00000, 0x0000000706f00000|
| 112|0x0000000707000000, 0x0000000707000000, 0x0000000707100000|  0%| F|  |TS  0|AC  0|TAMS 0x0000000707000000, 0x0000000707000000|
| 113|0x0000000707100000, 0x0000000707100000, 0x0000000707200000|  0%| F|  |TS  0|AC  0|TAMS 0x0000000707100000, 0x0000000707100000|
| 114|0x0000000707200000, 0x0000000707200000, 0x0000000707300000|  0%| F|  |TS  0|AC  0|TAMS 0x0000000707200000, 0x0000000707200000|
| 115|0x0000000707300000, 0x0000000707300000, 0x0000000707400000|  0%| F|  |TS  0|AC  0|TAMS 0x0000000707300000, 0x0000000707300000|
| 116|0x0000000707400000, 0x0000000707400000, 0x0000000707500000|  0%| F|  |TS  0|AC  0|TAMS 0x0000000707400000, 0x0000000707400000|
| 117|0x0000000707500000, 0x0000000707500000, 0x0000000707600000|  0%| F|  |TS  0|AC  0|TAMS 0x0000000707500000, 0x0000000707500000|
| 118|0x0000000707600000, 0x0000000707600000, 0x0000000707700000|  0%| F|  |TS  0|AC  0|TAMS 0x0000000707600000, 0x0000000707600000|
| 119|0x0000000707700000, 0x0000000707700000, 0x0000000707800000|  0%| F|  |TS  0|AC  0|TAMS 0x0000000707700000, 0x0000000707700000|
| 120|0x0000000707800000, 0x0000000707800000, 0x0000000707900000|  0%| F|  |TS  0|AC  0|TAMS 0x0000000707800000, 0x0000000707800000|
| 121|0x0000000707900000, 0x0000000707900000, 0x0000000707a00000|  0%| F|  |TS  0|AC  0|TAMS 0x0000000707900000, 0x0000000707900000|
| 122|0x0000000707a00000, 0x0000000707a00000, 0x0000000707b00000|  0%| F|  |TS  0|AC  0|TAMS 0x0000000707a00000, 0x0000000707a00000|
| 123|0x0000000707b00000, 0x0000000707b00000, 0x0000000707c00000|  0%| F|  |TS  0|AC  0|TAMS 0x0000000707b00000, 0x0000000707b00000|
| 124|0x0000000707c00000, 0x0000000707c00000, 0x0000000707d00000|  0%| F|  |TS  0|AC  0|TAMS 0x0000000707c00000, 0x0000000707c00000|
| 125|0x0000000707d00000, 0x0000000707d00000, 0x0000000707e00000|  0%| F|  |TS  0|AC  0|TAMS 0x0000000707d00000, 0x0000000707d00000|
| 126|0x0000000707e00000, 0x0000000707e00000, 0x0000000707f00000|  0%| F|  |TS  0|AC  0|TAMS 0x0000000707e00000, 0x0000000707e00000|
| 127|0x0000000707f00000, 0x0000000707f00000, 0x0000000708000000|  0%| F|  |TS  0|AC  0|TAMS 0x0000000707f00000, 0x0000000707f00000|
| 128|0x0000000708000000, 0x0000000708000000, 0x0000000708100000|  0%| F|  |TS  0|AC  0|TAMS 0x0000000708000000, 0x0000000708000000|
| 129|0x0000000708100000, 0x0000000708100000, 0x0000000708200000|  0%| F|  |TS  0|AC  0|TAMS 0x0000000708100000, 0x0000000708100000|
| 130|0x0000000708200000, 0x0000000708200000, 0x0000000708300000|  0%| F|  |TS  0|AC  0|TAMS 0x0000000708200000, 0x0000000708200000|
| 131|0x0000000708300000, 0x0000000708300000, 0x0000000708400000|  0%| F|  |TS  0|AC  0|TAMS 0x0000000708300000, 0x0000000708300000|
| 132|0x0000000708400000, 0x0000000708400000, 0x0000000708500000|  0%| F|  |TS  0|AC  0|TAMS 0x0000000708400000, 0x0000000708400000|
| 133|0x0000000708500000, 0x0000000708500000, 0x0000000708600000|  0%| F|  |TS  0|AC  0|TAMS 0x0000000708500000, 0x0000000708500000|
| 134|0x0000000708600000, 0x0000000708600000, 0x0000000708700000|  0%| F|  |TS  0|AC  0|TAMS 0x0000000708600000, 0x0000000708600000|
| 135|0x0000000708700000, 0x0000000708700000, 0x0000000708800000|  0%| F|  |TS  0|AC  0|TAMS 0x0000000708700000, 0x0000000708700000|
| 136|0x0000000708800000, 0x0000000708800000, 0x0000000708900000|  0%| F|  |TS  0|AC  0|TAMS 0x0000000708800000, 0x0000000708800000|
| 137|0x0000000708900000, 0x0000000708900000, 0x0000000708a00000|  0%| F|  |TS  0|AC  0|TAMS 0x0000000708900000, 0x0000000708900000|
| 138|0x0000000708a00000, 0x0000000708a00000, 0x0000000708b00000|  0%| F|  |TS  0|AC  0|TAMS 0x0000000708a00000, 0x0000000708a00000|
| 139|0x0000000708b00000, 0x0000000708b00000, 0x0000000708c00000|  0%| F|  |TS  0|AC  0|TAMS 0x0000000708b00000, 0x0000000708b00000|
| 140|0x0000000708c00000, 0x0000000708c00000, 0x0000000708d00000|  0%| F|  |TS  0|AC  0|TAMS 0x0000000708c00000, 0x0000000708c00000|
| 141|0x0000000708d00000, 0x0000000708d00000, 0x0000000708e00000|  0%| F|  |TS  0|AC  0|TAMS 0x0000000708d00000, 0x0000000708d00000|
| 142|0x0000000708e00000, 0x0000000708e00000, 0x0000000708f00000|  0%| F|  |TS  0|AC  0|TAMS 0x0000000708e00000, 0x0000000708e00000|
| 143|0x0000000708f00000, 0x0000000708f00000, 0x0000000709000000|  0%| F|  |TS  0|AC  0|TAMS 0x0000000708f00000, 0x0000000708f00000|
| 144|0x0000000709000000, 0x0000000709000000, 0x0000000709100000|  0%| F|  |TS  0|AC  0|TAMS 0x0000000709000000, 0x0000000709000000|
| 145|0x0000000709100000, 0x0000000709100000, 0x0000000709200000|  0%| F|  |TS  0|AC  0|TAMS 0x0000000709100000, 0x0000000709100000|
| 146|0x0000000709200000, 0x0000000709200000, 0x0000000709300000|  0%| F|  |TS  0|AC  0|TAMS 0x0000000709200000, 0x0000000709200000|
| 147|0x0000000709300000, 0x0000000709300000, 0x0000000709400000|  0%| F|  |TS  0|AC  0|TAMS 0x0000000709300000, 0x0000000709300000|
| 148|0x0000000709400000, 0x0000000709400000, 0x0000000709500000|  0%| F|  |TS  0|AC  0|TAMS 0x0000000709400000, 0x0000000709400000|
| 149|0x0000000709500000, 0x0000000709500000, 0x0000000709600000|  0%| F|  |TS  0|AC  0|TAMS 0x0000000709500000, 0x0000000709500000|
| 150|0x0000000709600000, 0x0000000709600000, 0x0000000709700000|  0%| F|  |TS  0|AC  0|TAMS 0x0000000709600000, 0x0000000709600000|
| 151|0x0000000709700000, 0x0000000709700000, 0x0000000709800000|  0%| F|  |TS  0|AC  0|TAMS 0x0000000709700000, 0x0000000709700000|
| 152|0x0000000709800000, 0x0000000709800000, 0x0000000709900000|  0%| F|  |TS  0|AC  0|TAMS 0x0000000709800000, 0x0000000709800000|
| 153|0x0000000709900000, 0x0000000709900000, 0x0000000709a00000|  0%| F|  |TS  0|AC  0|TAMS 0x0000000709900000, 0x0000000709900000|
| 154|0x0000000709a00000, 0x0000000709a00000, 0x0000000709b00000|  0%| F|  |TS  0|AC  0|TAMS 0x0000000709a00000, 0x0000000709a00000|
| 155|0x0000000709b00000, 0x0000000709b00000, 0x0000000709c00000|  0%| F|  |TS  0|AC  0|TAMS 0x0000000709b00000, 0x0000000709b00000|
| 156|0x0000000709c00000, 0x0000000709c00000, 0x0000000709d00000|  0%| F|  |TS  0|AC  0|TAMS 0x0000000709c00000, 0x0000000709c00000|
| 157|0x0000000709d00000, 0x0000000709d00000, 0x0000000709e00000|  0%| F|  |TS  0|AC  0|TAMS 0x0000000709d00000, 0x0000000709d00000|
| 158|0x0000000709e00000, 0x0000000709e00000, 0x0000000709f00000|  0%| F|  |TS  0|AC  0|TAMS 0x0000000709e00000, 0x0000000709e00000|
| 159|0x0000000709f00000, 0x0000000709f00000, 0x000000070a000000|  0%| F|  |TS  0|AC  0|TAMS 0x0000000709f00000, 0x0000000709f00000|
| 160|0x000000070a000000, 0x000000070a000000, 0x000000070a100000|  0%| F|  |TS  0|AC  0|TAMS 0x000000070a000000, 0x000000070a000000|
| 161|0x000000070a100000, 0x000000070a100000, 0x000000070a200000|  0%| F|  |TS  0|AC  0|TAMS 0x000000070a100000, 0x000000070a100000|
| 162|0x000000070a200000, 0x000000070a200000, 0x000000070a300000|  0%| F|  |TS  0|AC  0|TAMS 0x000000070a200000, 0x000000070a200000|
| 163|0x000000070a300000, 0x000000070a300000, 0x000000070a400000|  0%| F|  |TS  0|AC  0|TAMS 0x000000070a300000, 0x000000070a300000|
| 164|0x000000070a400000, 0x000000070a400000, 0x000000070a500000|  0%| F|  |TS  0|AC  0|TAMS 0x000000070a400000, 0x000000070a400000|
| 165|0x000000070a500000, 0x000000070a500000, 0x000000070a600000|  0%| F|  |TS  0|AC  0|TAMS 0x000000070a500000, 0x000000070a500000|
| 166|0x000000070a600000, 0x000000070a600000, 0x000000070a700000|  0%| F|  |TS  0|AC  0|TAMS 0x000000070a600000, 0x000000070a600000|
| 167|0x000000070a700000, 0x000000070a700000, 0x000000070a800000|  0%| F|  |TS  0|AC  0|TAMS 0x000000070a700000, 0x000000070a700000|
| 168|0x000000070a800000, 0x000000070a800000, 0x000000070a900000|  0%| F|  |TS  0|AC  0|TAMS 0x000000070a800000, 0x000000070a800000|
| 169|0x000000070a900000, 0x000000070a900000, 0x000000070aa00000|  0%| F|  |TS  0|AC  0|TAMS 0x000000070a900000, 0x000000070a900000|
| 170|0x000000070aa00000, 0x000000070aa00000, 0x000000070ab00000|  0%| F|  |TS  0|AC  0|TAMS 0x000000070aa00000, 0x000000070aa00000|
| 171|0x000000070ab00000, 0x000000070ab00000, 0x000000070ac00000|  0%| F|  |TS  0|AC  0|TAMS 0x000000070ab00000, 0x000000070ab00000|
| 172|0x000000070ac00000, 0x000000070ac00000, 0x000000070ad00000|  0%| F|  |TS  0|AC  0|TAMS 0x000000070ac00000, 0x000000070ac00000|
| 173|0x000000070ad00000, 0x000000070ad00000, 0x000000070ae00000|  0%| F|  |TS  0|AC  0|TAMS 0x000000070ad00000, 0x000000070ad00000|
| 174|0x000000070ae00000, 0x000000070ae00000, 0x000000070af00000|  0%| F|  |TS  0|AC  0|TAMS 0x000000070ae00000, 0x000000070ae00000|
| 175|0x000000070af00000, 0x000000070af00000, 0x000000070b000000|  0%| F|  |TS  0|AC  0|TAMS 0x000000070af00000, 0x000000070af00000|
| 176|0x000000070b000000, 0x000000070b000000, 0x000000070b100000|  0%| F|  |TS  0|AC  0|TAMS 0x000000070b000000, 0x000000070b000000|
| 177|0x000000070b100000, 0x000000070b100000, 0x000000070b200000|  0%| F|  |TS  0|AC  0|TAMS 0x000000070b100000, 0x000000070b100000|
| 178|0x000000070b200000, 0x000000070b200000, 0x000000070b300000|  0%| F|  |TS  0|AC  0|TAMS 0x000000070b200000, 0x000000070b200000|
| 179|0x000000070b300000, 0x000000070b300000, 0x000000070b400000|  0%| F|  |TS  0|AC  0|TAMS 0x000000070b300000, 0x000000070b300000|
| 180|0x000000070b400000, 0x000000070b400000, 0x000000070b500000|  0%| F|  |TS  0|AC  0|TAMS 0x000000070b400000, 0x000000070b400000|
| 181|0x000000070b500000, 0x000000070b500000, 0x000000070b600000|  0%| F|  |TS  0|AC  0|TAMS 0x000000070b500000, 0x000000070b500000|
| 182|0x000000070b600000, 0x000000070b600000, 0x000000070b700000|  0%| F|  |TS  0|AC  0|TAMS 0x000000070b600000, 0x000000070b600000|
| 183|0x000000070b700000, 0x000000070b700000, 0x000000070b800000|  0%| F|  |TS  0|AC  0|TAMS 0x000000070b700000, 0x000000070b700000|
| 184|0x000000070b800000, 0x000000070b800000, 0x000000070b900000|  0%| F|  |TS  0|AC  0|TAMS 0x000000070b800000, 0x000000070b800000|
| 185|0x000000070b900000, 0x000000070b900000, 0x000000070ba00000|  0%| F|  |TS  0|AC  0|TAMS 0x000000070b900000, 0x000000070b900000|
| 186|0x000000070ba00000, 0x000000070ba00000, 0x000000070bb00000|  0%| F|  |TS  0|AC  0|TAMS 0x000000070ba00000, 0x000000070ba00000|
| 187|0x000000070bb00000, 0x000000070bb00000, 0x000000070bc00000|  0%| F|  |TS  0|AC  0|TAMS 0x000000070bb00000, 0x000000070bb00000|
| 188|0x000000070bc00000, 0x000000070bc00000, 0x000000070bd00000|  0%| F|  |TS  0|AC  0|TAMS 0x000000070bc00000, 0x000000070bc00000|
| 189|0x000000070bd00000, 0x000000070bd00000, 0x000000070be00000|  0%| F|  |TS  0|AC  0|TAMS 0x000000070bd00000, 0x000000070bd00000|
| 190|0x000000070be00000, 0x000000070be00000, 0x000000070bf00000|  0%| F|  |TS  0|AC  0|TAMS 0x000000070be00000, 0x000000070be00000|
| 191|0x000000070bf00000, 0x000000070bf00000, 0x000000070c000000|  0%| F|  |TS  0|AC  0|TAMS 0x000000070bf00000, 0x000000070bf00000|
| 192|0x000000070c000000, 0x000000070c000000, 0x000000070c100000|  0%| F|  |TS  0|AC  0|TAMS 0x000000070c000000, 0x000000070c000000|
| 193|0x000000070c100000, 0x000000070c100000, 0x000000070c200000|  0%| F|  |TS  0|AC  0|TAMS 0x000000070c100000, 0x000000070c100000|
| 194|0x000000070c200000, 0x000000070c200000, 0x000000070c300000|  0%| F|  |TS  0|AC  0|TAMS 0x000000070c200000, 0x000000070c200000|
| 195|0x000000070c300000, 0x000000070c300000, 0x000000070c400000|  0%| F|  |TS  0|AC  0|TAMS 0x000000070c300000, 0x000000070c300000|
| 196|0x000000070c400000, 0x000000070c400000, 0x000000070c500000|  0%| F|  |TS  0|AC  0|TAMS 0x000000070c400000, 0x000000070c400000|
| 197|0x000000070c500000, 0x000000070c500000, 0x000000070c600000|  0%| F|  |TS  0|AC  0|TAMS 0x000000070c500000, 0x000000070c500000|
| 198|0x000000070c600000, 0x000000070c600000, 0x000000070c700000|  0%| F|  |TS  0|AC  0|TAMS 0x000000070c600000, 0x000000070c600000|
| 199|0x000000070c700000, 0x000000070c700000, 0x000000070c800000|  0%| F|  |TS  0|AC  0|TAMS 0x000000070c700000, 0x000000070c700000|
| 200|0x000000070c800000, 0x000000070c800000, 0x000000070c900000|  0%| F|  |TS  0|AC  0|TAMS 0x000000070c800000, 0x000000070c800000|
| 201|0x000000070c900000, 0x000000070c900000, 0x000000070ca00000|  0%| F|  |TS  0|AC  0|TAMS 0x000000070c900000, 0x000000070c900000|
| 202|0x000000070ca00000, 0x000000070ca00000, 0x000000070cb00000|  0%| F|  |TS  0|AC  0|TAMS 0x000000070ca00000, 0x000000070ca00000|
| 203|0x000000070cb00000, 0x000000070cb00000, 0x000000070cc00000|  0%| F|  |TS  0|AC  0|TAMS 0x000000070cb00000, 0x000000070cb00000|
| 204|0x000000070cc00000, 0x000000070cc00000, 0x000000070cd00000|  0%| F|  |TS  0|AC  0|TAMS 0x000000070cc00000, 0x000000070cc00000|
| 205|0x000000070cd00000, 0x000000070cd00000, 0x000000070ce00000|  0%| F|  |TS  0|AC  0|TAMS 0x000000070cd00000, 0x000000070cd00000|
| 206|0x000000070ce00000, 0x000000070ce00000, 0x000000070cf00000|  0%| F|  |TS  0|AC  0|TAMS 0x000000070ce00000, 0x000000070ce00000|
| 207|0x000000070cf00000, 0x000000070cf00000, 0x000000070d000000|  0%| F|  |TS  0|AC  0|TAMS 0x000000070cf00000, 0x000000070cf00000|
| 208|0x000000070d000000, 0x000000070d000000, 0x000000070d100000|  0%| F|  |TS  0|AC  0|TAMS 0x000000070d000000, 0x000000070d000000|
| 209|0x000000070d100000, 0x000000070d100000, 0x000000070d200000|  0%| F|  |TS  0|AC  0|TAMS 0x000000070d100000, 0x000000070d100000|
| 210|0x000000070d200000, 0x000000070d200000, 0x000000070d300000|  0%| F|  |TS  0|AC  0|TAMS 0x000000070d200000, 0x000000070d200000|
| 211|0x000000070d300000, 0x000000070d300000, 0x000000070d400000|  0%| F|  |TS  0|AC  0|TAMS 0x000000070d300000, 0x000000070d300000|
| 212|0x000000070d400000, 0x000000070d400000, 0x000000070d500000|  0%| F|  |TS  0|AC  0|TAMS 0x000000070d400000, 0x000000070d400000|
| 213|0x000000070d500000, 0x000000070d500000, 0x000000070d600000|  0%| F|  |TS  0|AC  0|TAMS 0x000000070d500000, 0x000000070d500000|
| 214|0x000000070d600000, 0x000000070d600000, 0x000000070d700000|  0%| F|  |TS  0|AC  0|TAMS 0x000000070d600000, 0x000000070d600000|
| 215|0x000000070d700000, 0x000000070d700000, 0x000000070d800000|  0%| F|  |TS  0|AC  0|TAMS 0x000000070d700000, 0x000000070d700000|
| 216|0x000000070d800000, 0x000000070d800000, 0x000000070d900000|  0%| F|  |TS  0|AC  0|TAMS 0x000000070d800000, 0x000000070d800000|
| 217|0x000000070d900000, 0x000000070d900000, 0x000000070da00000|  0%| F|  |TS  0|AC  0|TAMS 0x000000070d900000, 0x000000070d900000|
| 218|0x000000070da00000, 0x000000070da00000, 0x000000070db00000|  0%| F|  |TS  0|AC  0|TAMS 0x000000070da00000, 0x000000070da00000|
| 219|0x000000070db00000, 0x000000070db00000, 0x000000070dc00000|  0%| F|  |TS  0|AC  0|TAMS 0x000000070db00000, 0x000000070db00000|
| 220|0x000000070dc00000, 0x000000070dc00000, 0x000000070dd00000|  0%| F|  |TS  0|AC  0|TAMS 0x000000070dc00000, 0x000000070dc00000|
| 221|0x000000070dd00000, 0x000000070dd00000, 0x000000070de00000|  0%| F|  |TS  0|AC  0|TAMS 0x000000070dd00000, 0x000000070dd00000|
| 222|0x000000070de00000, 0x000000070de00000, 0x000000070df00000|  0%| F|  |TS  0|AC  0|TAMS 0x000000070de00000, 0x000000070de00000|
| 223|0x000000070df00000, 0x000000070df00000, 0x000000070e000000|  0%| F|  |TS  0|AC  0|TAMS 0x000000070df00000, 0x000000070df00000|
| 224|0x000000070e000000, 0x000000070e000000, 0x000000070e100000|  0%| F|  |TS  0|AC  0|TAMS 0x000000070e000000, 0x000000070e000000|
| 225|0x000000070e100000, 0x000000070e100000, 0x000000070e200000|  0%| F|  |TS  0|AC  0|TAMS 0x000000070e100000, 0x000000070e100000|
| 226|0x000000070e200000, 0x000000070e200000, 0x000000070e300000|  0%| F|  |TS  0|AC  0|TAMS 0x000000070e200000, 0x000000070e200000|
| 227|0x000000070e300000, 0x000000070e300000, 0x000000070e400000|  0%| F|  |TS  0|AC  0|TAMS 0x000000070e300000, 0x000000070e300000|
| 228|0x000000070e400000, 0x000000070e400000, 0x000000070e500000|  0%| F|  |TS  0|AC  0|TAMS 0x000000070e400000, 0x000000070e400000|
| 229|0x000000070e500000, 0x000000070e500000, 0x000000070e600000|  0%| F|  |TS  0|AC  0|TAMS 0x000000070e500000, 0x000000070e500000|
| 230|0x000000070e600000, 0x000000070e600000, 0x000000070e700000|  0%| F|  |TS  0|AC  0|TAMS 0x000000070e600000, 0x000000070e600000|
| 231|0x000000070e700000, 0x000000070e700000, 0x000000070e800000|  0%| F|  |TS  0|AC  0|TAMS 0x000000070e700000, 0x000000070e700000|
| 232|0x000000070e800000, 0x000000070e800000, 0x000000070e900000|  0%| F|  |TS  0|AC  0|TAMS 0x000000070e800000, 0x000000070e800000|
| 233|0x000000070e900000, 0x000000070e900000, 0x000000070ea00000|  0%| F|  |TS  0|AC  0|TAMS 0x000000070e900000, 0x000000070e900000|
| 234|0x000000070ea00000, 0x000000070ea00000, 0x000000070eb00000|  0%| F|  |TS  0|AC  0|TAMS 0x000000070ea00000, 0x000000070ea00000|
| 235|0x000000070eb00000, 0x000000070eb00000, 0x000000070ec00000|  0%| F|  |TS  0|AC  0|TAMS 0x000000070eb00000, 0x000000070eb00000|
| 236|0x000000070ec00000, 0x000000070ec00000, 0x000000070ed00000|  0%| F|  |TS  0|AC  0|TAMS 0x000000070ec00000, 0x000000070ec00000|
| 237|0x000000070ed00000, 0x000000070ed00000, 0x000000070ee00000|  0%| F|  |TS  0|AC  0|TAMS 0x000000070ed00000, 0x000000070ed00000|
| 238|0x000000070ee00000, 0x000000070ee00000, 0x000000070ef00000|  0%| F|  |TS  0|AC  0|TAMS 0x000000070ee00000, 0x000000070ee00000|
| 239|0x000000070ef00000, 0x000000070ef00000, 0x000000070f000000|  0%| F|  |TS  0|AC  0|TAMS 0x000000070ef00000, 0x000000070ef00000|
| 240|0x000000070f000000, 0x000000070f000000, 0x000000070f100000|  0%| F|  |TS  0|AC  0|TAMS 0x000000070f000000, 0x000000070f000000|
| 241|0x000000070f100000, 0x000000070f100000, 0x000000070f200000|  0%| F|  |TS  0|AC  0|TAMS 0x000000070f100000, 0x000000070f100000|
| 242|0x000000070f200000, 0x000000070f200000, 0x000000070f300000|  0%| F|  |TS  0|AC  0|TAMS 0x000000070f200000, 0x000000070f200000|
| 243|0x000000070f300000, 0x000000070f300000, 0x000000070f400000|  0%| F|  |TS  0|AC  0|TAMS 0x000000070f300000, 0x000000070f300000|
| 244|0x000000070f400000, 0x000000070f400000, 0x000000070f500000|  0%| F|  |TS  0|AC  0|TAMS 0x000000070f400000, 0x000000070f400000|
| 245|0x000000070f500000, 0x000000070f500000, 0x000000070f600000|  0%| F|  |TS  0|AC  0|TAMS 0x000000070f500000, 0x000000070f500000|
| 246|0x000000070f600000, 0x000000070f600000, 0x000000070f700000|  0%| F|  |TS  0|AC  0|TAMS 0x000000070f600000, 0x000000070f600000|
| 247|0x000000070f700000, 0x000000070f700000, 0x000000070f800000|  0%| F|  |TS  0|AC  0|TAMS 0x000000070f700000, 0x000000070f700000|
| 248|0x000000070f800000, 0x000000070f800000, 0x000000070f900000|  0%| F|  |TS  0|AC  0|TAMS 0x000000070f800000, 0x000000070f800000|
| 249|0x000000070f900000, 0x000000070f900000, 0x000000070fa00000|  0%| F|  |TS  0|AC  0|TAMS 0x000000070f900000, 0x000000070f900000|
| 250|0x000000070fa00000, 0x000000070fa00000, 0x000000070fb00000|  0%| F|  |TS  0|AC  0|TAMS 0x000000070fa00000, 0x000000070fa00000|
| 251|0x000000070fb00000, 0x000000070fb00000, 0x000000070fc00000|  0%| F|  |TS  0|AC  0|TAMS 0x000000070fb00000, 0x000000070fb00000|
| 252|0x000000070fc00000, 0x000000070fc00000, 0x000000070fd00000|  0%| F|  |TS  0|AC  0|TAMS 0x000000070fc00000, 0x000000070fc00000|
| 253|0x000000070fd00000, 0x000000070fd00000, 0x000000070fe00000|  0%| F|  |TS  0|AC  0|TAMS 0x000000070fd00000, 0x000000070fd00000|
| 254|0x000000070fe00000, 0x000000070fe00000, 0x000000070ff00000|  0%| F|  |TS  0|AC  0|TAMS 0x000000070fe00000, 0x000000070fe00000|
| 255|0x000000070ff00000, 0x000000070ff00000, 0x0000000710000000|  0%| F|  |TS  0|AC  0|TAMS 0x000000070ff00000, 0x000000070ff00000|
| 256|0x0000000710000000, 0x0000000710000000, 0x0000000710100000|  0%| F|  |TS  0|AC  0|TAMS 0x0000000710000000, 0x0000000710000000|
| 257|0x0000000710100000, 0x0000000710100000, 0x0000000710200000|  0%| F|  |TS  0|AC  0|TAMS 0x0000000710100000, 0x0000000710100000|
| 258|0x0000000710200000, 0x0000000710298a60, 0x0000000710300000| 59%| E|  |TS  0|AC  0|TAMS 0x0000000710200000, 0x0000000710200000|
| 259|0x0000000710300000, 0x0000000710400000, 0x0000000710400000|100%| E|CS|TS  0|AC  0|TAMS 0x0000000710300000, 0x0000000710300000|
| 260|0x0000000710400000, 0x0000000710500000, 0x0000000710500000|100%| E|CS|TS  0|AC  0|TAMS 0x0000000710400000, 0x0000000710400000|
| 261|0x0000000710500000, 0x0000000710600000, 0x0000000710600000|100%| E|CS|TS  0|AC  0|TAMS 0x0000000710500000, 0x0000000710500000|
| 262|0x0000000710600000, 0x0000000710700000, 0x0000000710700000|100%| E|CS|TS  0|AC  0|TAMS 0x0000000710600000, 0x0000000710600000|
| 263|0x0000000710700000, 0x0000000710800000, 0x0000000710800000|100%| E|CS|TS  0|AC  0|TAMS 0x0000000710700000, 0x0000000710700000|
| 264|0x0000000710800000, 0x0000000710900000, 0x0000000710900000|100%| E|CS|TS  0|AC  0|TAMS 0x0000000710800000, 0x0000000710800000|

Card table byte_map: [0x00000139f52f0000,0x00000139f58f0000] byte_map_base: 0x00000139f1af0000

Marking Bits (Prev, Next): (CMBitMap*) 0x00000139eefc10a0, (CMBitMap*) 0x00000139eefc10d8
 Prev Bits: [0x00000139fa8e0000, 0x00000139fd8e0000)
 Next Bits: [0x0000013995b40000, 0x0000013998b40000)

Polling page: 0x00000139ecdd0000

CodeHeap 'non-profiled nmethods': size=120064Kb used=26540Kb max_used=26540Kb free=93523Kb
 bounds [0x000001398e600000, 0x000001398fff0000, 0x0000013995b40000]
CodeHeap 'profiled nmethods': size=120000Kb used=46365Kb max_used=47422Kb free=73634Kb
 bounds [0x00000139870d0000, 0x000001398a040000, 0x000001398e600000]
CodeHeap 'non-nmethods': size=5696Kb used=1803Kb max_used=1854Kb free=3892Kb
 bounds [0x0000013986b40000, 0x0000013986db0000, 0x00000139870d0000]
 total_blobs=38581 nmethods=19750 adapters=1140
 compilation: enabled

Compilation events (10 events):
Event: 4386.513 Thread 0x00000139ef4c8800 nmethod 26303 0x000001398ffe6f10 code [0x000001398ffe7180, 0x000001398ffe8440]
Event: 4386.523 Thread 0x00000139ef4cf800 26304       4       ui.data.common.b.b::b (562 bytes)
Event: 4386.558 Thread 0x00000139ef4cf800 nmethod 26304 0x000001398ffe9210 code [0x000001398ffe9540, 0x000001398ffea978]
Event: 4387.243 Thread 0x00000139ef4d2000 26305       3       java.lang.invoke.BoundMethodHandle$Species_L6II::copyWithExtendL (49 bytes)
Event: 4387.244 Thread 0x00000139ef4d2000 nmethod 26305 0x000001398915f590 code [0x000001398915f7a0, 0x000001398915fdd0]
Event: 4387.244 Thread 0x00000139ef4d2000 26306       3       java.lang.invoke.DirectMethodHandle$Holder::invokeStatic (34 bytes)
Event: 4387.245 Thread 0x00000139ef4d2000 nmethod 26306 0x000001398903ca10 code [0x000001398903cbe0, 0x000001398903d200]
Event: 4387.248 Thread 0x00000139ef4d2000 26307       3       java.lang.invoke.BoundMethodHandle$Species_L6IIL::copyWith (46 bytes)
Event: 4387.249 Thread 0x00000139ef4d2000 nmethod 26307 0x0000013989027710 code [0x00000139890278c0, 0x0000013989027b50]
Event: 4387.249 Thread 0x00000139ef4c8800 26308       4       java.lang.invoke.LambdaFormEditor::addArgumentForm (121 bytes)

GC Heap History (10 events):
Event: 4383.588 GC heap before
{Heap before GC invocations=435 (full 53):
 garbage-first heap   total 269312K, used 144537K [0x0000000700000000, 0x0000000700100838, 0x00000007c0000000)
  region size 1024K, 60 young (61440K), 1 survivors (1024K)
 Metaspace       used 88254K, capacity 92719K, committed 95792K, reserved 1132544K
  class space    used 11649K, capacity 12486K, committed 13104K, reserved 1048576K
}
Event: 4383.594 GC heap after
{Heap after GC invocations=436 (full 53):
 garbage-first heap   total 323584K, used 84588K [0x0000000700000000, 0x00000007001009e0, 0x00000007c0000000)
  region size 1024K, 1 young (1024K), 1 survivors (1024K)
 Metaspace       used 88254K, capacity 92719K, committed 95792K, reserved 1132544K
  class space    used 11649K, capacity 12486K, committed 13104K, reserved 1048576K
}
Event: 4383.737 GC heap before
{Heap before GC invocations=436 (full 53):
 garbage-first heap   total 323584K, used 145004K [0x0000000700000000, 0x00000007001009e0, 0x00000007c0000000)
  region size 1024K, 60 young (61440K), 1 survivors (1024K)
 Metaspace       used 88254K, capacity 92719K, committed 95792K, reserved 1132544K
  class space    used 11649K, capacity 12486K, committed 13104K, reserved 1048576K
}
Event: 4383.741 GC heap after
{Heap after GC invocations=437 (full 53):
 garbage-first heap   total 323584K, used 84120K [0x0000000700000000, 0x00000007001009e0, 0x00000007c0000000)
  region size 1024K, 1 young (1024K), 1 survivors (1024K)
 Metaspace       used 88254K, capacity 92719K, committed 95792K, reserved 1132544K
  class space    used 11649K, capacity 12486K, committed 13104K, reserved 1048576K
}
Event: 4383.918 GC heap before
{Heap before GC invocations=437 (full 53):
 garbage-first heap   total 323584K, used 144536K [0x0000000700000000, 0x00000007001009e0, 0x00000007c0000000)
  region size 1024K, 60 young (61440K), 1 survivors (1024K)
 Metaspace       used 88259K, capacity 92719K, committed 95792K, reserved 1132544K
  class space    used 11649K, capacity 12486K, committed 13104K, reserved 1048576K
}
Event: 4383.921 GC heap after
{Heap after GC invocations=438 (full 53):
 garbage-first heap   total 323584K, used 84203K [0x0000000700000000, 0x00000007001009e0, 0x00000007c0000000)
  region size 1024K, 1 young (1024K), 1 survivors (1024K)
 Metaspace       used 88259K, capacity 92719K, committed 95792K, reserved 1132544K
  class space    used 11649K, capacity 12486K, committed 13104K, reserved 1048576K
}
Event: 4385.477 GC heap before
{Heap before GC invocations=438 (full 53):
 garbage-first heap   total 323584K, used 144619K [0x0000000700000000, 0x00000007001009e0, 0x00000007c0000000)
  region size 1024K, 60 young (61440K), 1 survivors (1024K)
 Metaspace       used 88267K, capacity 92719K, committed 95792K, reserved 1132544K
  class space    used 11649K, capacity 12486K, committed 13104K, reserved 1048576K
}
Event: 4385.485 GC heap after
{Heap after GC invocations=439 (full 53):
 garbage-first heap   total 323584K, used 84510K [0x0000000700000000, 0x00000007001009e0, 0x00000007c0000000)
  region size 1024K, 1 young (1024K), 1 survivors (1024K)
 Metaspace       used 88267K, capacity 92719K, committed 95792K, reserved 1132544K
  class space    used 11649K, capacity 12486K, committed 13104K, reserved 1048576K
}
Event: 4386.195 GC heap before
{Heap before GC invocations=439 (full 53):
 garbage-first heap   total 323584K, used 142878K [0x0000000700000000, 0x00000007001009e0, 0x00000007c0000000)
  region size 1024K, 57 young (58368K), 1 survivors (1024K)
 Metaspace       used 88270K, capacity 92719K, committed 95792K, reserved 1132544K
  class space    used 11649K, capacity 12486K, committed 13104K, reserved 1048576K
}
Event: 4386.493 GC heap after
{Heap after GC invocations=440 (full 54):
 garbage-first heap   total 271360K, used 81379K [0x0000000700000000, 0x0000000700100848, 0x00000007c0000000)
  region size 1024K, 0 young (0K), 0 survivors (0K)
 Metaspace       used 88200K, capacity 92543K, committed 95792K, reserved 1132544K
  class space    used 11629K, capacity 12448K, committed 13104K, reserved 1048576K
}

Deoptimization events (10 events):
Event: 4336.388 Thread 0x00000139fe6b3800 Uncommon trap: reason=bimorphic_or_optimized_type_check action=maybe_recompile pc=0x000001398f6501a4 method=sun.java2d.pipe.AlphaPaintPipe.startSequence(Lsun/java2d/SunGraphics2D;Ljava/awt/Shape;Ljava/awt/Rectangle;[I)Ljava/lang/Object; @ 23 c2
Event: 4336.389 Thread 0x00000139fe6b3800 Uncommon trap: reason=unstable_if action=reinterpret pc=0x000001398ff9544c method=sun.java2d.pipe.PixelToParallelogramConverter.drawRectangle(Lsun/java2d/SunGraphics2D;DDDDD)V @ 263 c2
Event: 4336.501 Thread 0x00000139fe6b3800 Uncommon trap: reason=bimorphic_or_optimized_type_check action=maybe_recompile pc=0x000001398f6501a4 method=sun.java2d.pipe.AlphaPaintPipe.startSequence(Lsun/java2d/SunGraphics2D;Ljava/awt/Shape;Ljava/awt/Rectangle;[I)Ljava/lang/Object; @ 23 c2
Event: 4336.502 Thread 0x00000139fe6b3800 Uncommon trap: reason=unstable_if action=reinterpret pc=0x000001398fce9d80 method=java.lang.StringCoding$StringDecoder.decode([BII)Ljava/lang/StringCoding$Result; @ 25 c2
Event: 4336.502 Thread 0x00000139fe6b3800 Uncommon trap: reason=unstable_fused_if action=reinterpret pc=0x000001398ec01100 method=sun.font.FontUtilities.isComplexCharCode(I)Z @ 20 c2
Event: 4336.502 Thread 0x00000139fe6b3800 Uncommon trap: reason=unstable_if action=reinterpret pc=0x000001398eb42f38 method=sun.font.CMap.getControlCodeGlyph(IZ)I @ 50 c2
Event: 4336.502 Thread 0x00000139fe6b3800 Uncommon trap: reason=unstable_if action=reinterpret pc=0x000001398eb418f0 method=sun.font.CMap.getControlCodeGlyph(IZ)I @ 50 c2
Event: 4338.445 Thread 0x00000139f2afc800 Uncommon trap: reason=class_check action=maybe_recompile pc=0x000001398f5707c8 method=sun.java2d.Disposer.run()V @ 11 c2
Event: 4387.239 Thread 0x00000139fe6b3800 Uncommon trap: reason=unloaded action=reinterpret pc=0x000001398ff820cc method=ui.frmwork.G.fireTclEvent(J)I @ 102 c2
Event: 4387.242 Thread 0x00000139fe6b3800 Uncommon trap: reason=unstable_if action=reinterpret pc=0x000001398ebbdb44 method=java.lang.Throwable.getOurStackTrace()[Ljava/lang/StackTraceElement; @ 7 c2

Classes redefined (0 events):
No events

Internal exceptions (10 events):
Event: 4201.730 Thread 0x00000139fe6b3800 Exception <a 'java/io/FileNotFoundException'{0x000000070f7da9e8}> (0x000000070f7da9e8) thrown at [t:/workspace/hotspot/src/share/vm/prims/jni.cpp, line 604]
Event: 4201.821 Thread 0x00000139fe6b3800 Exception <a 'java/io/FileNotFoundException'{0x000000070f0aa1f0}> (0x000000070f0aa1f0) thrown at [t:/workspace/hotspot/src/share/vm/prims/jni.cpp, line 604]
Event: 4203.259 Thread 0x00000139fe6b3800 Exception <a 'java/io/FileNotFoundException'{0x000000070cc9df70}> (0x000000070cc9df70) thrown at [t:/workspace/hotspot/src/share/vm/prims/jni.cpp, line 604]
Event: 4203.259 Thread 0x00000139fe6b3800 Exception <a 'java/io/FileNotFoundException'{0x000000070cc9f0e0}> (0x000000070cc9f0e0) thrown at [t:/workspace/hotspot/src/share/vm/prims/jni.cpp, line 604]
Event: 4250.112 Thread 0x00000139a2d39800 Exception <a 'java/lang/InterruptedException'{0x0000000710583808}: sleep interrupted> (0x0000000710583808) thrown at [t:/workspace/hotspot/src/share/vm/prims/jvm.cpp, line 2984]
Event: 4300.256 Thread 0x00000139fe6b3800 Implicit null exception at 0x000001398f18127d to 0x000001398f1818d4
Event: 4301.273 Thread 0x00000139fe6b3800 Implicit null exception at 0x000001398f775d90 to 0x000001398f778f4f
Event: 4301.347 Thread 0x00000139fe6b3800 Implicit null exception at 0x000001398f335ed6 to 0x000001398f335f2c
Event: 4301.347 Thread 0x00000139fe6b3800 Implicit null exception at 0x000001398fe98196 to 0x000001398fe989dd
Event: 4387.239 Thread 0x00000139fe6b3800 Exception <a 'ui/frmwork/CommandFailedException'{0x00000007104e1ee0}: Unknown exception occurred> (0x00000007104e1ee0) thrown at [t:/workspace/hotspot/src/share/vm/prims/jni.cpp, line 625]

Events (10 events):
Event: 4387.241 loading class java/lang/IndexOutOfBoundsException done
Event: 4387.241 loading class java/util/NoSuchElementException
Event: 4387.241 loading class java/util/NoSuchElementException done
Event: 4387.242 Thread 0x00000139fe6b3800 Uncommon trap: trap_request=0xffffff5d fr.pc=0x000001398ebbdb44 relative=0x0000000000000764
Event: 4387.242 Thread 0x00000139fe6b3800 DEOPT PACKING pc=0x000001398ebbdb44 sp=0x00000027079f4a00
Event: 4387.242 Thread 0x00000139fe6b3800 DEOPT UNPACKING pc=0x0000013986b8df29 sp=0x00000027079f49f8 mode 2
Event: 4387.247 loading class de/concept/nlview/NlviewException
Event: 4387.247 loading class de/concept/nlview/NlviewException done
Event: 4387.250 loading class ui/frmwork/COutOfMemoryException
Event: 4387.250 loading class ui/frmwork/COutOfMemoryException done


Dynamic libraries:
0x00007ff6770f0000 - 0x00007ff677120000 	C:\Xilinx\Vivado\2019.2\bin\unwrapped\win64.o\vivado.exe
0x00007ffb57e50000 - 0x00007ffb58048000 	C:\WINDOWS\SYSTEM32\ntdll.dll
0x00007ffb578e0000 - 0x00007ffb5799d000 	C:\WINDOWS\System32\KERNEL32.DLL
0x00007ffb555f0000 - 0x00007ffb558c2000 	C:\WINDOWS\System32\KERNELBASE.dll
0x00007ffb55b50000 - 0x00007ffb55c50000 	C:\WINDOWS\System32\ucrtbase.dll
0x00007ffb4d140000 - 0x00007ffb4d154000 	C:\Xilinx\Vivado\2019.2\lib\win64.o\libboost_signals.dll
0x00007ffad7d60000 - 0x00007ffad8ca3000 	C:\Xilinx\Vivado\2019.2\lib\win64.o\librdi_common.dll
0x00007ffb55f70000 - 0x00007ffb5610d000 	C:\WINDOWS\System32\USER32.dll
0x00007ffb55ab0000 - 0x00007ffb55ad2000 	C:\WINDOWS\System32\win32u.dll
0x00007ffb57410000 - 0x00007ffb5743b000 	C:\WINDOWS\System32\GDI32.dll
0x00007ffb55c50000 - 0x00007ffb55d5f000 	C:\WINDOWS\System32\gdi32full.dll
0x00007ffb55d60000 - 0x00007ffb55dfd000 	C:\WINDOWS\System32\msvcp_win.dll
0x00007ffb57d60000 - 0x00007ffb57e0e000 	C:\WINDOWS\System32\ADVAPI32.dll
0x00007ffb56110000 - 0x00007ffb561ae000 	C:\WINDOWS\System32\msvcrt.dll
0x00007ffb57b80000 - 0x00007ffb57c1c000 	C:\WINDOWS\System32\sechost.dll
0x00007ffb56a60000 - 0x00007ffb56b85000 	C:\WINDOWS\System32\RPCRT4.dll
0x00007ffb56cc0000 - 0x00007ffb57403000 	C:\WINDOWS\System32\SHELL32.dll
0x00007ffb55a80000 - 0x00007ffb55aa7000 	C:\WINDOWS\System32\bcrypt.dll
0x00007ffb44b70000 - 0x00007ffb44b86000 	C:\Xilinx\Vivado\2019.2\lib\win64.o\librdi_commonmain.dll
0x00007ffad3470000 - 0x00007ffad34fe000 	C:\WINDOWS\SYSTEM32\MSVCP140.dll
0x00007ffb34d60000 - 0x00007ffb34d7b000 	C:\WINDOWS\SYSTEM32\VCRUNTIME140.dll
0x00007ffad79f0000 - 0x00007ffad7d5e000 	C:\Xilinx\Vivado\2019.2\lib\win64.o\libCOIN-all.dll
0x00007ffb44b50000 - 0x00007ffb44b64000 	C:\Xilinx\Vivado\2019.2\lib\win64.o\libboost_date_time.dll
0x00007ffb3a230000 - 0x00007ffb3a256000 	C:\Xilinx\Vivado\2019.2\lib\win64.o\libboost_filesystem.dll
0x00007ffb33280000 - 0x00007ffb332ff000 	C:\Xilinx\Vivado\2019.2\lib\win64.o\libboost_program_options.dll
0x00007ffb08a50000 - 0x00007ffb08b64000 	C:\Xilinx\Vivado\2019.2\lib\win64.o\libboost_regex.dll
0x00007ffb4d110000 - 0x00007ffb4d11b000 	C:\Xilinx\Vivado\2019.2\lib\win64.o\libboost_system.dll
0x00007ffb285e0000 - 0x00007ffb28601000 	C:\Xilinx\Vivado\2019.2\lib\win64.o\libboost_thread.dll
0x00007ffb48c60000 - 0x00007ffb48c6f000 	C:\Xilinx\Vivado\2019.2\lib\win64.o\libboost_xilinx.dll
0x00007ffadb630000 - 0x00007ffadb6b2000 	C:\Xilinx\Vivado\2019.2\lib\win64.o\libhdlpsolve.dll
0x00007ffadb580000 - 0x00007ffadb625000 	C:\Xilinx\Vivado\2019.2\lib\win64.o\libhdxml.dll
0x00007ffac7470000 - 0x00007ffac806c200 	C:\Xilinx\Vivado\2019.2\lib\win64.o\libisl_iostreams.dll
0x00007ffb285b0000 - 0x00007ffb285de000 	C:\Xilinx\Vivado\2019.2\lib\win64.o\libisl_sysinfo.dll
0x00007ffb57a60000 - 0x00007ffb57acb000 	C:\WINDOWS\System32\WS2_32.dll
0x00007ffb1aa50000 - 0x00007ffb1aab5000 	C:\Xilinx\Vivado\2019.2\lib\win64.o\liblmx6.0.dll
0x00007ffb448e0000 - 0x00007ffb448fa000 	C:\Xilinx\Vivado\2019.2\lib\win64.o\pthreadVC2.dll
0x00007ffadb0d0000 - 0x00007ffadb271000 	C:\Xilinx\Vivado\2019.2\lib\win64.o\librdi_commonxillic.dll
0x00007ffb44830000 - 0x00007ffb4484c000 	C:\Xilinx\Vivado\2019.2\lib\win64.o\librdiconfig.dll
0x00007ffb283d0000 - 0x00007ffb283f1000 	C:\Xilinx\Vivado\2019.2\lib\win64.o\librdizlib.dll
0x0000000069a80000 - 0x0000000069bab000 	C:\Xilinx\Vivado\2019.2\lib\win64.o\tcl85t.dll
0x0000000012000000 - 0x0000000012270000 	C:\Xilinx\Vivado\2019.2\lib\win64.o\xerces-c_3_1.dll
0x00007ffb44fb0000 - 0x00007ffb44fc9000 	C:\WINDOWS\SYSTEM32\NETAPI32.dll
0x00007ffb3f210000 - 0x00007ffb3f6e9000 	C:\WINDOWS\SYSTEM32\WININET.dll
0x00007ffb4b900000 - 0x00007ffb4ba0d000 	C:\WINDOWS\SYSTEM32\WINHTTP.dll
0x00007ffb3f020000 - 0x00007ffb3f20d000 	C:\WINDOWS\SYSTEM32\urlmon.dll
0x00007ffac65d0000 - 0x00007ffac7461000 	C:\Xilinx\Vivado\2019.2\lib\win64.o\gurobi65.dll
0x00007ffb39100000 - 0x00007ffb39109000 	C:\WINDOWS\SYSTEM32\WSOCK32.dll
0x00007ffb1f560000 - 0x00007ffb1f591000 	C:\WINDOWS\SYSTEM32\VCOMP140.DLL
0x00007ffb44bd0000 - 0x00007ffb44bda000 	C:\Xilinx\Vivado\2019.2\lib\win64.o\librdi_commonversion.dll
0x00007ffad3460000 - 0x00007ffad346c000 	C:\WINDOWS\SYSTEM32\VCRUNTIME140_1.dll
0x00007ffb44a60000 - 0x00007ffb44a6d000 	C:\Xilinx\Vivado\2019.2\lib\win64.o\libboost_chrono.dll
0x00007ffb26f40000 - 0x00007ffb26f65000 	C:\Xilinx\Vivado\2019.2\lib\win64.o\libisl_iosutils.dll
0x00007ffb3d710000 - 0x00007ffb3d72b000 	C:\Xilinx\Vivado\2019.2\lib\win64.o\libboost_iostreams.dll
0x00007ffad7710000 - 0x00007ffad79eb000 	C:\Xilinx\Vivado\2019.2\lib\win64.o\libXil_lmgr11.dll
0x00007ffb56980000 - 0x00007ffb56a5a000 	C:\WINDOWS\System32\COMDLG32.dll
0x00007ffb561b0000 - 0x00007ffb56504000 	C:\WINDOWS\System32\combase.dll
0x00007ffb3ed60000 - 0x00007ffb3f011000 	C:\WINDOWS\SYSTEM32\iertutil.dll
0x00007ffb57ad0000 - 0x00007ffb57b7d000 	C:\WINDOWS\System32\shcore.dll
0x00007ffb55f10000 - 0x00007ffb55f65000 	C:\WINDOWS\System32\SHLWAPI.dll
0x00007ffb57800000 - 0x00007ffb578cd000 	C:\WINDOWS\System32\OLEAUT32.dll
0x00007ffb56b90000 - 0x00007ffb56cba000 	C:\WINDOWS\System32\ole32.dll
0x00007ffb55ae0000 - 0x00007ffb55b49000 	C:\WINDOWS\System32\WINTRUST.dll
0x00007ffb55920000 - 0x00007ffb55a76000 	C:\WINDOWS\System32\CRYPT32.dll
0x00007ffb54a00000 - 0x00007ffb54a0c000 	C:\WINDOWS\SYSTEM32\netutils.dll
0x00007ffb44170000 - 0x00007ffb44198000 	C:\WINDOWS\SYSTEM32\srvcli.dll
0x00007ffb33180000 - 0x00007ffb33230000 	C:\WINDOWS\WinSxS\amd64_microsoft.windows.common-controls_6595b64144ccf1df_5.82.19041.1110_none_792d1c772443f647\COMCTL32.dll
0x00007ffb48dc0000 - 0x00007ffb48ddd000 	C:\WINDOWS\SYSTEM32\dhcpcsvc.DLL
0x00007ffb57cb0000 - 0x00007ffb57ce0000 	C:\WINDOWS\System32\IMM32.DLL
0x00007ffb55150000 - 0x00007ffb55162000 	C:\WINDOWS\SYSTEM32\MSASN1.dll
0x00007ffb53db0000 - 0x00007ffb53dc2000 	C:\WINDOWS\SYSTEM32\kernel.appcore.dll
0x00007ffad71f0000 - 0x00007ffad7707000 	C:\Xilinx\Vivado\2019.2\lib\win64.o\librdi_commontasks.dll
0x0000000069050000 - 0x0000000069a75000 	C:\Xilinx\Vivado\2019.2\tps\win64\jre9.0.4\bin\server\jvm.dll
0x00007ffb57a50000 - 0x00007ffb57a58000 	C:\WINDOWS\System32\PSAPI.DLL
0x00007ffad6130000 - 0x00007ffad6413000 	C:\Xilinx\Vivado\2019.2\lib\win64.o\librdi_sio.dll
0x00007ffb48e80000 - 0x00007ffb48e8a000 	C:\WINDOWS\SYSTEM32\VERSION.dll
0x00007ffb31670000 - 0x00007ffb31697000 	C:\WINDOWS\SYSTEM32\WINMM.dll
0x00007ffad9e20000 - 0x00007ffad9f0f000 	C:\WINDOWS\SYSTEM32\MSVCR120.dll
0x00007ffb549c0000 - 0x00007ffb549fb000 	C:\WINDOWS\SYSTEM32\IPHLPAPI.DLL
0x00007ffb54d20000 - 0x00007ffb54d8a000 	C:\WINDOWS\SYSTEM32\MSWSOCK.DLL
0x00007ffb53160000 - 0x00007ffb538f1000 	C:\WINDOWS\SYSTEM32\windows.storage.dll
0x00007ffb54fc0000 - 0x00007ffb54ff0000 	C:\WINDOWS\SYSTEM32\Wldp.dll
0x00007ffac1950000 - 0x00007ffac4095000 	C:\Xilinx\Vivado\2019.2\lib\win64.o\librdi_tcltasks.dll
0x00007ffaf9820000 - 0x00007ffaf989b000 	C:\Xilinx\Vivado\2019.2\lib\win64.o\librdi_boarddep.dll
0x00007ffac92a0000 - 0x00007ffac9754000 	C:\Xilinx\Vivado\2019.2\lib\win64.o\librdi_bitstream.dll
0x00007ffad5bb0000 - 0x00007ffad5d4d000 	C:\Xilinx\Vivado\2019.2\lib\win64.o\librdi_board.dll
0x00007ffad5a50000 - 0x00007ffad5ba2000 	C:\Xilinx\Vivado\2019.2\lib\win64.o\librdi_cd_client.dll
0x00007ffad8eb0000 - 0x00007ffad8f9f000 	C:\Xilinx\Vivado\2019.2\lib\win64.o\librdi_chipscope.dll
0x00007ffad4c20000 - 0x00007ffad4de0000 	C:\Xilinx\Vivado\2019.2\lib\win64.o\librdi_chipscopeimpl.dll
0x00007ffac4410000 - 0x00007ffac4ae9000 	C:\Xilinx\Vivado\2019.2\lib\win64.o\librdi_coregenipxact.dll
0x00007ffabec30000 - 0x00007ffac0c20000 	C:\Xilinx\Vivado\2019.2\lib\win64.o\librdi_coregen.dll
0x00007ffac4af0000 - 0x00007ffac65ca000 	C:\Xilinx\Vivado\2019.2\lib\win64.o\librdi_constraints.dll
0x00007ffac9f70000 - 0x00007ffaca2ba000 	C:\Xilinx\Vivado\2019.2\lib\win64.o\librdi_dlyest.dll
0x00007ffaba960000 - 0x00007ffabec2b000 	C:\Xilinx\Vivado\2019.2\lib\win64.o\librdi_designutils.dll
0x00007ffadaa70000 - 0x00007ffadab34000 	C:\Xilinx\Vivado\2019.2\lib\win64.o\librdi_dsp.dll
0x00007ffaa57e0000 - 0x00007ffaa5dad000 	C:\Xilinx\Vivado\2019.2\lib\win64.o\librdi_drc.dll
0x00007ffac9a70000 - 0x00007ffac9d80000 	C:\Xilinx\Vivado\2019.2\lib\win64.o\librdi_guitools.dll
0x00007ffaa5170000 - 0x00007ffaa57db000 	C:\Xilinx\Vivado\2019.2\lib\win64.o\librdi_filemgmt.dll
0x00007ffad9db0000 - 0x00007ffad9e1a000 	C:\Xilinx\Vivado\2019.2\lib\win64.o\librdi_hdf.dll
0x00007ffad4250000 - 0x00007ffad4470000 	C:\Xilinx\Vivado\2019.2\lib\win64.o\librdi_hip_devdesign.dll
0x00007ffac9920000 - 0x00007ffac9a68000 	C:\Xilinx\Vivado\2019.2\lib\win64.o\librdi_hip_perf_analysis.dll
0x00007ffac11f0000 - 0x00007ffac1514000 	C:\Xilinx\Vivado\2019.2\lib\win64.o\librdi_containers.dll
0x00007ffaa5db0000 - 0x00007ffaba95b000 	C:\Xilinx\Vivado\2019.2\lib\win64.o\librdi_device.dll
0x00007ffad7170000 - 0x00007ffad71e4000 	C:\Xilinx\Vivado\2019.2\lib\win64.o\librdi_memoryarray.dll
0x00007ffaa33c0000 - 0x00007ffaa39f1000 	C:\Xilinx\Vivado\2019.2\lib\win64.o\librdi_memdata.dll
0x00007ffb09da0000 - 0x00007ffb09dec000 	C:\Xilinx\Vivado\2019.2\lib\win64.o\librdi_pfi.dll
0x00007ffa9ff00000 - 0x00007ffaa05e3000 	C:\Xilinx\Vivado\2019.2\lib\win64.o\librdi_netlist.dll
0x00007ffa9d310000 - 0x00007ffa9d62b000 	C:\Xilinx\Vivado\2019.2\lib\win64.o\librdi_platform.dll
0x00007ffaa05f0000 - 0x00007ffaa33bb000 	C:\Xilinx\Vivado\2019.2\lib\win64.o\librdi_mig.dll
0x00007ffa9cd50000 - 0x00007ffa9d30a000 	C:\Xilinx\Vivado\2019.2\lib\win64.o\librdi_project.dll
0x00007ffaa3a00000 - 0x00007ffaa516d000 	C:\Xilinx\Vivado\2019.2\lib\win64.o\librdi_implflow.dll
0x00007ffa9d630000 - 0x00007ffa9fef7000 	C:\Xilinx\Vivado\2019.2\lib\win64.o\librdi_place.dll
0x00007ffa9be00000 - 0x00007ffa9c533000 	C:\Xilinx\Vivado\2019.2\lib\win64.o\librdi_psta.dll
0x00007ffad50c0000 - 0x00007ffad51c8000 	C:\Xilinx\Vivado\2019.2\lib\win64.o\librdi_runsbase.dll
0x00007ffa9b9d0000 - 0x00007ffa9bdf3000 	C:\Xilinx\Vivado\2019.2\lib\win64.o\librdi_runs.dll
0x00007ffa9b300000 - 0x00007ffa9b9c1000 	C:\Xilinx\Vivado\2019.2\lib\win64.o\librdi_rsb.dll
0x00007ffac16d0000 - 0x00007ffac1945000 	C:\Xilinx\Vivado\2019.2\lib\win64.o\librdi_simdata.dll
0x00007ffa9a470000 - 0x00007ffa9b2fd000 	C:\Xilinx\Vivado\2019.2\lib\win64.o\librdi_timing.dll
0x00007ffa9c540000 - 0x00007ffa9cd4b000 	C:\Xilinx\Vivado\2019.2\lib\win64.o\librdi_power.dll
0x00007ffac9100000 - 0x00007ffac92a0000 	C:\Xilinx\Vivado\2019.2\lib\win64.o\librdi_cd_protocol.dll
0x00007ffa9a2c0000 - 0x00007ffa9a461000 	C:\Xilinx\Vivado\2019.2\lib\win64.o\librdi_advchipscopeimpl.dll
0x00007ffadcaa0000 - 0x00007ffadcaec000 	C:\Xilinx\Vivado\2019.2\lib\win64.o\libboost_serialization.dll
0x00007ffad55a0000 - 0x00007ffad5677000 	C:\Xilinx\Vivado\2019.2\lib\win64.o\librdi_ipconfig_readwrite.dll
0x00007ffadb080000 - 0x00007ffadb0ca000 	C:\Xilinx\Vivado\2019.2\lib\win64.o\librdi_noc_frameworks.dll
0x00007ffa99770000 - 0x00007ffa9a2b7000 	C:\Xilinx\Vivado\2019.2\lib\win64.o\libverific.dll
0x00007ffa99580000 - 0x00007ffa99764000 	C:\Xilinx\Vivado\2019.2\lib\win64.o\librdi_hip_config.dll
0x00007ffa99030000 - 0x00007ffa9957e000 	C:\Xilinx\Vivado\2019.2\lib\win64.o\librdi_xdm.dll
0x00007ffad7120000 - 0x00007ffad716a000 	C:\Xilinx\Vivado\2019.2\lib\win64.o\librdi_wavedata_SimpleApi.dll
0x00007ffa98a10000 - 0x00007ffa9902b000 	C:\Xilinx\Vivado\2019.2\lib\win64.o\librdi_wavedata.dll

VM Arguments:
jvm_args: -Dsun.java2d.pmoffscreen=false -Dsun.java2d.xrender=false -Dsun.java2d.d3d=false -Dsun.awt.nopixfmt=true -Dsun.java2d.dpiaware=true -Dsun.java2d.uiScale.enabled=false -Xverify:none -Dswing.aatext=true -XX:-UsePerfData -Djdk.map.althashing.threshold=512 -XX:StringTableSize=4072 --add-opens=java.base/java.nio=ALL-UNNAMED --add-opens=java.desktop/sun.swing=ALL-UNNAMED --add-opens=java.desktop/javax.swing=ALL-UNNAMED --add-opens=java.desktop/javax.swing.tree=ALL-UNNAMED --add-opens=java.desktop/javax.swing.plaf.basic=ALL-UNNAMED --add-opens=java.desktop/javax.swing.plaf.synth=ALL-UNNAMED --add-opens=java.desktop/com.sun.awt=ALL-UNNAMED -XX:NewSize=60m -XX:MaxNewSize=60m -Xms128m -Xmx3072m -Xss5m 
java_command: <unknown>
java_class_path (initial): C:/Xilinx/Vivado/2019.2\lib\classes\alloy.jar;C:/Xilinx/Vivado/2019.2\lib\classes\autoesl-common.jar;C:/Xilinx/Vivado/2019.2\lib\classes\autoesl-models.jar;C:/Xilinx/Vivado/2019.2\lib\classes\autoesl-report.jar;C:/Xilinx/Vivado/2019.2\lib\classes\autopilot.scelaborator.jar;C:/Xilinx/Vivado/2019.2\lib\classes\autopilot.sourceprocessor.jar;C:/Xilinx/Vivado/2019.2\lib\classes\autopilot.tbprocessor.jar;C:/Xilinx/Vivado/2019.2\lib\classes\batik-anim.jar;C:/Xilinx/Vivado/2019.2\lib\classes\batik-awt-util.jar;C:/Xilinx/Vivado/2019.2\lib\classes\batik-bridge.jar;C:/Xilinx/Vivado/2019.2\lib\classes\batik-codec.jar;C:/Xilinx/Vivado/2019.2\lib\classes\batik-css.jar;C:/Xilinx/Vivado/2019.2\lib\classes\batik-dom.jar;C:/Xilinx/Vivado/2019.2\lib\classes\batik-ext.jar;C:/Xilinx/Vivado/2019.2\lib\classes\batik-gui-util.jar;C:/Xilinx/Vivado/2019.2\lib\classes\batik-gvt.jar;C:/Xilinx/Vivado/2019.2\lib\classes\batik-parser.jar;C:/Xilinx/Vivado/2019.2\lib\classes\batik-script.jar;C:/Xilinx/Vivado/2019.2\lib\classes\batik-svg-dom.jar;C:/Xilinx/Vivado/2019.2\lib\classes\batik-swing.jar;C:/Xilinx/Vivado/2019.2\lib\classes\batik-transcoder.jar;C:/Xilinx/Vivado/2019.2\lib\classes\batik-util.jar;C:/Xilinx/Vivado/2019.2\lib\classes\batik-xml.jar;C:/Xilinx/Vivado/2019.2\lib\classes\com.google.gson_2.7.0.v20170129-0911.jar;C:/Xilinx/Vivado/2019.2\lib\classes\com.google.guava_21.0.0.v20170206-1425.jar;C:/Xilinx/Vivado/2019.2\lib\classes\com.ibm.icu_4.4.2.v20110208.jar;C:/Xilinx/Vivado/2019.2\lib\classes\com.sigasi.hdt.connection_4.5.0.201909241521.jar;C:/Xilinx/Vivado/2019.2\lib\classes\com.sigasi.hdt.epl_4.5.0.201909241521.jar;C:/Xilinx/Vivado/2019.2\lib\classes\com.sigasi.hdt.project_4.5.0.201909241521.jar;C:/Xilinx/Vivado/2019.2\lib\classes\com.sigasi.hdt.readonlyfilesystem_4.5.0.201909241521.jar;C:/Xilinx/Vivado/2019.2\lib\classes\com.sigasi.lcm_4.5.0.201909241521.jar;C:/Xilinx/Vivado/2019.2\lib\classes\com.sigasi.sdk.client_4.5.0.201909241521.jar;C:/Xilinx/Vivado
Launcher Type: generic

Logging:
Log output configuration:
#0: stdout all=warning uptime,level,tags
#1: stderr all=off uptime,level,tags

Environment Variables:
PATH=C:/Xilinx/Vivado/2019.2/bin;C:/Xilinx/Vivado/2019.2/lib/win64.o;C:/Xilinx/Vivado/2019.2/tps/win64/jre9.0.4/bin/server;C:/Xilinx/Vivado/2019.2/tps/win64/jre9.0.4/bin;C:/Xilinx/Vivado/2019.2/ids_lite/ISE/bin/nt64;C:/Xilinx/Vivado/2019.2/ids_lite/ISE/lib/nt64;C:\Program Files\Common Files\Oracle\Java\javapath;C:\Python310\Scripts\;C:\Python310\;C:\Program Files (x86)\NVIDIA Corporation\PhysX\Common;C:\WINDOWS\system32;C:\WINDOWS;C:\WINDOWS\System32\Wbem;C:\WINDOWS\System32\WindowsPowerShell\v1.0\;C:\WINDOWS\System32\OpenSSH\;C:\HashiCorp\Vagrant\bin;C:\ProgramData\chocolatey\bin;C:\Users\\AppData\Local\Microsoft\WindowsApps;;C:\intelFPGA\19.1\modelsim_ase\win32aloem;C:\iverilog\bin;C:\iverilog\gtkwave\bin;C:\intelFPGA_lite\21.1\questa_fse\win64;C:/Xilinx/Vivado/2019.2\tps\mingw\6.2.0\win64.o\nt\bin;C:/Xilinx/Vivado/2019.2\tps\mingw\6.2.0\win64.o\nt\libexec\gcc\x86_64-w64-mingw32\6.2.0;C:/Xilinx/Vivado/2019.2\tps\win64\python-2.7.5;C:/Xilinx/Vivado/2019.2\tps\win64\python-2.7.5\bin;C:/Xilinx/Vivado/2019.2\tps\win64\python-2.7.5\lib;C:/Xilinx/Vivado/2019.2\tps\win64\python-2.7.5\Lib\lib-tk;C:/Xilinx/Vivado/2019.2\tps\win64\python-2.7.5\lib\site-packages
USERNAME=
OS=Windows_NT
PROCESSOR_IDENTIFIER=Intel64 Family 6 Model 140 Stepping 1, GenuineIntel



---------------  S Y S T E M  ---------------

OS: Windows 10 , 64 bit Build 19041 (10.0.19041.1889)

CPU:total 4 (initial active 4) (2 cores per cpu, 2 threads per core) family 6 model 140 stepping 1, cmov, cx8, fxsr, mmx, sse, sse2, sse3, ssse3, sse4.1, sse4.2, popcnt, avx, avx2, aes, clmul, erms, 3dnowpref, lzcnt, ht, tsc, tscinvbit, bmi1, bmi2, adx, sha, fma

Memory: 4k page, physical 8071412k(2003312k free), swap 11086068k(3408180k free)

vm_info: Java HotSpot(TM) 64-Bit Server VM (9.0.4+11) for windows-amd64 JRE (9.0.4+11), built on Dec 20 2017 02:18:54 by "mach5one" with MS VC++ 12.0 (VS2013)

END.
