Vivado Simulator 2019.2
Time resolution is 1 ps
Value 1: x = xxxxxxxxxxxx; Value sinx = 0000000000000000
Value 2: x = 000110000000; Value sinx = xxxxxxxxxxxxxxxx
Value 3: x = 011001000000; Value sinx = xxxxxxxxxxxxxxxx
Value 1: x = 001010000000; Value sinx = xxxxxxxxxxxxxxxx
Value 2: x = 000110000000; Value sinx = xxxxxxxxxxxxxxxx
Value 3: x = 011001000000; Value sinx = xxxxxxxxxxxxxxxx
Value 1: x = 001010000000; Value sinx = 1001010010111110
Value 2: x = 000110000000; Value sinx = 0010111011101010
Value 3: x = 011001000000; Value sinx = 0000110010011100
Value 1: x = 001010000000; Value sinx = 1100100110010101
Value 2: x = 000110000000; Value sinx = 1000111100101110
Value 3: x = 011001000000; Value sinx = 0001000101101101
Value 1: x = 001010000000; Value sinx = 0000000000000000
Value 2: x = 000110000000; Value sinx = 0000000000000000
Value 3: x = 011001000000; Value sinx = 1000011111101011
Value 1: x = 001010000000; Value sinx = 1000011111101011
Value 2: x = 000110000000; Value sinx = 1000011111101011
Value 3: x = 011001000000; Value sinx = 1000011111101011
Value 1: x = 001010000000; Value sinx = 1000011111101011
Value 2: x = 000110000000; Value sinx = 1000011111101011
Value 3: x = 011001000000; Value sinx = 0010000000010101
Value 1: x = 001010000000; Value sinx = 1000111001100111
Value 2: x = 000110000000; Value sinx = 0101001011011101
Value 3: x = 011001000000; Value sinx = 0101110101101101
Value 1: x = 001010000000; Value sinx = 1001010010111110
Value 2: x = 000110000000; Value sinx = 0010111011101010
Value 3: x = 011001000000; Value sinx = 0000110010011100
Value 1: x = 001010000000; Value sinx = 1100100110010101
$stop called at time : 785 ns : File "C:/Vivado_project/JOB_projects/tb/Sine_Taylor/sine_tb.sv" Line 57
Value 2: x = 000110000000; Value sinx = 0011110011010010
Value 3: x = 011001000000; Value sinx = 0101110101101101
Value 1: x = 001010000000; Value sinx = 1001010010111110
Value 2: x = 000110000000; Value sinx = 0010111011101010
Value 3: x = 011001000000; Value sinx = 0000110010011100
Value 1: x = 001010000000; Value sinx = 1100100110010101
Value 2: x = 000110000000; Value sinx = 0011110011010010
Value 3: x = 011001000000; Value sinx = 0101110101101101
Value 1: x = 001010000000; Value sinx = 1001010010111110
Value 2: x = 000110000000; Value sinx = 0010111011101010
Value 3: x = 011001000000; Value sinx = 0000110010011100
Value 1: x = 001010000000; Value sinx = 1100100110010101
Value 2: x = 000110000000; Value sinx = 0011110011010010
Value 3: x = 011001000000; Value sinx = 0101110101101101
Value 1: x = 001010000000; Value sinx = 1001010010111110
Value 2: x = 000110000000; Value sinx = 0010111011101010
Value 3: x = 011001000000; Value sinx = 0000110010011100
Value 1: x = 001010000000; Value sinx = 1100100110010101
Value 2: x = 000110000000; Value sinx = 0011110011010010
Value 3: x = 011001000000; Value sinx = 0101110101101101
Value 1: x = 001010000000; Value sinx = 1001010010111110
Value 2: x = 000110000000; Value sinx = 0010111011101010
Value 3: x = 011001000000; Value sinx = 0000110010011100
Value 1: x = 001010000000; Value sinx = 1100100110010101
Value 2: x = 000110000000; Value sinx = 0011110011010010
Value 3: x = 011001000000; Value sinx = 0101110101101101
Value 1: x = 001010000000; Value sinx = 1001010010111110
Value 2: x = 000110000000; Value sinx = 0010111011101010
Value 3: x = 011001000000; Value sinx = 0000110010011100
Value 1: x = 001010000000; Value sinx = 1100100110010101
Value 2: x = 000110000000; Value sinx = 0011110011010010
Value 3: x = 011001000000; Value sinx = 0101110101101101
Value 1: x = 001010000000; Value sinx = 1001010010111110
Value 2: x = 000110000000; Value sinx = 0010111011101010
Value 3: x = 011001000000; Value sinx = 0000110010011100
Value 1: x = 001010000000; Value sinx = 1100100110010101
Value 2: x = 000110000000; Value sinx = 0011110011010010
Value 3: x = 011001000000; Value sinx = 0101110101101101
Value 1: x = 001010000000; Value sinx = 1001010010111110
Value 2: x = 000110000000; Value sinx = 0010111011101010
Value 3: x = 011001000000; Value sinx = 0000110010011100
Value 1: x = 001010000000; Value sinx = 1100100110010101
Value 2: x = 000110000000; Value sinx = 0011110011010010
Value 3: x = 011001000000; Value sinx = 0101110101101101
Value 1: x = 001010000000; Value sinx = 1001010010111110
Value 2: x = 000110000000; Value sinx = 0010111011101010
Value 3: x = 011001000000; Value sinx = 0000110010011100
Value 1: x = 001010000000; Value sinx = 1100100110010101
Value 2: x = 000110000000; Value sinx = 0011110011010010
Value 3: x = 011001000000; Value sinx = 0101110101101101
Value 1: x = 001010000000; Value sinx = 1001010010111110
Value 2: x = 000110000000; Value sinx = 0010111011101010
Value 3: x = 011001000000; Value sinx = 0000110010011100
Value 1: x = 001010000000; Value sinx = 1100100110010101
Value 2: x = 000110000000; Value sinx = 0011110011010010
Value 3: x = 011001000000; Value sinx = 0101110101101101
Value 1: x = 001010000000; Value sinx = 1001010010111110
Value 2: x = 000110000000; Value sinx = 0010111011101010
Value 3: x = 011001000000; Value sinx = 0000110010011100
Value 1: x = 001010000000; Value sinx = 1100100110010101
Value 2: x = 000110000000; Value sinx = 0011110011010010
Value 3: x = 011001000000; Value sinx = 0101110101101101
Value 1: x = 001010000000; Value sinx = 1001010010111110
Value 2: x = 000110000000; Value sinx = 0010111011101010
Value 3: x = 011001000000; Value sinx = 0000110010011100
Value 1: x = 001010000000; Value sinx = 1100100110010101
Value 2: x = 000110000000; Value sinx = 0011110011010010
Value 3: x = 011001000000; Value sinx = 0101110101101101
Value 1: x = 001010000000; Value sinx = 1001010010111110
Value 2: x = 000110000000; Value sinx = 0010111011101010
Value 3: x = 011001000000; Value sinx = 0000110010011100
Value 1: x = 001010000000; Value sinx = 1100100110010101
Value 2: x = 000110000000; Value sinx = 0011110011010010
Value 3: x = 011001000000; Value sinx = 0101110101101101
Value 1: x = 001010000000; Value sinx = 1001010010111110
Value 2: x = 000110000000; Value sinx = 0010111011101010
Value 3: x = 011001000000; Value sinx = 0000110010011100
Value 1: x = 001010000000; Value sinx = 1100100110010101
Value 2: x = 000110000000; Value sinx = 0011110011010010
Value 3: x = 011001000000; Value sinx = 0101110101101101
Value 1: x = 001010000000; Value sinx = 1001010010111110
Value 2: x = 000110000000; Value sinx = 0010111011101010
Value 3: x = 011001000000; Value sinx = 0000110010011100
Value 1: x = 001010000000; Value sinx = 1100100110010101
Value 2: x = 000110000000; Value sinx = 0011110011010010
Value 3: x = 011001000000; Value sinx = 0101110101101101
Value 1: x = 001010000000; Value sinx = 1001010010111110
Value 2: x = 000110000000; Value sinx = 0010111011101010
Value 3: x = 011001000000; Value sinx = 0000110010011100
Value 1: x = 001010000000; Value sinx = 1100100110010101
Value 2: x = 000110000000; Value sinx = 0011110011010010
Value 3: x = 011001000000; Value sinx = 0101110101101101
Value 1: x = 001010000000; Value sinx = 1001010010111110
Value 2: x = 000110000000; Value sinx = 0010111011101010
Value 3: x = 011001000000; Value sinx = 0000110010011100
Value 1: x = 001010000000; Value sinx = 1100100110010101
Value 2: x = 000110000000; Value sinx = 0011110011010010
Value 3: x = 011001000000; Value sinx = 0101110101101101
Value 1: x = 001010000000; Value sinx = 1001010010111110
Value 2: x = 000110000000; Value sinx = 0010111011101010
Value 3: x = 011001000000; Value sinx = 0000110010011100
Value 1: x = 001010000000; Value sinx = 1100100110010101
Value 2: x = 000110000000; Value sinx = 0011110011010010
Value 3: x = 011001000000; Value sinx = 0101110101101101
Value 1: x = 001010000000; Value sinx = 1001010010111110
Value 2: x = 000110000000; Value sinx = 0010111011101010
Value 3: x = 011001000000; Value sinx = 0000110010011100
Value 1: x = 001010000000; Value sinx = 1100100110010101
Value 2: x = 000110000000; Value sinx = 0011110011010010
Value 3: x = 011001000000; Value sinx = 0101110101101101
Value 1: x = 001010000000; Value sinx = 1001010010111110
Value 2: x = 000110000000; Value sinx = 0010111011101010
Value 3: x = 011001000000; Value sinx = 0000110010011100
Value 1: x = 001010000000; Value sinx = 1100100110010101
Value 2: x = 000110000000; Value sinx = 0011110011010010
Value 3: x = 011001000000; Value sinx = 0101110101101101
Value 1: x = 001010000000; Value sinx = 1001010010111110
Value 2: x = 000110000000; Value sinx = 0010111011101010
Value 3: x = 011001000000; Value sinx = 0000110010011100
Value 1: x = 001010000000; Value sinx = 1100100110010101
Value 2: x = 000110000000; Value sinx = 0011110011010010
Value 3: x = 011001000000; Value sinx = 0101110101101101
Value 1: x = 001010000000; Value sinx = 1001010010111110
Value 2: x = 000110000000; Value sinx = 0010111011101010
Value 3: x = 011001000000; Value sinx = 0000110010011100
Value 1: x = 001010000000; Value sinx = 1100100110010101
Value 2: x = 000110000000; Value sinx = 0011110011010010
Value 3: x = 011001000000; Value sinx = 0101110101101101
Value 1: x = 001010000000; Value sinx = 1001010010111110
Value 2: x = 000110000000; Value sinx = 0010111011101010
Value 3: x = 011001000000; Value sinx = 0000110010011100
Value 1: x = 001010000000; Value sinx = 1100100110010101
Value 2: x = 000110000000; Value sinx = 0011110011010010
Value 3: x = 011001000000; Value sinx = 0101110101101101
Value 1: x = 001010000000; Value sinx = 1001010010111110
Value 2: x = 000110000000; Value sinx = 0010111011101010
Value 3: x = 011001000000; Value sinx = 0000110010011100
Value 1: x = 001010000000; Value sinx = 1100100110010101
Value 2: x = 000110000000; Value sinx = 0011110011010010
Value 3: x = 011001000000; Value sinx = 0101110101101101
Value 1: x = 001010000000; Value sinx = 1001010010111110
Value 2: x = 000110000000; Value sinx = 0010111011101010
Value 3: x = 011001000000; Value sinx = 0000110010011100
Value 1: x = 001010000000; Value sinx = 1100100110010101
Value 2: x = 000110000000; Value sinx = 0011110011010010
Value 3: x = 011001000000; Value sinx = 0101110101101101
Value 1: x = 001010000000; Value sinx = 1001010010111110
Value 2: x = 000110000000; Value sinx = 0010111011101010
Value 3: x = 011001000000; Value sinx = 0000110010011100
Value 1: x = 001010000000; Value sinx = 1100100110010101
Value 2: x = 000110000000; Value sinx = 0011110011010010
Value 3: x = 011001000000; Value sinx = 0101110101101101
Value 1: x = 001010000000; Value sinx = 1001010010111110
Value 2: x = 000110000000; Value sinx = 0010111011101010
Value 3: x = 011001000000; Value sinx = 0000110010011100
Value 1: x = 001010000000; Value sinx = 1100100110010101
Value 2: x = 000110000000; Value sinx = 0011110011010010
Value 3: x = 011001000000; Value sinx = 0101110101101101
Value 1: x = 001010000000; Value sinx = 1001010010111110
Value 2: x = 000110000000; Value sinx = 0010111011101010
Value 3: x = 011001000000; Value sinx = 0000110010011100
Value 1: x = 001010000000; Value sinx = 1100100110010101
Value 2: x = 000110000000; Value sinx = 0011110011010010
Value 3: x = 011001000000; Value sinx = 0101110101101101
Value 1: x = 001010000000; Value sinx = 1001010010111110
Value 2: x = 000110000000; Value sinx = 0010111011101010
Value 3: x = 011001000000; Value sinx = 0000110010011100
Value 1: x = 001010000000; Value sinx = 1100100110010101
Value 2: x = 000110000000; Value sinx = 0011110011010010
Value 3: x = 011001000000; Value sinx = 0101110101101101
Value 1: x = 001010000000; Value sinx = 1001010010111110
Value 2: x = 000110000000; Value sinx = 0010111011101010
Value 3: x = 011001000000; Value sinx = 0000110010011100
Value 1: x = 001010000000; Value sinx = 1100100110010101
Value 2: x = 000110000000; Value sinx = 0011110011010010
Value 3: x = 011001000000; Value sinx = 0101110101101101
Value 1: x = 001010000000; Value sinx = 1001010010111110
Value 2: x = 000110000000; Value sinx = 0010111011101010
Value 3: x = 011001000000; Value sinx = 0000110010011100
Value 1: x = 001010000000; Value sinx = 1100100110010101
Value 2: x = 000110000000; Value sinx = 0011110011010010
Value 3: x = 011001000000; Value sinx = 0101110101101101
Value 1: x = 001010000000; Value sinx = 1001010010111110
Value 2: x = 000110000000; Value sinx = 0010111011101010
Value 3: x = 011001000000; Value sinx = 0000110010011100
Value 1: x = 001010000000; Value sinx = 1100100110010101
Value 2: x = 000110000000; Value sinx = 0011110011010010
Value 3: x = 011001000000; Value sinx = 0101110101101101
Value 1: x = 001010000000; Value sinx = 1001010010111110
Value 2: x = 000110000000; Value sinx = 0010111011101010
Value 3: x = 011001000000; Value sinx = 0000110010011100
Value 1: x = 001010000000; Value sinx = 1100100110010101
Value 2: x = 000110000000; Value sinx = 0011110011010010
Value 3: x = 011001000000; Value sinx = 0101110101101101
Value 1: x = 001010000000; Value sinx = 1001010010111110
Value 2: x = 000110000000; Value sinx = 0010111011101010
Value 3: x = 011001000000; Value sinx = 0000110010011100
Value 1: x = 001010000000; Value sinx = 1100100110010101
Value 2: x = 000110000000; Value sinx = 0011110011010010
Value 3: x = 011001000000; Value sinx = 0101110101101101
Value 1: x = 001010000000; Value sinx = 1001010010111110
Value 2: x = 000110000000; Value sinx = 0010111011101010
Value 3: x = 011001000000; Value sinx = 0000110010011100
Value 1: x = 001010000000; Value sinx = 1100100110010101
Value 2: x = 000110000000; Value sinx = 0011110011010010
Value 3: x = 011001000000; Value sinx = 0101110101101101
Value 1: x = 001010000000; Value sinx = 1001010010111110
Value 2: x = 000110000000; Value sinx = 0010111011101010
Value 3: x = 011001000000; Value sinx = 0000110010011100
Value 1: x = 001010000000; Value sinx = 1100100110010101
Value 2: x = 000110000000; Value sinx = 0011110011010010
Value 3: x = 011001000000; Value sinx = 0101110101101101
Value 1: x = 001010000000; Value sinx = 1001010010111110
Value 2: x = 000110000000; Value sinx = 0010111011101010
Value 3: x = 011001000000; Value sinx = 0000110010011100
Value 1: x = 001010000000; Value sinx = 1100100110010101
Value 2: x = 000110000000; Value sinx = 0011110011010010
Value 3: x = 011001000000; Value sinx = 0101110101101101
Value 1: x = 001010000000; Value sinx = 1001010010111110
Value 2: x = 000110000000; Value sinx = 0010111011101010
Value 3: x = 011001000000; Value sinx = 0000110010011100
Value 1: x = 001010000000; Value sinx = 1100100110010101
Value 2: x = 000110000000; Value sinx = 0011110011010010
Value 3: x = 011001000000; Value sinx = 0101110101101101
Value 1: x = 001010000000; Value sinx = 1001010010111110
Value 2: x = 000110000000; Value sinx = 0010111011101010
Value 3: x = 011001000000; Value sinx = 0000110010011100
Value 1: x = 001010000000; Value sinx = 1100100110010101
Value 2: x = 000110000000; Value sinx = 0011110011010010
Value 3: x = 011001000000; Value sinx = 0101110101101101
Value 1: x = 001010000000; Value sinx = 1001010010111110
Value 2: x = 000110000000; Value sinx = 0010111011101010
Value 3: x = 011001000000; Value sinx = 0000110010011100
Value 1: x = 001010000000; Value sinx = 1100100110010101
Value 2: x = 000110000000; Value sinx = 0011110011010010
Value 3: x = 011001000000; Value sinx = 0101110101101101
Value 1: x = 001010000000; Value sinx = 1001010010111110
Value 2: x = 000110000000; Value sinx = 0010111011101010
Value 3: x = 011001000000; Value sinx = 0000110010011100
Value 1: x = 001010000000; Value sinx = 1100100110010101
Value 2: x = 000110000000; Value sinx = 0011110011010010
Value 3: x = 011001000000; Value sinx = 0101110101101101
Value 1: x = 001010000000; Value sinx = 1001010010111110
Value 2: x = 000110000000; Value sinx = 0010111011101010
Value 3: x = 011001000000; Value sinx = 0000110010011100
Value 1: x = 001010000000; Value sinx = 1100100110010101
Value 2: x = 000110000000; Value sinx = 0011110011010010
Value 3: x = 011001000000; Value sinx = 0101110101101101
Value 1: x = 001010000000; Value sinx = 1001010010111110
Value 2: x = 000110000000; Value sinx = 0010111011101010
Value 3: x = 011001000000; Value sinx = 0000110010011100
Value 1: x = 001010000000; Value sinx = 1100100110010101
Value 2: x = 000110000000; Value sinx = 0011110011010010
Value 3: x = 011001000000; Value sinx = 0101110101101101
Value 1: x = 001010000000; Value sinx = 1001010010111110
Value 2: x = 000110000000; Value sinx = 0010111011101010
Value 3: x = 011001000000; Value sinx = 0000110010011100
Value 1: x = 001010000000; Value sinx = 1100100110010101
Value 2: x = 000110000000; Value sinx = 0011110011010010
Value 3: x = 011001000000; Value sinx = 0101110101101101
Value 1: x = 001010000000; Value sinx = 1001010010111110
Value 2: x = 000110000000; Value sinx = 0010111011101010
Value 3: x = 011001000000; Value sinx = 0000110010011100
Value 1: x = 001010000000; Value sinx = 1100100110010101
Value 2: x = 000110000000; Value sinx = 0011110011010010
Value 3: x = 011001000000; Value sinx = 0101110101101101
Value 1: x = 001010000000; Value sinx = 1001010010111110
Value 2: x = 000110000000; Value sinx = 0010111011101010
Value 3: x = 011001000000; Value sinx = 0000110010011100
Value 1: x = 001010000000; Value sinx = 1100100110010101
Value 2: x = 000110000000; Value sinx = 0011110011010010
Value 3: x = 011001000000; Value sinx = 0101110101101101
Value 1: x = 001010000000; Value sinx = 1001010010111110
Value 2: x = 000110000000; Value sinx = 0010111011101010
Value 3: x = 011001000000; Value sinx = 0000110010011100
Value 1: x = 001010000000; Value sinx = 1100100110010101
Value 2: x = 000110000000; Value sinx = 0011110011010010
Value 3: x = 011001000000; Value sinx = 0101110101101101
Value 1: x = 001010000000; Value sinx = 1001010010111110
Value 2: x = 000110000000; Value sinx = 0010111011101010
Value 3: x = 011001000000; Value sinx = 0000110010011100
Value 1: x = 001010000000; Value sinx = 1100100110010101
Value 2: x = 000110000000; Value sinx = 0011110011010010
Value 3: x = 011001000000; Value sinx = 0101110101101101
Value 1: x = 001010000000; Value sinx = 1001010010111110
Value 2: x = 000110000000; Value sinx = 0010111011101010
Value 3: x = 011001000000; Value sinx = 0000110010011100
Value 1: x = 001010000000; Value sinx = 1100100110010101
Value 2: x = 000110000000; Value sinx = 0011110011010010
Value 3: x = 011001000000; Value sinx = 0101110101101101
Value 1: x = 001010000000; Value sinx = 1001010010111110
Value 2: x = 000110000000; Value sinx = 0010111011101010
Value 3: x = 011001000000; Value sinx = 0000110010011100
Value 1: x = 001010000000; Value sinx = 1100100110010101
Value 2: x = 000110000000; Value sinx = 0011110011010010
Value 3: x = 011001000000; Value sinx = 0101110101101101
Value 1: x = 001010000000; Value sinx = 1001010010111110
Value 2: x = 000110000000; Value sinx = 0010111011101010
Value 3: x = 011001000000; Value sinx = 0000110010011100
Value 1: x = 001010000000; Value sinx = 1100100110010101
Value 2: x = 000110000000; Value sinx = 0011110011010010
Value 3: x = 011001000000; Value sinx = 0101110101101101
Value 1: x = 001010000000; Value sinx = 1001010010111110
Value 2: x = 000110000000; Value sinx = 0010111011101010
Value 3: x = 011001000000; Value sinx = 0000110010011100
Value 1: x = 001010000000; Value sinx = 1100100110010101
Value 2: x = 000110000000; Value sinx = 0011110011010010
Value 3: x = 011001000000; Value sinx = 0101110101101101
Value 1: x = 001010000000; Value sinx = 1001010010111110
Value 2: x = 000110000000; Value sinx = 0010111011101010
Value 3: x = 011001000000; Value sinx = 0000110010011100
Value 1: x = 001010000000; Value sinx = 1100100110010101
Value 2: x = 000110000000; Value sinx = 0011110011010010
Value 3: x = 011001000000; Value sinx = 0101110101101101
Value 1: x = 001010000000; Value sinx = 1001010010111110
Value 2: x = 000110000000; Value sinx = 0010111011101010
Value 3: x = 011001000000; Value sinx = 0000110010011100
Value 1: x = 001010000000; Value sinx = 1100100110010101
Value 2: x = 000110000000; Value sinx = 0011110011010010
Value 3: x = 011001000000; Value sinx = 0101110101101101
Value 1: x = 001010000000; Value sinx = 1001010010111110
Value 2: x = 000110000000; Value sinx = 0010111011101010
Value 3: x = 011001000000; Value sinx = 0000110010011100
Value 1: x = 001010000000; Value sinx = 1100100110010101
Value 2: x = 000110000000; Value sinx = 0011110011010010
Value 3: x = 011001000000; Value sinx = 0101110101101101
Value 1: x = 001010000000; Value sinx = 1001010010111110
Value 2: x = 000110000000; Value sinx = 0010111011101010
Value 3: x = 011001000000; Value sinx = 0000110010011100
Value 1: x = 001010000000; Value sinx = 1100100110010101
Value 2: x = 000110000000; Value sinx = 0011110011010010
Value 3: x = 011001000000; Value sinx = 0101110101101101
Value 1: x = 001010000000; Value sinx = 1001010010111110
Value 2: x = 000110000000; Value sinx = 0010111011101010
Value 3: x = 011001000000; Value sinx = 0000110010011100
Value 1: x = 001010000000; Value sinx = 1100100110010101
Value 2: x = 000110000000; Value sinx = 0011110011010010
Value 3: x = 011001000000; Value sinx = 0101110101101101
Value 1: x = 001010000000; Value sinx = 1001010010111110
Value 2: x = 000110000000; Value sinx = 0010111011101010
Value 3: x = 011001000000; Value sinx = 0000110010011100
Value 1: x = 001010000000; Value sinx = 1100100110010101
Value 2: x = 000110000000; Value sinx = 0011110011010010
Value 3: x = 011001000000; Value sinx = 0101110101101101
Value 1: x = 001010000000; Value sinx = 1001010010111110
Value 2: x = 000110000000; Value sinx = 0010111011101010
Value 3: x = 011001000000; Value sinx = 0000110010011100
Value 1: x = 001010000000; Value sinx = 1100100110010101
Value 2: x = 000110000000; Value sinx = 0011110011010010
Value 3: x = 011001000000; Value sinx = 0101110101101101
Value 1: x = 001010000000; Value sinx = 1001010010111110
Value 2: x = 000110000000; Value sinx = 0010111011101010
Value 3: x = 011001000000; Value sinx = 0000110010011100
Value 1: x = 001010000000; Value sinx = 1100100110010101
Value 2: x = 000110000000; Value sinx = 0011110011010010
Value 3: x = 011001000000; Value sinx = 0101110101101101
Value 1: x = 001010000000; Value sinx = 1001010010111110
Value 2: x = 000110000000; Value sinx = 0010111011101010
Value 3: x = 011001000000; Value sinx = 0000110010011100
Value 1: x = 001010000000; Value sinx = 1100100110010101
Value 2: x = 000110000000; Value sinx = 0011110011010010
Value 3: x = 011001000000; Value sinx = 0101110101101101
Value 1: x = 001010000000; Value sinx = 1001010010111110
Value 2: x = 000110000000; Value sinx = 0010111011101010
Value 3: x = 011001000000; Value sinx = 0000110010011100
Value 1: x = 001010000000; Value sinx = 1100100110010101
Value 2: x = 000110000000; Value sinx = 0011110011010010
Value 3: x = 011001000000; Value sinx = 0101110101101101
Value 1: x = 001010000000; Value sinx = 1001010010111110
Value 2: x = 000110000000; Value sinx = 0010111011101010
Value 3: x = 011001000000; Value sinx = 0000110010011100
Value 1: x = 001010000000; Value sinx = 1100100110010101
Value 2: x = 000110000000; Value sinx = 0011110011010010
Value 3: x = 011001000000; Value sinx = 0101110101101101
Value 1: x = 001010000000; Value sinx = 1001010010111110
Value 2: x = 000110000000; Value sinx = 0010111011101010
Inside final block at 10785000
