#-----------------------------------------------------------
# Vivado v2019.2 (64-bit)
# SW Build 2708876 on Wed Nov  6 21:40:23 MST 2019
# IP Build 2700528 on Thu Nov  7 00:09:20 MST 2019
# Start of session at: Mon Nov 28 10:45:59 2022
# Process ID: 6340
# Current directory: F:/Lab2
# Command line: vivado.exe -gui_launcher_event rodinguilauncherevent3144 F:\Lab2\Lab2.xpr
# Log file: F:/Lab2/vivado.log
# Journal file: F:/Lab2\vivado.jou
#-----------------------------------------------------------
start_gui
open_project F:/Lab2/Lab2.xpr
INFO: [Project 1-313] Project file moved from 'E:/IVS_L2/Lab2' since last save.
Scanning sources...
Finished scanning sources
INFO: [IP_Flow 19-234] Refreshing IP repositories
INFO: [IP_Flow 19-1704] No user IP repositories specified
INFO: [IP_Flow 19-2313] Loaded Vivado IP repository 'C:/Xilinx/Vivado/2019.2/data/ip'.
open_project: Time (s): cpu = 00:00:13 ; elapsed = 00:00:19 . Memory (MB): peak = 700.199 ; gain = 90.844
update_compile_order -fileset sources_1
exit
INFO: [Common 17-206] Exiting Vivado at Mon Nov 28 10:47:18 2022...
