#
# A fatal error has been detected by the Java Runtime Environment:
#
#  EXCEPTION_UNCAUGHT_CXX_EXCEPTION (0xe06d7363) at pc=0x00007ffda1ebcf19, pid=12004, tid=2024
#
# JRE version: Java(TM) SE Runtime Environment (9.0+11) (build 9.0.4+11)
# Java VM: Java HotSpot(TM) 64-Bit Server VM (9.0.4+11, mixed mode, tiered, compressed oops, g1 gc, windows-amd64)
# Problematic frame:
# C  [KERNELBASE.dll+0x2cf19]
#
# No core dump will be written. Minidumps are not enabled by default on client versions of Windows
#
# If you would like to submit a bug report, please visit:
#   http://bugreport.java.com/bugreport/crash.jsp
# The crash happened outside the Java Virtual Machine in native code.
# See problematic frame for where to report the bug.
#

---------------  S U M M A R Y ------------

Command Line: -Dsun.java2d.pmoffscreen=false -Dsun.java2d.xrender=false -Dsun.java2d.d3d=false -Dsun.awt.nopixfmt=true -Dsun.java2d.dpiaware=true -Dsun.java2d.uiScale.enabled=false -Xverify:none -Dswing.aatext=true -XX:-UsePerfData -Djdk.map.althashing.threshold=512 -XX:StringTableSize=4072 --add-opens=java.base/java.nio=ALL-UNNAMED --add-opens=java.desktop/sun.swing=ALL-UNNAMED --add-opens=java.desktop/javax.swing=ALL-UNNAMED --add-opens=java.desktop/javax.swing.tree=ALL-UNNAMED --add-opens=java.desktop/javax.swing.plaf.basic=ALL-UNNAMED --add-opens=java.desktop/javax.swing.plaf.synth=ALL-UNNAMED --add-opens=java.desktop/com.sun.awt=ALL-UNNAMED -XX:NewSize=60m -XX:MaxNewSize=60m -Xms128m -Xmx3072m -Xss5m 

Host: Intel(R) Core(TM) i7-9750H CPU @ 2.60GHz, 12 cores, 15G,  Windows 10 , 64 bit Build 19041 (10.0.19041.2913)
Time: Sat May 20 09:23:51 2023 RTZ 2 (ceia) elapsed time: 68648 seconds (0d 19h 4m 8s)

---------------  T H R E A D  ---------------

Current thread (0x000001354ad10800):  JavaThread "AWT-EventQueue-1" [_thread_in_native, id=2024, stack(0x0000003052b00000,0x0000003053000000)]

Stack: [0x0000003052b00000,0x0000003053000000],  sp=0x0000003052ff6eb0,  free space=5083k
Native frames: (J=compiled Java code, j=interpreted, Vv=VM code, C=native code)
C  [KERNELBASE.dll+0x2cf19]
C  [VCRUNTIME140.dll+0x6720]
C  [librdi_common.dll+0x5630eb]
C  [MSVCP140.dll+0x127d1]
C  [ucrtbase.dll+0x6c87c]
C  [librdi_common.dll+0x798a8f]
C  [librdi_common.dll+0x12e239]
C  0x00007ffce3203f1d
C  0x000001353a11103a

Java frames: (J=compiled Java code, j=interpreted, Vv=VM code)
J 28500  ui.data.labtools.lthwdatai.HWDevice_getName(J)Ljava/lang/String; (0 bytes) @ 0x000001353a110fa1 [0x000001353a110f60+0x0000000000000041]
J 28673 c1 ui.data.labtools.d.getName()Ljava/lang/String; (5 bytes) @ 0x0000013531ed0b84 [0x0000013531ed0ac0+0x00000000000000c4]
j  ui.views.cZ.fAl()Ljava/lang/String;+11
j  ui.views.cd.fAl()Ljava/lang/String;+33
j  ui.views.cZ.bK(Lui/data/bk;)V+29
j  ui.views.cZ.fCf()V+41
j  ui.views.cd.fAq()V+1
j  ui.views.cd$$Lambda$338.run()V+4
J 13484 c2 java.awt.EventQueue$3.run()Ljava/lang/Object; java.desktop@9.0.4 (5 bytes) @ 0x000001353917d90c [0x000001353917d600+0x000000000000030c]
v  ~StubRoutines::call_stub
J 3650  java.security.AccessController.doPrivileged(Ljava/security/PrivilegedAction;Ljava/security/AccessControlContext;)Ljava/lang/Object; java.base@9.0.4 (0 bytes) @ 0x0000013538843346 [0x00000135388432e0+0x0000000000000066]
J 12139 c2 java.awt.EventQueue.dispatchEvent(Ljava/awt/AWTEvent;)V java.desktop@9.0.4 (80 bytes) @ 0x0000013538f8df18 [0x0000013538f8d9c0+0x0000000000000558]
J 29059 c2 ui.frmwork.b.d.dispatchEvent(Ljava/awt/AWTEvent;)V (34 bytes) @ 0x0000013538f0b0bc [0x0000013538f0afc0+0x00000000000000fc]
J 17216 c2 java.awt.EventDispatchThread.pumpOneEventForFilters(I)V java.desktop@9.0.4 (218 bytes) @ 0x00000135396a59bc [0x00000135396a5500+0x00000000000004bc]
J 20233 c2 java.awt.EventDispatchThread.pumpEventsForFilter(ILjava/awt/Conditional;Ljava/awt/EventFilter;)V java.desktop@9.0.4 (47 bytes) @ 0x00000135392d83b0 [0x00000135392d81e0+0x00000000000001d0]
j  java.awt.EventDispatchThread.pumpEventsForFilter(Ljava/awt/Conditional;Ljava/awt/EventFilter;)V+4 java.desktop@9.0.4
j  java.awt.WaitDispatchSupport$2.run()V+59 java.desktop@9.0.4
j  java.awt.WaitDispatchSupport$4.run()Ljava/lang/Void;+4 java.desktop@9.0.4
j  java.awt.WaitDispatchSupport$4.run()Ljava/lang/Object;+1 java.desktop@9.0.4
v  ~StubRoutines::call_stub
J 1024  java.security.AccessController.doPrivileged(Ljava/security/PrivilegedAction;)Ljava/lang/Object; java.base@9.0.4 (0 bytes) @ 0x00000135386b72b2 [0x00000135386b7260+0x0000000000000052]
j  java.awt.WaitDispatchSupport.enter()Z+260 java.desktop@9.0.4
j  java.awt.Dialog.show()V+225 java.desktop@9.0.4
J 27885 c1 ui.b.c.g.setVisible(Z)V (15 bytes) @ 0x0000013533bbb4cc [0x0000013533bbb220+0x00000000000002ac]
j  ui.b.c.bB.showDialog()V+64
j  ui.b.c.bI.actionPerformed(Ljava/awt/event/ActionEvent;)V+8
j  ui.b.c.bB.cSz()V+396
j  ui.views.c.t.b.f.run()V+4
j  ui.views.S.X.a(Ljava/lang/String;ZLjava/lang/Runnable;Ljava/lang/Runnable;)Z+252
j  ui.views.S.X.a(Ljava/lang/String;Ljava/lang/Runnable;Ljava/lang/Runnable;)Z+5
j  ui.views.S.X.c(Ljava/lang/String;Ljava/lang/Runnable;)Z+4
j  ui.views.c.t.b.d.b(Lui/data/design/C;Ljava/lang/String;Ljava/lang/String;)V+472
j  ui.views.c.t.b.d.E(Lui/data/design/C;)V+6
j  ui.views.c.t.b.d.F(Lui/data/design/C;)V+130
j  ui.views.c.t.b.d.run()V+249
j  ui.frmwork.a.epE()Z+66
j  ui.utils.aR.actionPerformed(Ljava/awt/event/ActionEvent;)V+4
j  javax.swing.AbstractButton.fireActionPerformed(Ljava/awt/event/ActionEvent;)V+84 java.desktop@9.0.4
j  javax.swing.AbstractButton$Handler.actionPerformed(Ljava/awt/event/ActionEvent;)V+5 java.desktop@9.0.4
j  javax.swing.DefaultButtonModel.fireActionPerformed(Ljava/awt/event/ActionEvent;)V+34 java.desktop@9.0.4
J 28411 c1 javax.swing.DefaultButtonModel.setPressed(Z)V java.desktop@9.0.4 (125 bytes) @ 0x0000013532800a44 [0x00000135327ffb80+0x0000000000000ec4]
j  javax.swing.AbstractButton.doClick(I)V+60 java.desktop@9.0.4
j  javax.swing.plaf.basic.BasicMenuItemUI.doClick(Ljavax/swing/MenuSelectionManager;)V+47 java.desktop@9.0.4
j  javax.swing.plaf.basic.BasicMenuItemUI$Handler.mouseReleased(Ljava/awt/event/MouseEvent;)V+76 java.desktop@9.0.4
J 21180 c1 java.awt.AWTEventMulticaster.mouseReleased(Ljava/awt/event/MouseEvent;)V java.desktop@9.0.4 (27 bytes) @ 0x0000013533cb488c [0x0000013533cb4680+0x000000000000020c]
J 28056 c2 javax.swing.JComponent.processMouseEvent(Ljava/awt/event/MouseEvent;)V java.desktop@9.0.4 (27 bytes) @ 0x000001353887dae8 [0x000001353887da00+0x00000000000000e8]
J 24645 c2 java.awt.Container.processEvent(Ljava/awt/AWTEvent;)V java.desktop@9.0.4 (22 bytes) @ 0x0000013539d81238 [0x0000013539d81120+0x0000000000000118]
J 20656 c2 java.awt.Component.dispatchEventImpl(Ljava/awt/AWTEvent;)V java.desktop@9.0.4 (739 bytes) @ 0x0000013539a1baec [0x0000013539a1b120+0x00000000000009cc]
J 25383 c2 java.awt.Container.dispatchEventImpl(Ljava/awt/AWTEvent;)V java.desktop@9.0.4 (129 bytes) @ 0x00000135390070a4 [0x0000013539006780+0x0000000000000924]
J 13018 c2 java.awt.LightweightDispatcher.retargetMouseEvent(Ljava/awt/Component;ILjava/awt/event/MouseEvent;)V java.desktop@9.0.4 (350 bytes) @ 0x00000135390b7a48 [0x00000135390b74e0+0x0000000000000568]
J 25383 c2 java.awt.Container.dispatchEventImpl(Ljava/awt/AWTEvent;)V java.desktop@9.0.4 (129 bytes) @ 0x0000013539006e48 [0x0000013539006780+0x00000000000006c8]
J 15994 c2 java.awt.Window.dispatchEventImpl(Ljava/awt/AWTEvent;)V java.desktop@9.0.4 (23 bytes) @ 0x00000135394ed08c [0x00000135394ed040+0x000000000000004c]
J 13484 c2 java.awt.EventQueue$3.run()Ljava/lang/Object; java.desktop@9.0.4 (5 bytes) @ 0x000001353917d7bc [0x000001353917d600+0x00000000000001bc]
v  ~StubRoutines::call_stub
J 3650  java.security.AccessController.doPrivileged(Ljava/security/PrivilegedAction;Ljava/security/AccessControlContext;)Ljava/lang/Object; java.base@9.0.4 (0 bytes) @ 0x0000013538843346 [0x00000135388432e0+0x0000000000000066]
J 13059 c2 java.awt.EventQueue$4.run()Ljava/lang/Object; java.desktop@9.0.4 (5 bytes) @ 0x00000135390d51c0 [0x00000135390d4f60+0x0000000000000260]
v  ~StubRoutines::call_stub
J 3650  java.security.AccessController.doPrivileged(Ljava/security/PrivilegedAction;Ljava/security/AccessControlContext;)Ljava/lang/Object; java.base@9.0.4 (0 bytes) @ 0x0000013538843346 [0x00000135388432e0+0x0000000000000066]
J 12139 c2 java.awt.EventQueue.dispatchEvent(Ljava/awt/AWTEvent;)V java.desktop@9.0.4 (80 bytes) @ 0x0000013538f8dd40 [0x0000013538f8d9c0+0x0000000000000380]
J 29059 c2 ui.frmwork.b.d.dispatchEvent(Ljava/awt/AWTEvent;)V (34 bytes) @ 0x0000013538f0b0bc [0x0000013538f0afc0+0x00000000000000fc]
J 17216 c2 java.awt.EventDispatchThread.pumpOneEventForFilters(I)V java.desktop@9.0.4 (218 bytes) @ 0x00000135396a59bc [0x00000135396a5500+0x00000000000004bc]
J 20083% c2 java.awt.EventDispatchThread.pumpEventsForFilter(ILjava/awt/Conditional;Ljava/awt/EventFilter;)V java.desktop@9.0.4 (47 bytes) @ 0x00000135390d7258 [0x00000135390d7140+0x0000000000000118]
j  java.awt.EventDispatchThread.pumpEventsForHierarchy(ILjava/awt/Conditional;Ljava/awt/Component;)V+11 java.desktop@9.0.4
j  java.awt.EventDispatchThread.pumpEvents(ILjava/awt/Conditional;)V+4 java.desktop@9.0.4
j  java.awt.EventDispatchThread.pumpEvents(Ljava/awt/Conditional;)V+3 java.desktop@9.0.4
j  java.awt.EventDispatchThread.run()V+9 java.desktop@9.0.4
v  ~StubRoutines::call_stub

siginfo: EXCEPTION_UNCAUGHT_CXX_EXCEPTION (0xe06d7363), ExceptionInformation=0x0000000019930520 0x0000003052ff7010 0x00007ffd387f1d98 0x00007ffd37c10000 


Register to memory mapping:

RIP=0x00007ffda1ebcf19 KERNELBASE.dll
RAX=0x000000006954dad2 jvm.dll
RBX=0x00007ffd387f1d98 librdi_common.dll
RCX=0x000001354ad10800 is a thread
RDX=0x000000006926de85 jvm.dll
RSP=0x0000003052ff6eb0 is pointing into the stack for thread: 0x000001354ad10800
RBP=0x000002ec000002eb is an unknown value
RSI=0x0000003052ff7010 is pointing into the stack for thread: 0x000001354ad10800
RDI=0x0000000019930520 is an unknown value
R8 =0x000000006954e3ae jvm.dll
R9 =0x000001354ad10800 is a thread
R10=0x000001354ad10800 is a thread
R11=0x000001354ad10800 is a thread
R12=0x0000000000000000 is an unknown value
R13=0x0000003052ff7500 is pointing into the stack for thread: 0x000001354ad10800
R14=0x0000003052ff73c0 is pointing into the stack for thread: 0x000001354ad10800
R15=0x0000013526b45390 is an unknown value


Registers:
RAX=0x000000006954dad2, RBX=0x00007ffd387f1d98, RCX=0x000001354ad10800, RDX=0x000000006926de85
RSP=0x0000003052ff6eb0, RBP=0x000002ec000002eb, RSI=0x0000003052ff7010, RDI=0x0000000019930520
R8 =0x000000006954e3ae, R9 =0x000001354ad10800, R10=0x000001354ad10800, R11=0x000001354ad10800
R12=0x0000000000000000, R13=0x0000003052ff7500, R14=0x0000003052ff73c0, R15=0x0000013526b45390
RIP=0x00007ffda1ebcf19, EFLAGS=0x0000000000000202

Top of Stack: (sp=0x0000003052ff6eb0)
0x0000003052ff6eb0:   0000000000000000 00007ffd387f1d98
0x0000003052ff6ec0:   0000003052ff7010 000001351d430000
0x0000003052ff6ed0:   00000001e06d7363 0000000000000000
0x0000003052ff6ee0:   00007ffda1ebcf19 0000000700000004
0x0000003052ff6ef0:   0000000019930520 0000003052ff7010
0x0000003052ff6f00:   00007ffd387f1d98 00007ffd37c10000
0x0000003052ff6f10:   0000003052ff7500 0000000000000000
0x0000003052ff6f20:   0000003052ff7010 000002ec000002eb
0x0000003052ff6f30:   0000003052ff6fb0 00007ffda4484a5f
0x0000003052ff6f40:   0000000019930520 0000013500000000
0x0000003052ff6f50:   0000013526b45390 0000003052ff73c0
0x0000003052ff6f60:   00007ffd38abb000 00007ffd37c10000
0x0000003052ff6f70:   000091f6bbe18cfd 00007ffda44747b1
0x0000003052ff6f80:   00007ffd387f1d98 00007ffd86c76720
0x0000003052ff6f90:   000002ec000002eb 0000000000000000
0x0000003052ff6fa0:   0000000000000000 0000013538bebdd4 

Instructions: (pc=0x00007ffda1ebcf19)
0x00007ffda1ebcef9:   8b d1 44 0f 47 c0 44 89 44 24 38 49 c1 e0 03 e8
0x00007ffda1ebcf09:   7a 90 08 00 48 8d 4c 24 20 48 ff 15 6f 7d 1b 00
0x00007ffda1ebcf19:   0f 1f 44 00 00 48 8b 8c 24 c0 00 00 00 48 33 cc
0x00007ffda1ebcf29:   e8 02 86 06 00 48 81 c4 d8 00 00 00 c3 cc 83 64 



---------------  P R O C E S S  ---------------

Java Threads: ( => current thread )
  0x000001354fa50800 JavaThread "Run Simulation Thread" [_thread_blocked, id=12296, stack(0x000000305a000000,0x000000305a500000)]
  0x000001354fa56800 JavaThread "Image Fetcher 0" daemon [_thread_blocked, id=8800, stack(0x0000003059600000,0x0000003059b00000)]
  0x000001354a3e8000 JavaThread "Thread-15615" [_thread_in_native, id=21944, stack(0x0000003053a00000,0x0000003053b00000)]
  0x000001354fa4f000 JavaThread "Thread-7376" [_thread_in_native, id=9396, stack(0x0000003058200000,0x0000003058300000)]
  0x000001354fa56000 JavaThread "Thread-7375" [_thread_in_native, id=11584, stack(0x000000304ad00000,0x000000304ae00000)]
  0x000001354fa47800 JavaThread "ForkJoinPool.commonPool-worker-25" daemon [_thread_blocked, id=14752, stack(0x0000003059b00000,0x000000305a000000)]
  0x000001354fa4a000 JavaThread "Thread-603" [_thread_in_native, id=10300, stack(0x000000304ac00000,0x000000304ad00000)]
  0x000001354fa4d000 JavaThread "Thread-602" [_thread_in_native, id=16788, stack(0x000000304ad00000,0x000000304ae00000)]
  0x000001354a3e9800 JavaThread "SyntheticaAnimation 50" daemon [_thread_blocked, id=17288, stack(0x0000003057d00000,0x0000003058200000)]
  0x0000013525028000 JavaThread "Monitor File Timestamp Swing Worker Thread" [_thread_blocked, id=7552, stack(0x0000003059100000,0x0000003059600000)]
  0x000001352502c000 JavaThread "Timer-2" [_thread_blocked, id=21532, stack(0x0000003058c00000,0x0000003059100000)]
  0x000001354a3eb000 JavaThread "Monitor File Timestamp Swing Worker Thread" [_thread_blocked, id=11376, stack(0x0000003057800000,0x0000003057d00000)]
  0x000001354a3ea800 JavaThread "Timer-1" [_thread_blocked, id=22804, stack(0x0000003057300000,0x0000003057800000)]
  0x000001354a3e3800 JavaThread "Monitor File Timestamp Swing Worker Thread" [_thread_blocked, id=17424, stack(0x0000003056900000,0x0000003056e00000)]
  0x000001354a3e1800 JavaThread "Timer-0" [_thread_blocked, id=3528, stack(0x0000003056400000,0x0000003056900000)]
  0x000001354a3de800 JavaThread "Image Animator 3" daemon [_thread_blocked, id=17504, stack(0x0000003055500000,0x0000003055a00000)]
  0x000001354a3dc000 JavaThread "SyntheticaAnimation 50" daemon [_thread_blocked, id=564, stack(0x0000003051c00000,0x0000003052100000)]
  0x000001354a3dd000 JavaThread "Update Runs Swing Worker Thread" [_thread_blocked, id=22836, stack(0x0000003056e00000,0x0000003057300000)]
  0x000001354a3e3000 JavaThread "hw_ila_monitor" [_thread_blocked, id=24488, stack(0x0000003055f00000,0x0000003056400000)]
  0x000001354a3e2000 JavaThread "Refresh Filesets Swing Worker Thread" [_thread_blocked, id=272, stack(0x0000003055a00000,0x0000003055f00000)]
  0x000001352502a000 JavaThread "SyntheticaAnimation 70" daemon [_thread_blocked, id=8096, stack(0x0000003055000000,0x0000003055500000)]
  0x000001352502e000 JavaThread "Swing-Shell" daemon [_thread_blocked, id=6560, stack(0x0000003053000000,0x0000003053500000)]
  0x000001352502d800 JavaThread "SyntheticaAnimation 25" daemon [_thread_blocked, id=2640, stack(0x0000003054700000,0x0000003054c00000)]
  0x000001352502b000 JavaThread "SyntheticaAnimation 50" daemon [_thread_blocked, id=7068, stack(0x0000003054200000,0x0000003054700000)]
  0x0000013525027000 JavaThread "Monitor HEventQueue Thread" [_thread_blocked, id=17416, stack(0x0000003053d00000,0x0000003054200000)]
  0x000001352502c800 JavaThread "SyntheticaCleanerThread" daemon [_thread_blocked, id=20928, stack(0x0000003053500000,0x0000003053a00000)]
  0x0000013525029800 JavaThread "Batik CleanerThread" daemon [_thread_blocked, id=21036, stack(0x0000003052100000,0x0000003052600000)]
=>0x000001354ad10800 JavaThread "AWT-EventQueue-1" [_thread_in_native, id=2024, stack(0x0000003052b00000,0x0000003053000000)]
  0x000001354944e000 JavaThread "Process Messages Thread" [_thread_blocked, id=17812, stack(0x0000003052600000,0x0000003052b00000)]
  0x00000135496a6000 JavaThread "Thread-1" [_thread_in_native, id=8780, stack(0x000000304af00000,0x000000304c300000)]
  0x000001354ad17800 JavaThread "TimerQueue" daemon [_thread_blocked, id=22172, stack(0x0000003051700000,0x0000003051c00000)]
  0x0000013549333800 JavaThread "AWT-Windows" daemon [_thread_in_native, id=18196, stack(0x0000003051200000,0x0000003051700000)]
  0x0000013549332000 JavaThread "AWT-Shutdown" [_thread_blocked, id=22460, stack(0x0000003050d00000,0x0000003051200000)]
  0x0000013549331800 JavaThread "Java2D Disposer" daemon [_thread_blocked, id=23124, stack(0x0000003050800000,0x0000003050d00000)]
  0x0000013548a0e800 JavaThread "Service Thread" daemon [_thread_blocked, id=5008, stack(0x0000003050200000,0x0000003050700000)]
  0x0000013529f36000 JavaThread "Common-Cleaner" daemon [_thread_blocked, id=1756, stack(0x000000304fd00000,0x0000003050200000)]
  0x0000013525028800 JavaThread "Sweeper thread" daemon [_thread_blocked, id=12492, stack(0x000000304f800000,0x000000304fd00000)]
  0x0000013525021000 JavaThread "C1 CompilerThread3" daemon [_thread_blocked, id=7644, stack(0x000000304f700000,0x000000304f800000)]
  0x0000013525020000 JavaThread "C2 CompilerThread2" daemon [_thread_blocked, id=6752, stack(0x000000304f600000,0x000000304f700000)]
  0x000001352501f800 JavaThread "C2 CompilerThread1" daemon [_thread_blocked, id=23544, stack(0x000000304f500000,0x000000304f600000)]
  0x000001352501e800 JavaThread "C2 CompilerThread0" daemon [_thread_blocked, id=1776, stack(0x000000304f400000,0x000000304f500000)]
  0x0000013525019800 JavaThread "Attach Listener" daemon [_thread_blocked, id=10884, stack(0x000000304ef00000,0x000000304f400000)]
  0x000001351f5f9800 JavaThread "Signal Dispatcher" daemon [_thread_blocked, id=13968, stack(0x000000304ea00000,0x000000304ef00000)]
  0x000001352500b800 JavaThread "Finalizer" daemon [_thread_blocked, id=23224, stack(0x000000304e500000,0x000000304ea00000)]
  0x0000013524f5a800 JavaThread "Reference Handler" daemon [_thread_blocked, id=10396, stack(0x000000304e000000,0x000000304e500000)]
  0x0000013528c67800 JavaThread "main" [_thread_blocked, id=15252, stack(0x000000304ae00000,0x000000304af00000)]

Other Threads:
  0x0000013524f57800 VMThread "VM Thread" [stack: 0x000000304df00000,0x000000304e000000] [id=22144]
  0x0000013548a10800 WatcherThread [stack: 0x0000003050700000,0x0000003050800000] [id=10344]
  0x0000013526e11800 GCTaskThread "GC Thread#0" [stack: 0x000000304c600000,0x000000304c700000] [id=7728]
  0x0000013526e0e800 GCTaskThread "GC Thread#1" [stack: 0x000000304c700000,0x000000304c800000] [id=10628]
  0x0000013526e10000 GCTaskThread "GC Thread#2" [stack: 0x000000304c800000,0x000000304c900000] [id=2108]
  0x0000013526e0f800 GCTaskThread "GC Thread#3" [stack: 0x000000304c900000,0x000000304ca00000] [id=15492]
  0x0000013526e0f000 GCTaskThread "GC Thread#4" [stack: 0x000000304ca00000,0x000000304cb00000] [id=14148]
  0x0000013526e11000 GCTaskThread "GC Thread#5" [stack: 0x000000304cb00000,0x000000304cc00000] [id=23188]
  0x00000135246a0800 GCTaskThread "GC Thread#6" [stack: 0x000000304cc00000,0x000000304cd00000] [id=1920]
  0x00000135246a5800 GCTaskThread "GC Thread#7" [stack: 0x000000304cd00000,0x000000304ce00000] [id=3292]
  0x00000135246a4800 GCTaskThread "GC Thread#8" [stack: 0x000000304ce00000,0x000000304cf00000] [id=6200]
  0x00000135246a6000 GCTaskThread "GC Thread#9" [stack: 0x000000304cf00000,0x000000304d000000] [id=20120]
  0x000001352475c800 ConcurrentGCThread "G1 Main Marker" [stack: 0x000000304db00000,0x000000304dc00000] [id=19152]
  0x00000135246a5000 ConcurrentGCThread "G1 Marker#0" [stack: 0x000000304dc00000,0x000000304dd00000] [id=8148]
  0x00000135246a1000 ConcurrentGCThread "G1 Marker#1" [stack: 0x000000304dd00000,0x000000304de00000] [id=24220]
  0x00000135246a2000 ConcurrentGCThread "G1 Marker#2" [stack: 0x000000304de00000,0x000000304df00000] [id=3680]
  0x0000013526809000 ConcurrentGCThread "G1 Refine#0" [stack: 0x000000304d900000,0x000000304da00000] [id=20752]
  0x0000013526807000 ConcurrentGCThread "G1 Refine#1" [stack: 0x000000304d800000,0x000000304d900000] [id=23116]
  0x000001352879d800 ConcurrentGCThread "G1 Refine#2" [stack: 0x000000304d700000,0x000000304d800000] [id=7724]
  0x0000013528774800 ConcurrentGCThread "G1 Refine#3" [stack: 0x000000304d600000,0x000000304d700000] [id=10848]
  0x0000013528774000 ConcurrentGCThread "G1 Refine#4" [stack: 0x000000304d500000,0x000000304d600000] [id=11152]
  0x00000135251b3800 ConcurrentGCThread "G1 Refine#5" [stack: 0x000000304d400000,0x000000304d500000] [id=4408]
  0x00000135251b3000 ConcurrentGCThread "G1 Refine#6" [stack: 0x000000304d300000,0x000000304d400000] [id=2112]
  0x00000135251b2800 ConcurrentGCThread "G1 Refine#7" [stack: 0x000000304d200000,0x000000304d300000] [id=23068]
  0x00000135250f3800 ConcurrentGCThread "G1 Refine#8" [stack: 0x000000304d100000,0x000000304d200000] [id=20512]
  0x00000135246d4800 ConcurrentGCThread "G1 Refine#9" [stack: 0x000000304d000000,0x000000304d100000] [id=5280]
  0x000001352879e800 ConcurrentGCThread "G1 Young RemSet Sampling" [stack: 0x000000304da00000,0x000000304db00000] [id=13680]

Threads with active compile tasks:

VM state:not at safepoint (normal execution)

VM Mutex/Monitor currently owned by a thread: None

Heap address: 0x0000000700000000, size: 3072 MB, Compressed Oops mode: Zero based, Oop shift amount: 3
Narrow klass base: 0x0000000000000000, Narrow klass shift: 3
Compressed class space size: 1073741824 Address: 0x00000007c0000000

Heap:
 garbage-first heap   total 369664K, used 119175K [0x0000000700000000, 0x0000000700100b48, 0x00000007c0000000)
  region size 1024K, 10 young (10240K), 2 survivors (2048K)
 Metaspace       used 99531K, capacity 101319K, committed 109516K, reserved 1142784K
  class space    used 13599K, capacity 13986K, committed 15616K, reserved 1048576K
Heap Regions: E=young(eden), S=young(survivor), O=old, HS=humongous(starts), HC=humongous(continues), CS=collection set, F=free, A=archive, TS=gc time stamp, AC=allocation context, TAMS=top-at-mark-start (previous, next)
|   0|0x0000000700000000, 0x00000007000f08f8, 0x0000000700100000| 93%| O|  |TS  0|AC  0|TAMS 0x0000000700000000, 0x0000000700000000|
|   1|0x0000000700100000, 0x00000007001fffe8, 0x0000000700200000| 99%| O|  |TS  0|AC  0|TAMS 0x0000000700100000, 0x0000000700100000|
|   2|0x0000000700200000, 0x00000007002f6928, 0x0000000700300000| 96%| O|  |TS  0|AC  0|TAMS 0x0000000700200000, 0x0000000700200000|
|   3|0x0000000700300000, 0x00000007003fbc10, 0x0000000700400000| 98%| O|  |TS  0|AC  0|TAMS 0x0000000700300000, 0x0000000700300000|
|   4|0x0000000700400000, 0x0000000700500000, 0x0000000700500000|100%|HS|  |TS  0|AC  0|TAMS 0x0000000700400000, 0x0000000700400000|
|   5|0x0000000700500000, 0x0000000700600000, 0x0000000700600000|100%|HC|  |TS  0|AC  0|TAMS 0x0000000700500000, 0x0000000700500000|
|   6|0x0000000700600000, 0x0000000700700000, 0x0000000700700000|100%|HS|  |TS  0|AC  0|TAMS 0x0000000700600000, 0x0000000700600000|
|   7|0x0000000700700000, 0x00000007007f3fb0, 0x0000000700800000| 95%| O|  |TS  0|AC  0|TAMS 0x0000000700700000, 0x0000000700700000|
|   8|0x0000000700800000, 0x00000007008d1250, 0x0000000700900000| 81%| O|  |TS  0|AC  0|TAMS 0x0000000700800000, 0x0000000700800000|
|   9|0x0000000700900000, 0x00000007009fffe8, 0x0000000700a00000| 99%| O|  |TS  0|AC  0|TAMS 0x0000000700900000, 0x0000000700900000|
|  10|0x0000000700a00000, 0x0000000700affff8, 0x0000000700b00000| 99%| O|  |TS  0|AC  0|TAMS 0x0000000700a00000, 0x0000000700a00000|
|  11|0x0000000700b00000, 0x0000000700bfffe0, 0x0000000700c00000| 99%| O|  |TS  0|AC  0|TAMS 0x0000000700b00000, 0x0000000700b00000|
|  12|0x0000000700c00000, 0x0000000700cfffc8, 0x0000000700d00000| 99%| O|  |TS  0|AC  0|TAMS 0x0000000700c00000, 0x0000000700c00000|
|  13|0x0000000700d00000, 0x0000000700dffff0, 0x0000000700e00000| 99%| O|  |TS  0|AC  0|TAMS 0x0000000700d00000, 0x0000000700d00000|
|  14|0x0000000700e00000, 0x0000000700efda58, 0x0000000700f00000| 99%| O|  |TS  0|AC  0|TAMS 0x0000000700e00000, 0x0000000700e00000|
|  15|0x0000000700f00000, 0x0000000700ffdad0, 0x0000000701000000| 99%| O|  |TS  0|AC  0|TAMS 0x0000000700f00000, 0x0000000700f00000|
|  16|0x0000000701000000, 0x00000007010ffff0, 0x0000000701100000| 99%| O|  |TS  0|AC  0|TAMS 0x0000000701000000, 0x0000000701000000|
|  17|0x0000000701100000, 0x00000007011fffe8, 0x0000000701200000| 99%| O|  |TS  0|AC  0|TAMS 0x0000000701100000, 0x0000000701100000|
|  18|0x0000000701200000, 0x00000007012ffff0, 0x0000000701300000| 99%| O|  |TS  0|AC  0|TAMS 0x0000000701200000, 0x0000000701200000|
|  19|0x0000000701300000, 0x00000007013fffd8, 0x0000000701400000| 99%| O|  |TS  0|AC  0|TAMS 0x0000000701300000, 0x0000000701300000|
|  20|0x0000000701400000, 0x0000000701500000, 0x0000000701500000|100%| O|  |TS  0|AC  0|TAMS 0x0000000701400000, 0x0000000701400000|
|  21|0x0000000701500000, 0x0000000701600000, 0x0000000701600000|100%|HS|  |TS  0|AC  0|TAMS 0x0000000701500000, 0x0000000701500000|
|  22|0x0000000701600000, 0x00000007016ffff8, 0x0000000701700000| 99%| O|  |TS  0|AC  0|TAMS 0x0000000701600000, 0x0000000701600000|
|  23|0x0000000701700000, 0x0000000701800000, 0x0000000701800000|100%| O|  |TS  0|AC  0|TAMS 0x0000000701700000, 0x0000000701700000|
|  24|0x0000000701800000, 0x00000007018ffff8, 0x0000000701900000| 99%| O|  |TS  0|AC  0|TAMS 0x0000000701800000, 0x0000000701800000|
|  25|0x0000000701900000, 0x0000000701a00000, 0x0000000701a00000|100%| O|  |TS  0|AC  0|TAMS 0x0000000701900000, 0x0000000701900000|
|  26|0x0000000701a00000, 0x0000000701afff88, 0x0000000701b00000| 99%| O|  |TS  0|AC  0|TAMS 0x0000000701a00000, 0x0000000701a00000|
|  27|0x0000000701b00000, 0x0000000701bffff8, 0x0000000701c00000| 99%| O|  |TS  0|AC  0|TAMS 0x0000000701b00000, 0x0000000701b00000|
|  28|0x0000000701c00000, 0x0000000701cffff0, 0x0000000701d00000| 99%| O|  |TS  0|AC  0|TAMS 0x0000000701c00000, 0x0000000701c00000|
|  29|0x0000000701d00000, 0x0000000701e00000, 0x0000000701e00000|100%| O|  |TS  0|AC  0|TAMS 0x0000000701d00000, 0x0000000701d00000|
|  30|0x0000000701e00000, 0x0000000701f00000, 0x0000000701f00000|100%| O|  |TS  0|AC  0|TAMS 0x0000000701e00000, 0x0000000701e00000|
|  31|0x0000000701f00000, 0x0000000701ffba10, 0x0000000702000000| 98%| O|  |TS  0|AC  0|TAMS 0x0000000701f00000, 0x0000000701f00000|
|  32|0x0000000702000000, 0x00000007020a3528, 0x0000000702100000| 63%| O|  |TS  0|AC  0|TAMS 0x0000000702000000, 0x0000000702000000|
|  33|0x0000000702100000, 0x00000007021fffb0, 0x0000000702200000| 99%| O|  |TS  0|AC  0|TAMS 0x0000000702100000, 0x0000000702100000|
|  34|0x0000000702200000, 0x00000007022ffff0, 0x0000000702300000| 99%| O|  |TS  0|AC  0|TAMS 0x0000000702200000, 0x0000000702200000|
|  35|0x0000000702300000, 0x00000007023ffff0, 0x0000000702400000| 99%| O|  |TS  0|AC  0|TAMS 0x0000000702300000, 0x0000000702300000|
|  36|0x0000000702400000, 0x0000000702500000, 0x0000000702500000|100%| O|  |TS  0|AC  0|TAMS 0x0000000702400000, 0x0000000702400000|
|  37|0x0000000702500000, 0x0000000702600000, 0x0000000702600000|100%| O|  |TS  0|AC  0|TAMS 0x0000000702500000, 0x0000000702500000|
|  38|0x0000000702600000, 0x00000007026ffff8, 0x0000000702700000| 99%| O|  |TS  0|AC  0|TAMS 0x0000000702600000, 0x0000000702600000|
|  39|0x0000000702700000, 0x00000007027ffff8, 0x0000000702800000| 99%| O|  |TS  0|AC  0|TAMS 0x0000000702700000, 0x0000000702700000|
|  40|0x0000000702800000, 0x00000007028ffff8, 0x0000000702900000| 99%| O|  |TS  0|AC  0|TAMS 0x0000000702800000, 0x0000000702800000|
|  41|0x0000000702900000, 0x00000007029ffff0, 0x0000000702a00000| 99%| O|  |TS  0|AC  0|TAMS 0x0000000702900000, 0x0000000702900000|
|  42|0x0000000702a00000, 0x0000000702b00000, 0x0000000702b00000|100%| O|  |TS  0|AC  0|TAMS 0x0000000702a00000, 0x0000000702a00000|
|  43|0x0000000702b00000, 0x0000000702bffff0, 0x0000000702c00000| 99%| O|  |TS  0|AC  0|TAMS 0x0000000702b00000, 0x0000000702b00000|
|  44|0x0000000702c00000, 0x0000000702cffff0, 0x0000000702d00000| 99%| O|  |TS  0|AC  0|TAMS 0x0000000702c00000, 0x0000000702c00000|
|  45|0x0000000702d00000, 0x0000000702dff330, 0x0000000702e00000| 99%| O|  |TS  0|AC  0|TAMS 0x0000000702d00000, 0x0000000702d00000|
|  46|0x0000000702e00000, 0x0000000702f00000, 0x0000000702f00000|100%|HS|  |TS  0|AC  0|TAMS 0x0000000702e00000, 0x0000000702e00000|
|  47|0x0000000702f00000, 0x0000000703000000, 0x0000000703000000|100%|HC|  |TS  0|AC  0|TAMS 0x0000000702f00000, 0x0000000702f00000|
|  48|0x0000000703000000, 0x0000000703100000, 0x0000000703100000|100%|HC|  |TS  0|AC  0|TAMS 0x0000000703000000, 0x0000000703000000|
|  49|0x0000000703100000, 0x0000000703200000, 0x0000000703200000|100%|HC|  |TS  0|AC  0|TAMS 0x0000000703100000, 0x0000000703100000|
|  50|0x0000000703200000, 0x0000000703300000, 0x0000000703300000|100%|HC|  |TS  0|AC  0|TAMS 0x0000000703200000, 0x0000000703200000|
|  51|0x0000000703300000, 0x0000000703400000, 0x0000000703400000|100%|HC|  |TS  0|AC  0|TAMS 0x0000000703300000, 0x0000000703300000|
|  52|0x0000000703400000, 0x0000000703500000, 0x0000000703500000|100%|HC|  |TS  0|AC  0|TAMS 0x0000000703400000, 0x0000000703400000|
|  53|0x0000000703500000, 0x0000000703600000, 0x0000000703600000|100%|HC|  |TS  0|AC  0|TAMS 0x0000000703500000, 0x0000000703500000|
|  54|0x0000000703600000, 0x0000000703700000, 0x0000000703700000|100%| O|  |TS  0|AC  0|TAMS 0x0000000703600000, 0x0000000703600000|
|  55|0x0000000703700000, 0x00000007037ffff0, 0x0000000703800000| 99%| O|  |TS  0|AC  0|TAMS 0x0000000703700000, 0x0000000703700000|
|  56|0x0000000703800000, 0x0000000703900000, 0x0000000703900000|100%| O|  |TS  0|AC  0|TAMS 0x0000000703800000, 0x0000000703800000|
|  57|0x0000000703900000, 0x0000000703a00000, 0x0000000703a00000|100%| O|  |TS  0|AC  0|TAMS 0x0000000703900000, 0x0000000703900000|
|  58|0x0000000703a00000, 0x0000000703afff20, 0x0000000703b00000| 99%| O|  |TS  0|AC  0|TAMS 0x0000000703a00000, 0x0000000703a00000|
|  59|0x0000000703b00000, 0x0000000703bffff0, 0x0000000703c00000| 99%| O|  |TS  0|AC  0|TAMS 0x0000000703b00000, 0x0000000703b00000|
|  60|0x0000000703c00000, 0x0000000703d00000, 0x0000000703d00000|100%| O|  |TS  0|AC  0|TAMS 0x0000000703c00000, 0x0000000703c00000|
|  61|0x0000000703d00000, 0x0000000703dffff0, 0x0000000703e00000| 99%| O|  |TS  0|AC  0|TAMS 0x0000000703d00000, 0x0000000703d00000|
|  62|0x0000000703e00000, 0x0000000703f00000, 0x0000000703f00000|100%| O|  |TS  0|AC  0|TAMS 0x0000000703e00000, 0x0000000703e00000|
|  63|0x0000000703f00000, 0x0000000703fffff0, 0x0000000704000000| 99%| O|  |TS  0|AC  0|TAMS 0x0000000703f00000, 0x0000000703f00000|
|  64|0x0000000704000000, 0x00000007040ffff0, 0x0000000704100000| 99%| O|  |TS  0|AC  0|TAMS 0x0000000704000000, 0x0000000704000000|
|  65|0x0000000704100000, 0x00000007041fffe8, 0x0000000704200000| 99%| O|  |TS  0|AC  0|TAMS 0x0000000704100000, 0x0000000704100000|
|  66|0x0000000704200000, 0x00000007042fff78, 0x0000000704300000| 99%| O|  |TS  0|AC  0|TAMS 0x0000000704200000, 0x0000000704200000|
|  67|0x0000000704300000, 0x00000007043ffff8, 0x0000000704400000| 99%| O|  |TS  0|AC  0|TAMS 0x0000000704300000, 0x0000000704300000|
|  68|0x0000000704400000, 0x00000007044ffff0, 0x0000000704500000| 99%| O|  |TS  0|AC  0|TAMS 0x0000000704400000, 0x0000000704400000|
|  69|0x0000000704500000, 0x0000000704600000, 0x0000000704600000|100%| O|  |TS  0|AC  0|TAMS 0x0000000704500000, 0x0000000704500000|
|  70|0x0000000704600000, 0x00000007046ffff0, 0x0000000704700000| 99%| O|  |TS  0|AC  0|TAMS 0x0000000704600000, 0x0000000704600000|
|  71|0x0000000704700000, 0x00000007047ffff8, 0x0000000704800000| 99%| O|  |TS  0|AC  0|TAMS 0x0000000704700000, 0x0000000704700000|
|  72|0x0000000704800000, 0x0000000704900000, 0x0000000704900000|100%| O|  |TS  0|AC  0|TAMS 0x0000000704800000, 0x0000000704800000|
|  73|0x0000000704900000, 0x00000007049ffd68, 0x0000000704a00000| 99%| O|  |TS  0|AC  0|TAMS 0x0000000704900000, 0x0000000704900000|
|  74|0x0000000704a00000, 0x0000000704afffe8, 0x0000000704b00000| 99%| O|  |TS  0|AC  0|TAMS 0x0000000704a00000, 0x0000000704a00000|
|  75|0x0000000704b00000, 0x0000000704bffff8, 0x0000000704c00000| 99%| O|  |TS  0|AC  0|TAMS 0x0000000704b00000, 0x0000000704b00000|
|  76|0x0000000704c00000, 0x0000000704cffff8, 0x0000000704d00000| 99%| O|  |TS  0|AC  0|TAMS 0x0000000704c00000, 0x0000000704c00000|
|  77|0x0000000704d00000, 0x0000000704dfffe0, 0x0000000704e00000| 99%| O|  |TS  0|AC  0|TAMS 0x0000000704d00000, 0x0000000704d00000|
|  78|0x0000000704e00000, 0x0000000704effff8, 0x0000000704f00000| 99%| O|  |TS  0|AC  0|TAMS 0x0000000704e00000, 0x0000000704e00000|
|  79|0x0000000704f00000, 0x0000000705000000, 0x0000000705000000|100%| O|  |TS  0|AC  0|TAMS 0x0000000704f00000, 0x0000000704f00000|
|  80|0x0000000705000000, 0x0000000705100000, 0x0000000705100000|100%| O|  |TS  0|AC  0|TAMS 0x0000000705000000, 0x0000000705000000|
|  81|0x0000000705100000, 0x00000007051fff50, 0x0000000705200000| 99%| O|  |TS  0|AC  0|TAMS 0x0000000705100000, 0x0000000705100000|
|  82|0x0000000705200000, 0x00000007052ffff8, 0x0000000705300000| 99%| O|  |TS  0|AC  0|TAMS 0x0000000705200000, 0x0000000705200000|
|  83|0x0000000705300000, 0x00000007053ffff8, 0x0000000705400000| 99%| O|  |TS  0|AC  0|TAMS 0x0000000705300000, 0x0000000705300000|
|  84|0x0000000705400000, 0x00000007054ffff8, 0x0000000705500000| 99%| O|  |TS  0|AC  0|TAMS 0x0000000705400000, 0x0000000705400000|
|  85|0x0000000705500000, 0x00000007055fffb0, 0x0000000705600000| 99%| O|  |TS  0|AC  0|TAMS 0x0000000705500000, 0x0000000705500000|
|  86|0x0000000705600000, 0x00000007056ffe50, 0x0000000705700000| 99%| O|  |TS  0|AC  0|TAMS 0x0000000705600000, 0x0000000705600000|
|  87|0x0000000705700000, 0x00000007057ffe70, 0x0000000705800000| 99%| O|  |TS  0|AC  0|TAMS 0x0000000705700000, 0x0000000705700000|
|  88|0x0000000705800000, 0x00000007058ffff0, 0x0000000705900000| 99%| O|  |TS  0|AC  0|TAMS 0x0000000705800000, 0x0000000705800000|
|  89|0x0000000705900000, 0x00000007059ffed0, 0x0000000705a00000| 99%| O|  |TS  0|AC  0|TAMS 0x0000000705900000, 0x0000000705900000|
|  90|0x0000000705a00000, 0x0000000705affeb8, 0x0000000705b00000| 99%| O|  |TS  0|AC  0|TAMS 0x0000000705a00000, 0x0000000705a00000|
|  91|0x0000000705b00000, 0x0000000705bffe48, 0x0000000705c00000| 99%| O|  |TS  0|AC  0|TAMS 0x0000000705b00000, 0x0000000705b00000|
|  92|0x0000000705c00000, 0x0000000705d00000, 0x0000000705d00000|100%| O|  |TS  0|AC  0|TAMS 0x0000000705c00000, 0x0000000705c00000|
|  93|0x0000000705d00000, 0x0000000705dffff8, 0x0000000705e00000| 99%| O|  |TS  0|AC  0|TAMS 0x0000000705d00000, 0x0000000705d00000|
|  94|0x0000000705e00000, 0x0000000705effff8, 0x0000000705f00000| 99%| O|  |TS  0|AC  0|TAMS 0x0000000705e00000, 0x0000000705e00000|
|  95|0x0000000705f00000, 0x0000000705fffdd0, 0x0000000706000000| 99%| O|  |TS  0|AC  0|TAMS 0x0000000705f00000, 0x0000000705f00000|
|  96|0x0000000706000000, 0x00000007060fffe8, 0x0000000706100000| 99%| O|  |TS  0|AC  0|TAMS 0x0000000706000000, 0x0000000706000000|
|  97|0x0000000706100000, 0x0000000706200000, 0x0000000706200000|100%| O|  |TS  0|AC  0|TAMS 0x0000000706100000, 0x0000000706100000|
|  98|0x0000000706200000, 0x00000007062fffd8, 0x0000000706300000| 99%| O|  |TS  0|AC  0|TAMS 0x0000000706200000, 0x0000000706200000|
|  99|0x0000000706300000, 0x00000007063ffff8, 0x0000000706400000| 99%| O|  |TS  0|AC  0|TAMS 0x0000000706300000, 0x0000000706300000|
| 100|0x0000000706400000, 0x00000007064ffff8, 0x0000000706500000| 99%| O|  |TS  0|AC  0|TAMS 0x0000000706400000, 0x0000000706400000|
| 101|0x0000000706500000, 0x0000000706600000, 0x0000000706600000|100%| O|  |TS  0|AC  0|TAMS 0x0000000706500000, 0x0000000706500000|
| 102|0x0000000706600000, 0x00000007066fffd8, 0x0000000706700000| 99%| O|  |TS  0|AC  0|TAMS 0x0000000706600000, 0x0000000706600000|
| 103|0x0000000706700000, 0x00000007067ffff8, 0x0000000706800000| 99%| O|  |TS  0|AC  0|TAMS 0x0000000706700000, 0x0000000706700000|
| 104|0x0000000706800000, 0x00000007068ffff8, 0x0000000706900000| 99%| O|  |TS  0|AC  0|TAMS 0x0000000706800000, 0x0000000706800000|
| 105|0x0000000706900000, 0x0000000706a00000, 0x0000000706a00000|100%| O|  |TS  0|AC  0|TAMS 0x0000000706900000, 0x0000000706900000|
| 106|0x0000000706a00000, 0x0000000706b00000, 0x0000000706b00000|100%| O|  |TS  0|AC  0|TAMS 0x0000000706a00000, 0x0000000706a00000|
| 107|0x0000000706b00000, 0x0000000706be0b10, 0x0000000706c00000| 87%| O|  |TS  0|AC  0|TAMS 0x0000000706b00000, 0x0000000706b00000|
| 108|0x0000000706c00000, 0x0000000706c08200, 0x0000000706d00000|  3%| O|  |TS 33|AC  0|TAMS 0x0000000706c00000, 0x0000000706c00000|
| 109|0x0000000706d00000, 0x0000000706d00000, 0x0000000706e00000|  0%| F|  |TS  0|AC  0|TAMS 0x0000000706d00000, 0x0000000706d00000|
| 110|0x0000000706e00000, 0x0000000706e00000, 0x0000000706f00000|  0%| F|  |TS  0|AC  0|TAMS 0x0000000706e00000, 0x0000000706e00000|
| 111|0x0000000706f00000, 0x0000000706f00000, 0x0000000707000000|  0%| F|  |TS  0|AC  0|TAMS 0x0000000706f00000, 0x0000000706f00000|
| 112|0x0000000707000000, 0x0000000707000000, 0x0000000707100000|  0%| F|  |TS  0|AC  0|TAMS 0x0000000707000000, 0x0000000707000000|
| 113|0x0000000707100000, 0x0000000707100000, 0x0000000707200000|  0%| F|  |TS  0|AC  0|TAMS 0x0000000707100000, 0x0000000707100000|
| 114|0x0000000707200000, 0x0000000707200000, 0x0000000707300000|  0%| F|  |TS  0|AC  0|TAMS 0x0000000707200000, 0x0000000707200000|
| 115|0x0000000707300000, 0x0000000707300000, 0x0000000707400000|  0%| F|  |TS  0|AC  0|TAMS 0x0000000707300000, 0x0000000707300000|
| 116|0x0000000707400000, 0x0000000707400000, 0x0000000707500000|  0%| F|  |TS  0|AC  0|TAMS 0x0000000707400000, 0x0000000707400000|
| 117|0x0000000707500000, 0x0000000707500000, 0x0000000707600000|  0%| F|  |TS  0|AC  0|TAMS 0x0000000707500000, 0x0000000707500000|
| 118|0x0000000707600000, 0x0000000707600000, 0x0000000707700000|  0%| F|  |TS  0|AC  0|TAMS 0x0000000707600000, 0x0000000707600000|
| 119|0x0000000707700000, 0x0000000707700000, 0x0000000707800000|  0%| F|  |TS  0|AC  0|TAMS 0x0000000707700000, 0x0000000707700000|
| 120|0x0000000707800000, 0x0000000707800000, 0x0000000707900000|  0%| F|  |TS  0|AC  0|TAMS 0x0000000707800000, 0x0000000707800000|
| 121|0x0000000707900000, 0x0000000707900000, 0x0000000707a00000|  0%| F|  |TS  0|AC  0|TAMS 0x0000000707900000, 0x0000000707900000|
| 122|0x0000000707a00000, 0x0000000707a00000, 0x0000000707b00000|  0%| F|  |TS  0|AC  0|TAMS 0x0000000707a00000, 0x0000000707a00000|
| 123|0x0000000707b00000, 0x0000000707b00000, 0x0000000707c00000|  0%| F|  |TS  0|AC  0|TAMS 0x0000000707b00000, 0x0000000707b00000|
| 124|0x0000000707c00000, 0x0000000707c00000, 0x0000000707d00000|  0%| F|  |TS  0|AC  0|TAMS 0x0000000707c00000, 0x0000000707c00000|
| 125|0x0000000707d00000, 0x0000000707d00000, 0x0000000707e00000|  0%| F|  |TS  0|AC  0|TAMS 0x0000000707d00000, 0x0000000707d00000|
| 126|0x0000000707e00000, 0x0000000707e00000, 0x0000000707f00000|  0%| F|  |TS  0|AC  0|TAMS 0x0000000707e00000, 0x0000000707e00000|
| 127|0x0000000707f00000, 0x0000000707f00000, 0x0000000708000000|  0%| F|  |TS  0|AC  0|TAMS 0x0000000707f00000, 0x0000000707f00000|
| 128|0x0000000708000000, 0x0000000708000000, 0x0000000708100000|  0%| F|  |TS  0|AC  0|TAMS 0x0000000708000000, 0x0000000708000000|
| 129|0x0000000708100000, 0x0000000708100000, 0x0000000708200000|  0%| F|  |TS  0|AC  0|TAMS 0x0000000708100000, 0x0000000708100000|
| 130|0x0000000708200000, 0x0000000708200000, 0x0000000708300000|  0%| F|  |TS  0|AC  0|TAMS 0x0000000708200000, 0x0000000708200000|
| 131|0x0000000708300000, 0x0000000708300000, 0x0000000708400000|  0%| F|  |TS  0|AC  0|TAMS 0x0000000708300000, 0x0000000708300000|
| 132|0x0000000708400000, 0x0000000708400000, 0x0000000708500000|  0%| F|  |TS  0|AC  0|TAMS 0x0000000708400000, 0x0000000708400000|
| 133|0x0000000708500000, 0x0000000708500000, 0x0000000708600000|  0%| F|  |TS  0|AC  0|TAMS 0x0000000708500000, 0x0000000708500000|
| 134|0x0000000708600000, 0x0000000708600000, 0x0000000708700000|  0%| F|  |TS  0|AC  0|TAMS 0x0000000708600000, 0x0000000708600000|
| 135|0x0000000708700000, 0x0000000708700000, 0x0000000708800000|  0%| F|  |TS  0|AC  0|TAMS 0x0000000708700000, 0x0000000708700000|
| 136|0x0000000708800000, 0x0000000708800000, 0x0000000708900000|  0%| F|  |TS  0|AC  0|TAMS 0x0000000708800000, 0x0000000708800000|
| 137|0x0000000708900000, 0x0000000708900000, 0x0000000708a00000|  0%| F|  |TS  0|AC  0|TAMS 0x0000000708900000, 0x0000000708900000|
| 138|0x0000000708a00000, 0x0000000708a00000, 0x0000000708b00000|  0%| F|  |TS  0|AC  0|TAMS 0x0000000708a00000, 0x0000000708a00000|
| 139|0x0000000708b00000, 0x0000000708c00000, 0x0000000708c00000|100%|HS|  |TS  0|AC  0|TAMS 0x0000000708b00000, 0x0000000708b00000|
| 140|0x0000000708c00000, 0x0000000708c00000, 0x0000000708d00000|  0%| F|  |TS  0|AC  0|TAMS 0x0000000708c00000, 0x0000000708c00000|
| 141|0x0000000708d00000, 0x0000000708d00000, 0x0000000708e00000|  0%| F|  |TS  0|AC  0|TAMS 0x0000000708d00000, 0x0000000708d00000|
| 142|0x0000000708e00000, 0x0000000708e00000, 0x0000000708f00000|  0%| F|  |TS  0|AC  0|TAMS 0x0000000708e00000, 0x0000000708e00000|
| 143|0x0000000708f00000, 0x0000000708f00000, 0x0000000709000000|  0%| F|  |TS  0|AC  0|TAMS 0x0000000708f00000, 0x0000000708f00000|
| 144|0x0000000709000000, 0x0000000709000000, 0x0000000709100000|  0%| F|  |TS  0|AC  0|TAMS 0x0000000709000000, 0x0000000709000000|
| 145|0x0000000709100000, 0x0000000709100000, 0x0000000709200000|  0%| F|  |TS  0|AC  0|TAMS 0x0000000709100000, 0x0000000709100000|
| 146|0x0000000709200000, 0x0000000709200000, 0x0000000709300000|  0%| F|  |TS  0|AC  0|TAMS 0x0000000709200000, 0x0000000709200000|
| 147|0x0000000709300000, 0x0000000709300000, 0x0000000709400000|  0%| F|  |TS  0|AC  0|TAMS 0x0000000709300000, 0x0000000709300000|
| 148|0x0000000709400000, 0x0000000709400000, 0x0000000709500000|  0%| F|  |TS  0|AC  0|TAMS 0x0000000709400000, 0x0000000709400000|
| 149|0x0000000709500000, 0x0000000709500000, 0x0000000709600000|  0%| F|  |TS  0|AC  0|TAMS 0x0000000709500000, 0x0000000709500000|
| 150|0x0000000709600000, 0x0000000709600000, 0x0000000709700000|  0%| F|  |TS  0|AC  0|TAMS 0x0000000709600000, 0x0000000709600000|
| 151|0x0000000709700000, 0x0000000709700000, 0x0000000709800000|  0%| F|  |TS  0|AC  0|TAMS 0x0000000709700000, 0x0000000709700000|
| 152|0x0000000709800000, 0x0000000709800000, 0x0000000709900000|  0%| F|  |TS  0|AC  0|TAMS 0x0000000709800000, 0x0000000709800000|
| 153|0x0000000709900000, 0x0000000709900000, 0x0000000709a00000|  0%| F|  |TS  0|AC  0|TAMS 0x0000000709900000, 0x0000000709900000|
| 154|0x0000000709a00000, 0x0000000709a00000, 0x0000000709b00000|  0%| F|  |TS  0|AC  0|TAMS 0x0000000709a00000, 0x0000000709a00000|
| 155|0x0000000709b00000, 0x0000000709b00000, 0x0000000709c00000|  0%| F|  |TS  0|AC  0|TAMS 0x0000000709b00000, 0x0000000709b00000|
| 156|0x0000000709c00000, 0x0000000709c00000, 0x0000000709d00000|  0%| F|  |TS  0|AC  0|TAMS 0x0000000709c00000, 0x0000000709c00000|
| 157|0x0000000709d00000, 0x0000000709d00000, 0x0000000709e00000|  0%| F|  |TS  0|AC  0|TAMS 0x0000000709d00000, 0x0000000709d00000|
| 158|0x0000000709e00000, 0x0000000709e00000, 0x0000000709f00000|  0%| F|  |TS  0|AC  0|TAMS 0x0000000709e00000, 0x0000000709e00000|
| 159|0x0000000709f00000, 0x0000000709f00000, 0x000000070a000000|  0%| F|  |TS  0|AC  0|TAMS 0x0000000709f00000, 0x0000000709f00000|
| 160|0x000000070a000000, 0x000000070a000000, 0x000000070a100000|  0%| F|  |TS  0|AC  0|TAMS 0x000000070a000000, 0x000000070a000000|
| 161|0x000000070a100000, 0x000000070a100000, 0x000000070a200000|  0%| F|  |TS  0|AC  0|TAMS 0x000000070a100000, 0x000000070a100000|
| 162|0x000000070a200000, 0x000000070a200000, 0x000000070a300000|  0%| F|  |TS  0|AC  0|TAMS 0x000000070a200000, 0x000000070a200000|
| 163|0x000000070a300000, 0x000000070a300000, 0x000000070a400000|  0%| F|  |TS  0|AC  0|TAMS 0x000000070a300000, 0x000000070a300000|
| 164|0x000000070a400000, 0x000000070a400000, 0x000000070a500000|  0%| F|  |TS  0|AC  0|TAMS 0x000000070a400000, 0x000000070a400000|
| 165|0x000000070a500000, 0x000000070a500000, 0x000000070a600000|  0%| F|  |TS  0|AC  0|TAMS 0x000000070a500000, 0x000000070a500000|
| 166|0x000000070a600000, 0x000000070a600000, 0x000000070a700000|  0%| F|  |TS  0|AC  0|TAMS 0x000000070a600000, 0x000000070a600000|
| 167|0x000000070a700000, 0x000000070a700000, 0x000000070a800000|  0%| F|  |TS  0|AC  0|TAMS 0x000000070a700000, 0x000000070a700000|
| 168|0x000000070a800000, 0x000000070a800000, 0x000000070a900000|  0%| F|  |TS  0|AC  0|TAMS 0x000000070a800000, 0x000000070a800000|
| 169|0x000000070a900000, 0x000000070a900000, 0x000000070aa00000|  0%| F|  |TS  0|AC  0|TAMS 0x000000070a900000, 0x000000070a900000|
| 170|0x000000070aa00000, 0x000000070aa00000, 0x000000070ab00000|  0%| F|  |TS  0|AC  0|TAMS 0x000000070aa00000, 0x000000070aa00000|
| 171|0x000000070ab00000, 0x000000070ab00000, 0x000000070ac00000|  0%| F|  |TS  0|AC  0|TAMS 0x000000070ab00000, 0x000000070ab00000|
| 172|0x000000070ac00000, 0x000000070ac00000, 0x000000070ad00000|  0%| F|  |TS  0|AC  0|TAMS 0x000000070ac00000, 0x000000070ac00000|
| 173|0x000000070ad00000, 0x000000070ad00000, 0x000000070ae00000|  0%| F|  |TS  0|AC  0|TAMS 0x000000070ad00000, 0x000000070ad00000|
| 174|0x000000070ae00000, 0x000000070ae00000, 0x000000070af00000|  0%| F|  |TS  0|AC  0|TAMS 0x000000070ae00000, 0x000000070ae00000|
| 175|0x000000070af00000, 0x000000070af00000, 0x000000070b000000|  0%| F|  |TS  0|AC  0|TAMS 0x000000070af00000, 0x000000070af00000|
| 176|0x000000070b000000, 0x000000070b000000, 0x000000070b100000|  0%| F|  |TS  0|AC  0|TAMS 0x000000070b000000, 0x000000070b000000|
| 177|0x000000070b100000, 0x000000070b100000, 0x000000070b200000|  0%| F|  |TS  0|AC  0|TAMS 0x000000070b100000, 0x000000070b100000|
| 178|0x000000070b200000, 0x000000070b200000, 0x000000070b300000|  0%| F|  |TS  0|AC  0|TAMS 0x000000070b200000, 0x000000070b200000|
| 179|0x000000070b300000, 0x000000070b300000, 0x000000070b400000|  0%| F|  |TS  0|AC  0|TAMS 0x000000070b300000, 0x000000070b300000|
| 180|0x000000070b400000, 0x000000070b400000, 0x000000070b500000|  0%| F|  |TS  0|AC  0|TAMS 0x000000070b400000, 0x000000070b400000|
| 181|0x000000070b500000, 0x000000070b500000, 0x000000070b600000|  0%| F|  |TS  0|AC  0|TAMS 0x000000070b500000, 0x000000070b500000|
| 182|0x000000070b600000, 0x000000070b600000, 0x000000070b700000|  0%| F|  |TS  0|AC  0|TAMS 0x000000070b600000, 0x000000070b600000|
| 183|0x000000070b700000, 0x000000070b700000, 0x000000070b800000|  0%| F|  |TS  0|AC  0|TAMS 0x000000070b700000, 0x000000070b700000|
| 184|0x000000070b800000, 0x000000070b800000, 0x000000070b900000|  0%| F|  |TS  0|AC  0|TAMS 0x000000070b800000, 0x000000070b800000|
| 185|0x000000070b900000, 0x000000070b900000, 0x000000070ba00000|  0%| F|  |TS  0|AC  0|TAMS 0x000000070b900000, 0x000000070b900000|
| 186|0x000000070ba00000, 0x000000070ba00000, 0x000000070bb00000|  0%| F|  |TS  0|AC  0|TAMS 0x000000070ba00000, 0x000000070ba00000|
| 187|0x000000070bb00000, 0x000000070bb00000, 0x000000070bc00000|  0%| F|  |TS  0|AC  0|TAMS 0x000000070bb00000, 0x000000070bb00000|
| 188|0x000000070bc00000, 0x000000070bc00000, 0x000000070bd00000|  0%| F|  |TS  0|AC  0|TAMS 0x000000070bc00000, 0x000000070bc00000|
| 189|0x000000070bd00000, 0x000000070bd00000, 0x000000070be00000|  0%| F|  |TS  0|AC  0|TAMS 0x000000070bd00000, 0x000000070bd00000|
| 190|0x000000070be00000, 0x000000070be00000, 0x000000070bf00000|  0%| F|  |TS  0|AC  0|TAMS 0x000000070be00000, 0x000000070be00000|
| 191|0x000000070bf00000, 0x000000070bf00000, 0x000000070c000000|  0%| F|  |TS  0|AC  0|TAMS 0x000000070bf00000, 0x000000070bf00000|
| 192|0x000000070c000000, 0x000000070c000000, 0x000000070c100000|  0%| F|  |TS  0|AC  0|TAMS 0x000000070c000000, 0x000000070c000000|
| 193|0x000000070c100000, 0x000000070c100000, 0x000000070c200000|  0%| F|  |TS  0|AC  0|TAMS 0x000000070c100000, 0x000000070c100000|
| 194|0x000000070c200000, 0x000000070c200000, 0x000000070c300000|  0%| F|  |TS  0|AC  0|TAMS 0x000000070c200000, 0x000000070c200000|
| 195|0x000000070c300000, 0x000000070c300000, 0x000000070c400000|  0%| F|  |TS  0|AC  0|TAMS 0x000000070c300000, 0x000000070c300000|
| 196|0x000000070c400000, 0x000000070c400000, 0x000000070c500000|  0%| F|  |TS  0|AC  0|TAMS 0x000000070c400000, 0x000000070c400000|
| 197|0x000000070c500000, 0x000000070c500000, 0x000000070c600000|  0%| F|  |TS  0|AC  0|TAMS 0x000000070c500000, 0x000000070c500000|
| 198|0x000000070c600000, 0x000000070c600000, 0x000000070c700000|  0%| F|  |TS  0|AC  0|TAMS 0x000000070c600000, 0x000000070c600000|
| 199|0x000000070c700000, 0x000000070c700000, 0x000000070c800000|  0%| F|  |TS  0|AC  0|TAMS 0x000000070c700000, 0x000000070c700000|
| 200|0x000000070c800000, 0x000000070c800000, 0x000000070c900000|  0%| F|  |TS  0|AC  0|TAMS 0x000000070c800000, 0x000000070c800000|
| 201|0x000000070c900000, 0x000000070c900000, 0x000000070ca00000|  0%| F|  |TS  0|AC  0|TAMS 0x000000070c900000, 0x000000070c900000|
| 202|0x000000070ca00000, 0x000000070ca00000, 0x000000070cb00000|  0%| F|  |TS  0|AC  0|TAMS 0x000000070ca00000, 0x000000070ca00000|
| 203|0x000000070cb00000, 0x000000070cb00000, 0x000000070cc00000|  0%| F|  |TS  0|AC  0|TAMS 0x000000070cb00000, 0x000000070cb00000|
| 204|0x000000070cc00000, 0x000000070cc00000, 0x000000070cd00000|  0%| F|  |TS  0|AC  0|TAMS 0x000000070cc00000, 0x000000070cc00000|
| 205|0x000000070cd00000, 0x000000070cd00000, 0x000000070ce00000|  0%| F|  |TS  0|AC  0|TAMS 0x000000070cd00000, 0x000000070cd00000|
| 206|0x000000070ce00000, 0x000000070ce00000, 0x000000070cf00000|  0%| F|  |TS  0|AC  0|TAMS 0x000000070ce00000, 0x000000070ce00000|
| 207|0x000000070cf00000, 0x000000070cf00000, 0x000000070d000000|  0%| F|  |TS  0|AC  0|TAMS 0x000000070cf00000, 0x000000070cf00000|
| 208|0x000000070d000000, 0x000000070d000000, 0x000000070d100000|  0%| F|  |TS  0|AC  0|TAMS 0x000000070d000000, 0x000000070d000000|
| 209|0x000000070d100000, 0x000000070d100000, 0x000000070d200000|  0%| F|  |TS  0|AC  0|TAMS 0x000000070d100000, 0x000000070d100000|
| 210|0x000000070d200000, 0x000000070d200000, 0x000000070d300000|  0%| F|  |TS  0|AC  0|TAMS 0x000000070d200000, 0x000000070d200000|
| 211|0x000000070d300000, 0x000000070d300000, 0x000000070d400000|  0%| F|  |TS  0|AC  0|TAMS 0x000000070d300000, 0x000000070d300000|
| 212|0x000000070d400000, 0x000000070d400000, 0x000000070d500000|  0%| F|  |TS  0|AC  0|TAMS 0x000000070d400000, 0x000000070d400000|
| 213|0x000000070d500000, 0x000000070d500000, 0x000000070d600000|  0%| F|  |TS  0|AC  0|TAMS 0x000000070d500000, 0x000000070d500000|
| 214|0x000000070d600000, 0x000000070d600000, 0x000000070d700000|  0%| F|  |TS  0|AC  0|TAMS 0x000000070d600000, 0x000000070d600000|
| 215|0x000000070d700000, 0x000000070d700000, 0x000000070d800000|  0%| F|  |TS  0|AC  0|TAMS 0x000000070d700000, 0x000000070d700000|
| 216|0x000000070d800000, 0x000000070d800000, 0x000000070d900000|  0%| F|  |TS  0|AC  0|TAMS 0x000000070d800000, 0x000000070d800000|
| 217|0x000000070d900000, 0x000000070d900000, 0x000000070da00000|  0%| F|  |TS  0|AC  0|TAMS 0x000000070d900000, 0x000000070d900000|
| 218|0x000000070da00000, 0x000000070da00000, 0x000000070db00000|  0%| F|  |TS  0|AC  0|TAMS 0x000000070da00000, 0x000000070da00000|
| 219|0x000000070db00000, 0x000000070db00000, 0x000000070dc00000|  0%| F|  |TS  0|AC  0|TAMS 0x000000070db00000, 0x000000070db00000|
| 220|0x000000070dc00000, 0x000000070dc00000, 0x000000070dd00000|  0%| F|  |TS  0|AC  0|TAMS 0x000000070dc00000, 0x000000070dc00000|
| 221|0x000000070dd00000, 0x000000070dd00000, 0x000000070de00000|  0%| F|  |TS  0|AC  0|TAMS 0x000000070dd00000, 0x000000070dd00000|
| 222|0x000000070de00000, 0x000000070de00000, 0x000000070df00000|  0%| F|  |TS  0|AC  0|TAMS 0x000000070de00000, 0x000000070de00000|
| 223|0x000000070df00000, 0x000000070df00000, 0x000000070e000000|  0%| F|  |TS  0|AC  0|TAMS 0x000000070df00000, 0x000000070df00000|
| 224|0x000000070e000000, 0x000000070e000000, 0x000000070e100000|  0%| F|  |TS  0|AC  0|TAMS 0x000000070e000000, 0x000000070e000000|
| 225|0x000000070e100000, 0x000000070e100000, 0x000000070e200000|  0%| F|  |TS  0|AC  0|TAMS 0x000000070e100000, 0x000000070e100000|
| 226|0x000000070e200000, 0x000000070e200000, 0x000000070e300000|  0%| F|  |TS  0|AC  0|TAMS 0x000000070e200000, 0x000000070e200000|
| 227|0x000000070e300000, 0x000000070e300000, 0x000000070e400000|  0%| F|  |TS  0|AC  0|TAMS 0x000000070e300000, 0x000000070e300000|
| 228|0x000000070e400000, 0x000000070e400000, 0x000000070e500000|  0%| F|  |TS  0|AC  0|TAMS 0x000000070e400000, 0x000000070e400000|
| 229|0x000000070e500000, 0x000000070e500000, 0x000000070e600000|  0%| F|  |TS  0|AC  0|TAMS 0x000000070e500000, 0x000000070e500000|
| 230|0x000000070e600000, 0x000000070e600000, 0x000000070e700000|  0%| F|  |TS  0|AC  0|TAMS 0x000000070e600000, 0x000000070e600000|
| 231|0x000000070e700000, 0x000000070e700000, 0x000000070e800000|  0%| F|  |TS  0|AC  0|TAMS 0x000000070e700000, 0x000000070e700000|
| 232|0x000000070e800000, 0x000000070e800000, 0x000000070e900000|  0%| F|  |TS  0|AC  0|TAMS 0x000000070e800000, 0x000000070e800000|
| 233|0x000000070e900000, 0x000000070e900000, 0x000000070ea00000|  0%| F|  |TS  0|AC  0|TAMS 0x000000070e900000, 0x000000070e900000|
| 234|0x000000070ea00000, 0x000000070ea00000, 0x000000070eb00000|  0%| F|  |TS  0|AC  0|TAMS 0x000000070ea00000, 0x000000070ea00000|
| 235|0x000000070eb00000, 0x000000070eb00000, 0x000000070ec00000|  0%| F|  |TS  0|AC  0|TAMS 0x000000070eb00000, 0x000000070eb00000|
| 236|0x000000070ec00000, 0x000000070ec00000, 0x000000070ed00000|  0%| F|  |TS  0|AC  0|TAMS 0x000000070ec00000, 0x000000070ec00000|
| 237|0x000000070ed00000, 0x000000070ed00000, 0x000000070ee00000|  0%| F|  |TS  0|AC  0|TAMS 0x000000070ed00000, 0x000000070ed00000|
| 238|0x000000070ee00000, 0x000000070ee00000, 0x000000070ef00000|  0%| F|  |TS  0|AC  0|TAMS 0x000000070ee00000, 0x000000070ee00000|
| 239|0x000000070ef00000, 0x000000070ef00000, 0x000000070f000000|  0%| F|  |TS  0|AC  0|TAMS 0x000000070ef00000, 0x000000070ef00000|
| 240|0x000000070f000000, 0x000000070f000000, 0x000000070f100000|  0%| F|  |TS  0|AC  0|TAMS 0x000000070f000000, 0x000000070f000000|
| 241|0x000000070f100000, 0x000000070f100000, 0x000000070f200000|  0%| F|  |TS  0|AC  0|TAMS 0x000000070f100000, 0x000000070f100000|
| 242|0x000000070f200000, 0x000000070f200000, 0x000000070f300000|  0%| F|  |TS  0|AC  0|TAMS 0x000000070f200000, 0x000000070f200000|
| 243|0x000000070f300000, 0x000000070f300000, 0x000000070f400000|  0%| F|  |TS  0|AC  0|TAMS 0x000000070f300000, 0x000000070f300000|
| 244|0x000000070f400000, 0x000000070f400000, 0x000000070f500000|  0%| F|  |TS  0|AC  0|TAMS 0x000000070f400000, 0x000000070f400000|
| 245|0x000000070f500000, 0x000000070f500000, 0x000000070f600000|  0%| F|  |TS  0|AC  0|TAMS 0x000000070f500000, 0x000000070f500000|
| 246|0x000000070f600000, 0x000000070f600000, 0x000000070f700000|  0%| F|  |TS  0|AC  0|TAMS 0x000000070f600000, 0x000000070f600000|
| 247|0x000000070f700000, 0x000000070f700000, 0x000000070f800000|  0%| F|  |TS  0|AC  0|TAMS 0x000000070f700000, 0x000000070f700000|
| 248|0x000000070f800000, 0x000000070f800000, 0x000000070f900000|  0%| F|  |TS  0|AC  0|TAMS 0x000000070f800000, 0x000000070f800000|
| 249|0x000000070f900000, 0x000000070f900000, 0x000000070fa00000|  0%| F|  |TS  0|AC  0|TAMS 0x000000070f900000, 0x000000070f900000|
| 250|0x000000070fa00000, 0x000000070fa00000, 0x000000070fb00000|  0%| F|  |TS  0|AC  0|TAMS 0x000000070fa00000, 0x000000070fa00000|
| 251|0x000000070fb00000, 0x000000070fb00000, 0x000000070fc00000|  0%| F|  |TS  0|AC  0|TAMS 0x000000070fb00000, 0x000000070fb00000|
| 252|0x000000070fc00000, 0x000000070fc00000, 0x000000070fd00000|  0%| F|  |TS  0|AC  0|TAMS 0x000000070fc00000, 0x000000070fc00000|
| 253|0x000000070fd00000, 0x000000070fd00000, 0x000000070fe00000|  0%| F|  |TS  0|AC  0|TAMS 0x000000070fd00000, 0x000000070fd00000|
| 254|0x000000070fe00000, 0x000000070fe00000, 0x000000070ff00000|  0%| F|  |TS  0|AC  0|TAMS 0x000000070fe00000, 0x000000070fe00000|
| 255|0x000000070ff00000, 0x000000070ff00000, 0x0000000710000000|  0%| F|  |TS  0|AC  0|TAMS 0x000000070ff00000, 0x000000070ff00000|
| 256|0x0000000710000000, 0x0000000710000000, 0x0000000710100000|  0%| F|  |TS  0|AC  0|TAMS 0x0000000710000000, 0x0000000710000000|
| 257|0x0000000710100000, 0x0000000710100000, 0x0000000710200000|  0%| F|  |TS  0|AC  0|TAMS 0x0000000710100000, 0x0000000710100000|
| 258|0x0000000710200000, 0x0000000710200000, 0x0000000710300000|  0%| F|  |TS  0|AC  0|TAMS 0x0000000710200000, 0x0000000710200000|
| 259|0x0000000710300000, 0x0000000710300000, 0x0000000710400000|  0%| F|  |TS  0|AC  0|TAMS 0x0000000710300000, 0x0000000710300000|
| 260|0x0000000710400000, 0x0000000710400000, 0x0000000710500000|  0%| F|  |TS  0|AC  0|TAMS 0x0000000710400000, 0x0000000710400000|
| 261|0x0000000710500000, 0x0000000710500000, 0x0000000710600000|  0%| F|  |TS  0|AC  0|TAMS 0x0000000710500000, 0x0000000710500000|
| 262|0x0000000710600000, 0x0000000710600000, 0x0000000710700000|  0%| F|  |TS  0|AC  0|TAMS 0x0000000710600000, 0x0000000710600000|
| 263|0x0000000710700000, 0x0000000710700000, 0x0000000710800000|  0%| F|  |TS  0|AC  0|TAMS 0x0000000710700000, 0x0000000710700000|
| 264|0x0000000710800000, 0x0000000710800000, 0x0000000710900000|  0%| F|  |TS  0|AC  0|TAMS 0x0000000710800000, 0x0000000710800000|
| 265|0x0000000710900000, 0x0000000710900000, 0x0000000710a00000|  0%| F|  |TS  0|AC  0|TAMS 0x0000000710900000, 0x0000000710900000|
| 266|0x0000000710a00000, 0x0000000710a00000, 0x0000000710b00000|  0%| F|  |TS  0|AC  0|TAMS 0x0000000710a00000, 0x0000000710a00000|
| 267|0x0000000710b00000, 0x0000000710b00000, 0x0000000710c00000|  0%| F|  |TS  0|AC  0|TAMS 0x0000000710b00000, 0x0000000710b00000|
| 268|0x0000000710c00000, 0x0000000710c00000, 0x0000000710d00000|  0%| F|  |TS  0|AC  0|TAMS 0x0000000710c00000, 0x0000000710c00000|
| 269|0x0000000710d00000, 0x0000000710d00000, 0x0000000710e00000|  0%| F|  |TS  0|AC  0|TAMS 0x0000000710d00000, 0x0000000710d00000|
| 270|0x0000000710e00000, 0x0000000710e00000, 0x0000000710f00000|  0%| F|  |TS  0|AC  0|TAMS 0x0000000710e00000, 0x0000000710e00000|
| 271|0x0000000710f00000, 0x0000000710f00000, 0x0000000711000000|  0%| F|  |TS  0|AC  0|TAMS 0x0000000710f00000, 0x0000000710f00000|
| 272|0x0000000711000000, 0x0000000711000000, 0x0000000711100000|  0%| F|  |TS  0|AC  0|TAMS 0x0000000711000000, 0x0000000711000000|
| 273|0x0000000711100000, 0x0000000711100000, 0x0000000711200000|  0%| F|  |TS  0|AC  0|TAMS 0x0000000711100000, 0x0000000711100000|
| 274|0x0000000711200000, 0x0000000711200000, 0x0000000711300000|  0%| F|  |TS  0|AC  0|TAMS 0x0000000711200000, 0x0000000711200000|
| 275|0x0000000711300000, 0x0000000711300000, 0x0000000711400000|  0%| F|  |TS  0|AC  0|TAMS 0x0000000711300000, 0x0000000711300000|
| 276|0x0000000711400000, 0x0000000711400000, 0x0000000711500000|  0%| F|  |TS  0|AC  0|TAMS 0x0000000711400000, 0x0000000711400000|
| 277|0x0000000711500000, 0x0000000711500000, 0x0000000711600000|  0%| F|  |TS  0|AC  0|TAMS 0x0000000711500000, 0x0000000711500000|
| 278|0x0000000711600000, 0x0000000711600000, 0x0000000711700000|  0%| F|  |TS  0|AC  0|TAMS 0x0000000711600000, 0x0000000711600000|
| 279|0x0000000711700000, 0x0000000711700000, 0x0000000711800000|  0%| F|  |TS  0|AC  0|TAMS 0x0000000711700000, 0x0000000711700000|
| 280|0x0000000711800000, 0x0000000711800000, 0x0000000711900000|  0%| F|  |TS  0|AC  0|TAMS 0x0000000711800000, 0x0000000711800000|
| 281|0x0000000711900000, 0x0000000711900000, 0x0000000711a00000|  0%| F|  |TS  0|AC  0|TAMS 0x0000000711900000, 0x0000000711900000|
| 282|0x0000000711a00000, 0x0000000711a00000, 0x0000000711b00000|  0%| F|  |TS  0|AC  0|TAMS 0x0000000711a00000, 0x0000000711a00000|
| 283|0x0000000711b00000, 0x0000000711b00000, 0x0000000711c00000|  0%| F|  |TS  0|AC  0|TAMS 0x0000000711b00000, 0x0000000711b00000|
| 284|0x0000000711c00000, 0x0000000711c00000, 0x0000000711d00000|  0%| F|  |TS  0|AC  0|TAMS 0x0000000711c00000, 0x0000000711c00000|
| 285|0x0000000711d00000, 0x0000000711d00000, 0x0000000711e00000|  0%| F|  |TS  0|AC  0|TAMS 0x0000000711d00000, 0x0000000711d00000|
| 286|0x0000000711e00000, 0x0000000711e00000, 0x0000000711f00000|  0%| F|  |TS  0|AC  0|TAMS 0x0000000711e00000, 0x0000000711e00000|
| 287|0x0000000711f00000, 0x0000000711f00000, 0x0000000712000000|  0%| F|  |TS  0|AC  0|TAMS 0x0000000711f00000, 0x0000000711f00000|
| 288|0x0000000712000000, 0x0000000712000000, 0x0000000712100000|  0%| F|  |TS  0|AC  0|TAMS 0x0000000712000000, 0x0000000712000000|
| 289|0x0000000712100000, 0x0000000712100000, 0x0000000712200000|  0%| F|  |TS  0|AC  0|TAMS 0x0000000712100000, 0x0000000712100000|
| 290|0x0000000712200000, 0x0000000712200000, 0x0000000712300000|  0%| F|  |TS  0|AC  0|TAMS 0x0000000712200000, 0x0000000712200000|
| 291|0x0000000712300000, 0x0000000712300000, 0x0000000712400000|  0%| F|  |TS  0|AC  0|TAMS 0x0000000712300000, 0x0000000712300000|
| 292|0x0000000712400000, 0x0000000712400000, 0x0000000712500000|  0%| F|  |TS  0|AC  0|TAMS 0x0000000712400000, 0x0000000712400000|
| 293|0x0000000712500000, 0x0000000712500000, 0x0000000712600000|  0%| F|  |TS  0|AC  0|TAMS 0x0000000712500000, 0x0000000712500000|
| 294|0x0000000712600000, 0x0000000712600000, 0x0000000712700000|  0%| F|  |TS  0|AC  0|TAMS 0x0000000712600000, 0x0000000712600000|
| 295|0x0000000712700000, 0x0000000712700000, 0x0000000712800000|  0%| F|  |TS  0|AC  0|TAMS 0x0000000712700000, 0x0000000712700000|
| 296|0x0000000712800000, 0x0000000712800000, 0x0000000712900000|  0%| F|  |TS  0|AC  0|TAMS 0x0000000712800000, 0x0000000712800000|
| 297|0x0000000712900000, 0x0000000712900000, 0x0000000712a00000|  0%| F|  |TS  0|AC  0|TAMS 0x0000000712900000, 0x0000000712900000|
| 298|0x0000000712a00000, 0x0000000712a00000, 0x0000000712b00000|  0%| F|  |TS  0|AC  0|TAMS 0x0000000712a00000, 0x0000000712a00000|
| 299|0x0000000712b00000, 0x0000000712b38d90, 0x0000000712c00000| 22%| S|CS|TS 33|AC  0|TAMS 0x0000000712b00000, 0x0000000712b00000|
| 300|0x0000000712c00000, 0x0000000712c00000, 0x0000000712d00000|  0%| F|  |TS 33|AC  0|TAMS 0x0000000712c00000, 0x0000000712c00000|
| 301|0x0000000712d00000, 0x0000000712e00000, 0x0000000712e00000|100%| S|CS|TS 33|AC  0|TAMS 0x0000000712d00000, 0x0000000712d00000|
| 302|0x0000000712e00000, 0x0000000712e00000, 0x0000000712f00000|  0%| F|  |TS 33|AC  0|TAMS 0x0000000712e00000, 0x0000000712e00000|
| 303|0x0000000712f00000, 0x0000000712f00000, 0x0000000713000000|  0%| F|  |TS 33|AC  0|TAMS 0x0000000712f00000, 0x0000000712f00000|
| 304|0x0000000713000000, 0x0000000713000000, 0x0000000713100000|  0%| F|  |TS 33|AC  0|TAMS 0x0000000713000000, 0x0000000713000000|
| 305|0x0000000713100000, 0x0000000713100000, 0x0000000713200000|  0%| F|  |TS 33|AC  0|TAMS 0x0000000713100000, 0x0000000713100000|
| 306|0x0000000713200000, 0x0000000713200000, 0x0000000713300000|  0%| F|  |TS 33|AC  0|TAMS 0x0000000713200000, 0x0000000713200000|
| 307|0x0000000713300000, 0x0000000713300000, 0x0000000713400000|  0%| F|  |TS 33|AC  0|TAMS 0x0000000713300000, 0x0000000713300000|
| 308|0x0000000713400000, 0x0000000713400000, 0x0000000713500000|  0%| F|  |TS 33|AC  0|TAMS 0x0000000713400000, 0x0000000713400000|
| 309|0x0000000713500000, 0x0000000713500000, 0x0000000713600000|  0%| F|  |TS 33|AC  0|TAMS 0x0000000713500000, 0x0000000713500000|
| 310|0x0000000713600000, 0x0000000713600000, 0x0000000713700000|  0%| F|  |TS 33|AC  0|TAMS 0x0000000713600000, 0x0000000713600000|
| 311|0x0000000713700000, 0x0000000713700000, 0x0000000713800000|  0%| F|  |TS 33|AC  0|TAMS 0x0000000713700000, 0x0000000713700000|
| 312|0x0000000713800000, 0x0000000713800000, 0x0000000713900000|  0%| F|  |TS 33|AC  0|TAMS 0x0000000713800000, 0x0000000713800000|
| 313|0x0000000713900000, 0x0000000713900000, 0x0000000713a00000|  0%| F|  |TS 33|AC  0|TAMS 0x0000000713900000, 0x0000000713900000|
| 314|0x0000000713a00000, 0x0000000713a00000, 0x0000000713b00000|  0%| F|  |TS 33|AC  0|TAMS 0x0000000713a00000, 0x0000000713a00000|
| 315|0x0000000713b00000, 0x0000000713b00000, 0x0000000713c00000|  0%| F|  |TS 33|AC  0|TAMS 0x0000000713b00000, 0x0000000713b00000|
| 316|0x0000000713c00000, 0x0000000713c00000, 0x0000000713d00000|  0%| F|  |TS 33|AC  0|TAMS 0x0000000713c00000, 0x0000000713c00000|
| 317|0x0000000713d00000, 0x0000000713d00000, 0x0000000713e00000|  0%| F|  |TS 33|AC  0|TAMS 0x0000000713d00000, 0x0000000713d00000|
| 318|0x0000000713e00000, 0x0000000713e00000, 0x0000000713f00000|  0%| F|  |TS 33|AC  0|TAMS 0x0000000713e00000, 0x0000000713e00000|
| 319|0x0000000713f00000, 0x0000000713f00000, 0x0000000714000000|  0%| F|  |TS 33|AC  0|TAMS 0x0000000713f00000, 0x0000000713f00000|
| 320|0x0000000714000000, 0x0000000714000000, 0x0000000714100000|  0%| F|  |TS 33|AC  0|TAMS 0x0000000714000000, 0x0000000714000000|
| 321|0x0000000714100000, 0x0000000714100000, 0x0000000714200000|  0%| F|  |TS 33|AC  0|TAMS 0x0000000714100000, 0x0000000714100000|
| 322|0x0000000714200000, 0x0000000714200000, 0x0000000714300000|  0%| F|  |TS 33|AC  0|TAMS 0x0000000714200000, 0x0000000714200000|
| 323|0x0000000714300000, 0x0000000714300000, 0x0000000714400000|  0%| F|  |TS 33|AC  0|TAMS 0x0000000714300000, 0x0000000714300000|
| 324|0x0000000714400000, 0x0000000714400000, 0x0000000714500000|  0%| F|  |TS 33|AC  0|TAMS 0x0000000714400000, 0x0000000714400000|
| 325|0x0000000714500000, 0x0000000714500000, 0x0000000714600000|  0%| F|  |TS 33|AC  0|TAMS 0x0000000714500000, 0x0000000714500000|
| 326|0x0000000714600000, 0x0000000714600000, 0x0000000714700000|  0%| F|  |TS 33|AC  0|TAMS 0x0000000714600000, 0x0000000714600000|
| 327|0x0000000714700000, 0x0000000714700000, 0x0000000714800000|  0%| F|  |TS 33|AC  0|TAMS 0x0000000714700000, 0x0000000714700000|
| 328|0x0000000714800000, 0x0000000714800000, 0x0000000714900000|  0%| F|  |TS 33|AC  0|TAMS 0x0000000714800000, 0x0000000714800000|
| 329|0x0000000714900000, 0x0000000714900000, 0x0000000714a00000|  0%| F|  |TS 33|AC  0|TAMS 0x0000000714900000, 0x0000000714900000|
| 330|0x0000000714a00000, 0x0000000714a00000, 0x0000000714b00000|  0%| F|  |TS 33|AC  0|TAMS 0x0000000714a00000, 0x0000000714a00000|
| 331|0x0000000714b00000, 0x0000000714b00000, 0x0000000714c00000|  0%| F|  |TS 33|AC  0|TAMS 0x0000000714b00000, 0x0000000714b00000|
| 332|0x0000000714c00000, 0x0000000714c00000, 0x0000000714d00000|  0%| F|  |TS 33|AC  0|TAMS 0x0000000714c00000, 0x0000000714c00000|
| 333|0x0000000714d00000, 0x0000000714d00000, 0x0000000714e00000|  0%| F|  |TS 33|AC  0|TAMS 0x0000000714d00000, 0x0000000714d00000|
| 334|0x0000000714e00000, 0x0000000714e00000, 0x0000000714f00000|  0%| F|  |TS 33|AC  0|TAMS 0x0000000714e00000, 0x0000000714e00000|
| 335|0x0000000714f00000, 0x0000000714f00000, 0x0000000715000000|  0%| F|  |TS 33|AC  0|TAMS 0x0000000714f00000, 0x0000000714f00000|
| 336|0x0000000715000000, 0x0000000715000000, 0x0000000715100000|  0%| F|  |TS 33|AC  0|TAMS 0x0000000715000000, 0x0000000715000000|
| 337|0x0000000715100000, 0x0000000715100000, 0x0000000715200000|  0%| F|  |TS 33|AC  0|TAMS 0x0000000715100000, 0x0000000715100000|
| 338|0x0000000715200000, 0x0000000715200000, 0x0000000715300000|  0%| F|  |TS 33|AC  0|TAMS 0x0000000715200000, 0x0000000715200000|
| 339|0x0000000715300000, 0x0000000715300000, 0x0000000715400000|  0%| F|  |TS 33|AC  0|TAMS 0x0000000715300000, 0x0000000715300000|
| 340|0x0000000715400000, 0x0000000715400000, 0x0000000715500000|  0%| F|  |TS 33|AC  0|TAMS 0x0000000715400000, 0x0000000715400000|
| 341|0x0000000715500000, 0x0000000715500000, 0x0000000715600000|  0%| F|  |TS 33|AC  0|TAMS 0x0000000715500000, 0x0000000715500000|
| 342|0x0000000715600000, 0x0000000715600000, 0x0000000715700000|  0%| F|  |TS 33|AC  0|TAMS 0x0000000715600000, 0x0000000715600000|
| 343|0x0000000715700000, 0x0000000715700000, 0x0000000715800000|  0%| F|  |TS 33|AC  0|TAMS 0x0000000715700000, 0x0000000715700000|
| 344|0x0000000715800000, 0x0000000715800000, 0x0000000715900000|  0%| F|  |TS 33|AC  0|TAMS 0x0000000715800000, 0x0000000715800000|
| 345|0x0000000715900000, 0x0000000715900000, 0x0000000715a00000|  0%| F|  |TS 33|AC  0|TAMS 0x0000000715900000, 0x0000000715900000|
| 346|0x0000000715a00000, 0x0000000715a00000, 0x0000000715b00000|  0%| F|  |TS 33|AC  0|TAMS 0x0000000715a00000, 0x0000000715a00000|
| 347|0x0000000715b00000, 0x0000000715b00000, 0x0000000715c00000|  0%| F|  |TS 33|AC  0|TAMS 0x0000000715b00000, 0x0000000715b00000|
| 348|0x0000000715c00000, 0x0000000715c00000, 0x0000000715d00000|  0%| F|  |TS 33|AC  0|TAMS 0x0000000715c00000, 0x0000000715c00000|
| 349|0x0000000715d00000, 0x0000000715d00000, 0x0000000715e00000|  0%| F|  |TS 33|AC  0|TAMS 0x0000000715d00000, 0x0000000715d00000|
| 350|0x0000000715e00000, 0x0000000715e00000, 0x0000000715f00000|  0%| F|  |TS 33|AC  0|TAMS 0x0000000715e00000, 0x0000000715e00000|
| 351|0x0000000715f00000, 0x0000000715f00000, 0x0000000716000000|  0%| F|  |TS 33|AC  0|TAMS 0x0000000715f00000, 0x0000000715f00000|
| 352|0x0000000716000000, 0x0000000716000000, 0x0000000716100000|  0%| F|  |TS 33|AC  0|TAMS 0x0000000716000000, 0x0000000716000000|
| 353|0x0000000716100000, 0x00000007161f8438, 0x0000000716200000| 96%| E|  |TS 33|AC  0|TAMS 0x0000000716100000, 0x0000000716100000|
| 354|0x0000000716200000, 0x0000000716300000, 0x0000000716300000|100%| E|CS|TS 33|AC  0|TAMS 0x0000000716200000, 0x0000000716200000|
| 355|0x0000000716300000, 0x0000000716400000, 0x0000000716400000|100%| E|CS|TS 33|AC  0|TAMS 0x0000000716300000, 0x0000000716300000|
| 356|0x0000000716400000, 0x0000000716500000, 0x0000000716500000|100%| E|CS|TS 33|AC  0|TAMS 0x0000000716400000, 0x0000000716400000|
| 357|0x0000000716500000, 0x0000000716600000, 0x0000000716600000|100%| E|CS|TS 33|AC  0|TAMS 0x0000000716500000, 0x0000000716500000|
| 358|0x0000000716600000, 0x0000000716700000, 0x0000000716700000|100%| E|CS|TS 33|AC  0|TAMS 0x0000000716600000, 0x0000000716600000|
| 359|0x0000000716700000, 0x0000000716800000, 0x0000000716800000|100%| E|CS|TS 33|AC  0|TAMS 0x0000000716700000, 0x0000000716700000|
| 360|0x0000000716800000, 0x0000000716900000, 0x0000000716900000|100%| E|CS|TS 33|AC  0|TAMS 0x0000000716800000, 0x0000000716800000|

Card table byte_map: [0x0000013525310000,0x0000013525910000] byte_map_base: 0x0000013521b10000

Marking Bits (Prev, Next): (CMBitMap*) 0x0000013526eb56a0, (CMBitMap*) 0x0000013526eb56d8
 Prev Bits: [0x000001353fb80000, 0x0000013542b80000)
 Next Bits: [0x0000013542b80000, 0x0000013545b80000)

Polling page: 0x000001351ef00000

CodeHeap 'non-profiled nmethods': size=120000Kb used=27988Kb max_used=27999Kb free=92011Kb
 bounds [0x0000013538650000, 0x000001353a1e0000, 0x000001353fb80000]
CodeHeap 'profiled nmethods': size=120000Kb used=49517Kb max_used=50736Kb free=70482Kb
 bounds [0x0000013531120000, 0x00000135343b0000, 0x0000013538650000]
CodeHeap 'non-nmethods': size=5760Kb used=1873Kb max_used=1936Kb free=3886Kb
 bounds [0x0000013530b80000, 0x0000013530df0000, 0x0000013531120000]
 total_blobs=43225 nmethods=21316 adapters=1248
 compilation: enabled

Compilation events (10 events):
Event: 68646.601 Thread 0x0000013525021000 29132       3       de.javasoft.plaf.synthetica.painter.ProgressBarPainter::paintProgressBarForeground (615 bytes)
Event: 68646.604 Thread 0x0000013525021000 nmethod 29132 0x0000013533586910 code [0x0000013533587140, 0x000001353358c890]
Event: 68646.604 Thread 0x0000013525021000 29133       3       javax.swing.JProgressBar::paintBorder (13 bytes)
Event: 68646.604 Thread 0x0000013525021000 nmethod 29133 0x0000013532166d90 code [0x0000013532166f60, 0x0000013532167530]
Event: 68647.099 Thread 0x0000013525021000 29134       3       javax.swing.plaf.basic.BasicProgressBarUI$Animator::actionPerformed (93 bytes)
Event: 68647.100 Thread 0x0000013525021000 nmethod 29134 0x000001353260c010 code [0x000001353260c280, 0x000001353260ce90]
Event: 68647.100 Thread 0x0000013525021000 29135       3       javax.swing.plaf.basic.BasicProgressBarUI::incrementAnimationIndex (29 bytes)
Event: 68647.100 Thread 0x0000013525021000 nmethod 29135 0x0000013531b1e710 code [0x0000013531b1e8e0, 0x0000013531b1eca0]
Event: 68648.689 Thread 0x0000013525021000 29136       3       javax.swing.AbstractButton::removeActionListener (32 bytes)
Event: 68648.689 Thread 0x0000013525021000 nmethod 29136 0x0000013531b92e10 code [0x0000013531b92fe0, 0x0000013531b93380]

GC Heap History (10 events):
Event: 68632.000 GC heap before
{Heap before GC invocations=1418 (full 23):
 garbage-first heap   total 369664K, used 171804K [0x0000000700000000, 0x0000000700100b48, 0x00000007c0000000)
  region size 1024K, 60 young (61440K), 1 survivors (1024K)
 Metaspace       used 99388K, capacity 101013K, committed 109516K, reserved 1142784K
  class space    used 13564K, capacity 13935K, committed 15616K, reserved 1048576K
}
Event: 68632.003 GC heap after
{Heap after GC invocations=1419 (full 23):
 garbage-first heap   total 369664K, used 111682K [0x0000000700000000, 0x0000000700100b48, 0x00000007c0000000)
  region size 1024K, 1 young (1024K), 1 survivors (1024K)
 Metaspace       used 99388K, capacity 101013K, committed 109516K, reserved 1142784K
  class space    used 13564K, capacity 13935K, committed 15616K, reserved 1048576K
}
Event: 68638.870 GC heap before
{Heap before GC invocations=1419 (full 23):
 garbage-first heap   total 369664K, used 172098K [0x0000000700000000, 0x0000000700100b48, 0x00000007c0000000)
  region size 1024K, 60 young (61440K), 1 survivors (1024K)
 Metaspace       used 99390K, capacity 101013K, committed 109516K, reserved 1142784K
  class space    used 13564K, capacity 13935K, committed 15616K, reserved 1048576K
}
Event: 68638.873 GC heap after
{Heap after GC invocations=1420 (full 23):
 garbage-first heap   total 369664K, used 111801K [0x0000000700000000, 0x0000000700100b48, 0x00000007c0000000)
  region size 1024K, 2 young (2048K), 2 survivors (2048K)
 Metaspace       used 99390K, capacity 101013K, committed 109516K, reserved 1142784K
  class space    used 13564K, capacity 13935K, committed 15616K, reserved 1048576K
}
Event: 68642.454 GC heap before
{Heap before GC invocations=1420 (full 23):
 garbage-first heap   total 369664K, used 171193K [0x0000000700000000, 0x0000000700100b48, 0x00000007c0000000)
  region size 1024K, 60 young (61440K), 2 survivors (2048K)
 Metaspace       used 99392K, capacity 101013K, committed 109516K, reserved 1142784K
  class space    used 13564K, capacity 13935K, committed 15616K, reserved 1048576K
}
Event: 68642.456 GC heap after
{Heap after GC invocations=1421 (full 23):
 garbage-first heap   total 369664K, used 111693K [0x0000000700000000, 0x0000000700100b48, 0x00000007c0000000)
  region size 1024K, 1 young (1024K), 1 survivors (1024K)
 Metaspace       used 99392K, capacity 101013K, committed 109516K, reserved 1142784K
  class space    used 13564K, capacity 13935K, committed 15616K, reserved 1048576K
}
Event: 68643.481 GC heap before
{Heap before GC invocations=1421 (full 23):
 garbage-first heap   total 369664K, used 172109K [0x0000000700000000, 0x0000000700100b48, 0x00000007c0000000)
  region size 1024K, 60 young (61440K), 1 survivors (1024K)
 Metaspace       used 99392K, capacity 101013K, committed 109516K, reserved 1142784K
  class space    used 13564K, capacity 13935K, committed 15616K, reserved 1048576K
}
Event: 68643.483 GC heap after
{Heap after GC invocations=1422 (full 23):
 garbage-first heap   total 369664K, used 111653K [0x0000000700000000, 0x0000000700100b48, 0x00000007c0000000)
  region size 1024K, 1 young (1024K), 1 survivors (1024K)
 Metaspace       used 99392K, capacity 101013K, committed 109516K, reserved 1142784K
  class space    used 13564K, capacity 13935K, committed 15616K, reserved 1048576K
}
Event: 68645.939 GC heap before
{Heap before GC invocations=1422 (full 23):
 garbage-first heap   total 369664K, used 172069K [0x0000000700000000, 0x0000000700100b48, 0x00000007c0000000)
  region size 1024K, 60 young (61440K), 1 survivors (1024K)
 Metaspace       used 99491K, capacity 101261K, committed 109516K, reserved 1142784K
  class space    used 13591K, capacity 13973K, committed 15616K, reserved 1048576K
}
Event: 68645.941 GC heap after
{Heap after GC invocations=1423 (full 23):
 garbage-first heap   total 369664K, used 112007K [0x0000000700000000, 0x0000000700100b48, 0x00000007c0000000)
  region size 1024K, 2 young (2048K), 2 survivors (2048K)
 Metaspace       used 99491K, capacity 101261K, committed 109516K, reserved 1142784K
  class space    used 13591K, capacity 13973K, committed 15616K, reserved 1048576K
}

Deoptimization events (10 events):
Event: 8275.473 Thread 0x000001354ad10800 Uncommon trap: reason=bimorphic_or_optimized_type_check action=maybe_recompile pc=0x000001353955b0c8 method=java.awt.geom.Path2D$Double.<init>(Ljava/awt/Shape;Ljava/awt/geom/AffineTransform;)V @ 58 c2
Event: 8275.485 Thread 0x000001354ad10800 Uncommon trap: reason=unstable_if action=reinterpret pc=0x0000013539d31348 method=javax.swing.text.BoxView.viewToModel(FFLjava/awt/Shape;[Ljavax/swing/text/Position$Bias;)I @ 4 c2
Event: 8275.495 Thread 0x000001354ad10800 Uncommon trap: reason=unstable_if action=reinterpret pc=0x00000135396bde8c method=javax.swing.text.BoxView.isAllocationValid()Z @ 11 c2
Event: 8276.514 Thread 0x000001354ad10800 Uncommon trap: reason=class_check action=maybe_recompile pc=0x0000013539d2f40c method=javax.swing.ToolTipManager.mouseMoved(Ljava/awt/event/MouseEvent;)V @ 49 c2
Event: 12234.557 Thread 0x000001354ad10800 Uncommon trap: reason=unstable_if action=reinterpret pc=0x000001353918dec4 method=ui.frmwork.b.d.a(Ljava/awt/AWTEvent;)V @ 153 c2
Event: 68627.262 Thread 0x000001354ad10800 Uncommon trap: reason=unstable_if action=reinterpret pc=0x0000013539a63018 method=com.jidesoft.swing.SoftHashMap.expungeStaleEntries()V @ 9 c2
Event: 68627.265 Thread 0x000001354ad10800 Uncommon trap: reason=null_check action=make_not_entrant pc=0x00000135398d8768 method=sun.java2d.ReentrantContextProviderTL.acquire()Lsun/java2d/ReentrantContext; @ 21 c2
Event: 68627.268 Thread 0x000001354ad10800 Uncommon trap: reason=null_check action=make_not_entrant pc=0x0000013539d0f638 method=java.awt.Font.defaultLineMetrics(Ljava/awt/font/FontRenderContext;)Lsun/font/FontLineMetrics; @ 16 c2
Event: 68627.269 Thread 0x000001354ad10800 Uncommon trap: reason=null_check action=make_not_entrant pc=0x0000013539816738 method=sun.util.locale.provider.LocaleResources.getNumberPatterns()[Ljava/lang/String; @ 17 c2
Event: 68645.439 Thread 0x000001354ad10800 Uncommon trap: reason=null_check action=make_not_entrant pc=0x0000013538b3df54 method=java.lang.invoke.LambdaFormEditor.getInCache(Ljava/lang/invoke/LambdaFormEditor$Transform;)Ljava/lang/invoke/LambdaForm; @ 178 c2

Classes redefined (0 events):
No events

Internal exceptions (10 events):
Event: 7434.271 Thread 0x000001354ad10800 Implicit null exception at 0x000001353885adcc to 0x000001353885b6d5
Event: 8273.131 Thread 0x000001354ad10800 Implicit null exception at 0x000001353a18a52c to 0x000001353a18a5d9
Event: 8273.136 Thread 0x000001354ad10800 Exception <a 'java/lang/NoSuchMethodError'{0x0000000718e076e8}: java.lang.invoke.DelegatingMethodHandle$Holder.reinvoke_L(Ljava/lang/Object;IILjava/lang/Object;Ljava/lang/Object;Ljava/lang/Object;)Ljava/lang/Object;> (0x0000000718e076e8) thrown at [t:/wor
Event: 8273.142 Thread 0x000001354ad10800 Implicit null exception at 0x0000013539069c61 to 0x000001353906a1a1
Event: 12235.136 Thread 0x000001354a3e2000 Exception <a 'java/lang/NoSuchMethodError'{0x00000007170448d0}: java.lang.invoke.DirectMethodHandle$Holder.invokeSpecial(Ljava/lang/Object;Ljava/lang/Object;IILjava/lang/Object;JJ)Ljava/lang/Object;> (0x00000007170448d0) thrown at [t:/workspace/hotspot/sr
Event: 12235.136 Thread 0x000001354a3e2000 Exception <a 'java/lang/NoSuchMethodError'{0x00000007170488f8}: java.lang.invoke.DelegatingMethodHandle$Holder.reinvoke_L(Ljava/lang/Object;IILjava/lang/Object;JJ)Ljava/lang/Object;> (0x00000007170488f8) thrown at [t:/workspace/hotspot/src/share/vm/interp
Event: 12235.137 Thread 0x000001354a3e2000 Exception <a 'java/lang/NoSuchMethodError'{0x000000071706a130}: method resolution failed> (0x000000071706a130) thrown at [t:/workspace/hotspot/src/share/vm/prims/methodHandles.cpp, line 1256]
Event: 68627.265 Thread 0x000001354ad10800 Implicit null exception at 0x00000135398d7d17 to 0x00000135398d8759
Event: 68627.268 Thread 0x000001354ad10800 Implicit null exception at 0x0000013539d0ebdf to 0x0000013539d0f629
Event: 68645.439 Thread 0x000001354ad10800 Implicit null exception at 0x0000013538b3dc6f to 0x0000013538b3df49

Events (10 events):
Event: 68646.878 Thread 0x000001354a3e4800 Thread added: 0x000001354a3e4800
Event: 68646.878 Thread 0x000001354a3e7800 Thread added: 0x000001354a3e7800
Event: 68646.881 Thread 0x000001354a3e4800 Thread exited: 0x000001354a3e4800
Event: 68646.883 Thread 0x000001354a3e7800 Thread exited: 0x000001354a3e7800
Event: 68647.878 Thread 0x000001354a3e4800 Thread added: 0x000001354a3e4800
Event: 68647.878 Thread 0x000001354a3e7800 Thread added: 0x000001354a3e7800
Event: 68647.881 Thread 0x000001354a3e4800 Thread exited: 0x000001354a3e4800
Event: 68647.883 Thread 0x000001354a3e7800 Thread exited: 0x000001354a3e7800
Event: 68648.687 loading class ui/views/cd
Event: 68648.687 loading class ui/views/cd done


Dynamic libraries:
0x00007ff662e40000 - 0x00007ff662e70000 	C:\Xilinx\Vivado\2019.2\bin\unwrapped\win64.o\vivado.exe
0x00007ffda4450000 - 0x00007ffda4648000 	C:\WINDOWS\SYSTEM32\ntdll.dll
0x00007ffda4350000 - 0x00007ffda440f000 	C:\WINDOWS\System32\KERNEL32.DLL
0x00007ffda1e90000 - 0x00007ffda2186000 	C:\WINDOWS\System32\KERNELBASE.dll
0x00007ffda2380000 - 0x00007ffda2480000 	C:\WINDOWS\System32\ucrtbase.dll
0x00007ffd86c90000 - 0x00007ffd86d1e000 	C:\WINDOWS\SYSTEM32\MSVCP140.dll
0x00007ffda2bf0000 - 0x00007ffda2d1a000 	C:\WINDOWS\System32\ole32.dll
0x00007ffd742c0000 - 0x00007ffd742d6000 	C:\Xilinx\Vivado\2019.2\lib\win64.o\librdi_commonmain.dll
0x00007ffd37c10000 - 0x00007ffd38b53000 	C:\Xilinx\Vivado\2019.2\lib\win64.o\librdi_common.dll
0x00007ffd870c0000 - 0x00007ffd870d4000 	C:\Xilinx\Vivado\2019.2\lib\win64.o\libboost_signals.dll
0x00007ffda3a60000 - 0x00007ffda3b86000 	C:\WINDOWS\System32\RPCRT4.dll
0x00007ffd86c70000 - 0x00007ffd86c8b000 	C:\WINDOWS\SYSTEM32\VCRUNTIME140.dll
0x00007ffda2d60000 - 0x00007ffda30b4000 	C:\WINDOWS\System32\combase.dll
0x00007ffda2a40000 - 0x00007ffda2bdd000 	C:\WINDOWS\System32\USER32.dll
0x00007ffda2d20000 - 0x00007ffda2d4c000 	C:\WINDOWS\System32\GDI32.dll
0x00007ffda2480000 - 0x00007ffda24a2000 	C:\WINDOWS\System32\win32u.dll
0x00007ffd86c60000 - 0x00007ffd86c6c000 	C:\WINDOWS\SYSTEM32\VCRUNTIME140_1.dll
0x00007ffda1d20000 - 0x00007ffda1e35000 	C:\WINDOWS\System32\gdi32full.dll
0x00007ffda3b90000 - 0x00007ffda3c3f000 	C:\WINDOWS\System32\ADVAPI32.dll
0x00007ffd68e30000 - 0x00007ffd68e56000 	C:\Xilinx\Vivado\2019.2\lib\win64.o\libboost_filesystem.dll
0x00007ffda1c80000 - 0x00007ffda1d1d000 	C:\WINDOWS\System32\msvcp_win.dll
0x00007ffda25c0000 - 0x00007ffda265e000 	C:\WINDOWS\System32\msvcrt.dll
0x00007ffda28f0000 - 0x00007ffda298c000 	C:\WINDOWS\System32\sechost.dll
0x00007ffd9b2a0000 - 0x00007ffd9b2aa000 	C:\Xilinx\Vivado\2019.2\lib\win64.o\librdi_commonversion.dll
0x00007ffda30c0000 - 0x00007ffda3804000 	C:\WINDOWS\System32\SHELL32.dll
0x00007ffd68c80000 - 0x00007ffd68e21000 	C:\Xilinx\Vivado\2019.2\lib\win64.o\librdi_commonxillic.dll
0x000000006aaa0000 - 0x000000006abcb000 	C:\Xilinx\Vivado\2019.2\lib\win64.o\tcl85t.dll
0x00007ffda3810000 - 0x00007ffda387b000 	C:\WINDOWS\System32\WS2_32.dll
0x00007ffda1b30000 - 0x00007ffda1b57000 	C:\WINDOWS\System32\bcrypt.dll
0x00007ffd378a0000 - 0x00007ffd37c0e000 	C:\Xilinx\Vivado\2019.2\lib\win64.o\libCOIN-all.dll
0x00007ffd6aba0000 - 0x00007ffd6abb4000 	C:\Xilinx\Vivado\2019.2\lib\win64.o\libboost_date_time.dll
0x00007ffd68750000 - 0x00007ffd687cf000 	C:\Xilinx\Vivado\2019.2\lib\win64.o\libboost_program_options.dll
0x00007ffd82110000 - 0x00007ffd8211b000 	C:\Xilinx\Vivado\2019.2\lib\win64.o\libboost_system.dll
0x00007ffd68880000 - 0x00007ffd68994000 	C:\Xilinx\Vivado\2019.2\lib\win64.o\libboost_regex.dll
0x00007ffd68850000 - 0x00007ffd68871000 	C:\Xilinx\Vivado\2019.2\lib\win64.o\libboost_thread.dll
0x00007ffd686c0000 - 0x00007ffd68742000 	C:\Xilinx\Vivado\2019.2\lib\win64.o\libhdlpsolve.dll
0x00007ffd78080000 - 0x00007ffd7808f000 	C:\Xilinx\Vivado\2019.2\lib\win64.o\libboost_xilinx.dll
0x00007ffd38b60000 - 0x00007ffd3975c200 	C:\Xilinx\Vivado\2019.2\lib\win64.o\libisl_iostreams.dll
0x00007ffd685e0000 - 0x00007ffd68685000 	C:\Xilinx\Vivado\2019.2\lib\win64.o\libhdxml.dll
0x00007ffd68690000 - 0x00007ffd686be000 	C:\Xilinx\Vivado\2019.2\lib\win64.o\libisl_sysinfo.dll
0x00007ffd68800000 - 0x00007ffd6881a000 	C:\Xilinx\Vivado\2019.2\lib\win64.o\pthreadVC2.dll
0x00007ffd68490000 - 0x00007ffd684f5000 	C:\Xilinx\Vivado\2019.2\lib\win64.o\liblmx6.0.dll
0x00007ffd685c0000 - 0x00007ffd685dc000 	C:\Xilinx\Vivado\2019.2\lib\win64.o\librdiconfig.dll
0x00007ffd687d0000 - 0x00007ffd687f1000 	C:\Xilinx\Vivado\2019.2\lib\win64.o\librdizlib.dll
0x0000000012000000 - 0x0000000012270000 	C:\Xilinx\Vivado\2019.2\lib\win64.o\xerces-c_3_1.dll
0x00007ffd8e420000 - 0x00007ffd8e439000 	C:\WINDOWS\SYSTEM32\NETAPI32.dll
0x00007ffd985f0000 - 0x00007ffd986fa000 	C:\WINDOWS\SYSTEM32\WINHTTP.dll
0x00007ffd8de30000 - 0x00007ffd8e309000 	C:\WINDOWS\SYSTEM32\WININET.dll
0x00007ffd8ecd0000 - 0x00007ffd8eebc000 	C:\WINDOWS\SYSTEM32\urlmon.dll
0x00007ffd689a0000 - 0x00007ffd68c7b000 	C:\Xilinx\Vivado\2019.2\lib\win64.o\libXil_lmgr11.dll
0x00007ffda2660000 - 0x00007ffda273a000 	C:\WINDOWS\System32\COMDLG32.dll
0x00007ffda41d0000 - 0x00007ffda427d000 	C:\WINDOWS\System32\shcore.dll
0x00007ffda39a0000 - 0x00007ffda39f5000 	C:\WINDOWS\System32\SHLWAPI.dll
0x00007ffd40900000 - 0x00007ffd40909000 	C:\WINDOWS\SYSTEM32\WSOCK32.dll
0x00007ffd68580000 - 0x00007ffd685b1000 	C:\WINDOWS\SYSTEM32\VCOMP140.DLL
0x00007ffda4280000 - 0x00007ffda434d000 	C:\WINDOWS\System32\OLEAUT32.dll
0x00007ffd13a60000 - 0x00007ffd148f1000 	C:\Xilinx\Vivado\2019.2\lib\win64.o\gurobi65.dll
0x00007ffda1c10000 - 0x00007ffda1c77000 	C:\WINDOWS\System32\WINTRUST.dll
0x00007ffda2220000 - 0x00007ffda237e000 	C:\WINDOWS\System32\CRYPT32.dll
0x00007ffd81100000 - 0x00007ffd8110d000 	C:\Xilinx\Vivado\2019.2\lib\win64.o\libboost_chrono.dll
0x00007ffd69a40000 - 0x00007ffd69a5b000 	C:\Xilinx\Vivado\2019.2\lib\win64.o\libboost_iostreams.dll
0x00007ffd68820000 - 0x00007ffd68845000 	C:\Xilinx\Vivado\2019.2\lib\win64.o\libisl_iosutils.dll
0x00007ffd87c50000 - 0x00007ffd87f01000 	C:\WINDOWS\SYSTEM32\iertutil.dll
0x00007ffd87f10000 - 0x00007ffd87f38000 	C:\WINDOWS\SYSTEM32\srvcli.dll
0x00007ffda0fd0000 - 0x00007ffda0fdc000 	C:\WINDOWS\SYSTEM32\netutils.dll
0x00007ffd8e4a0000 - 0x00007ffd8e550000 	C:\WINDOWS\WinSxS\amd64_microsoft.windows.common-controls_6595b64144ccf1df_5.82.19041.1110_none_792d1c772443f647\COMCTL32.dll
0x00007ffd99a40000 - 0x00007ffd99a5d000 	C:\WINDOWS\SYSTEM32\dhcpcsvc.DLL
0x00007ffda2a10000 - 0x00007ffda2a40000 	C:\WINDOWS\System32\IMM32.DLL
0x00007ffda1720000 - 0x00007ffda1732000 	C:\WINDOWS\SYSTEM32\MSASN1.dll
0x00007ffd9f9f0000 - 0x00007ffd9fa02000 	C:\WINDOWS\SYSTEM32\kernel.appcore.dll
0x00007ffd36a40000 - 0x00007ffd36f57000 	C:\Xilinx\Vivado\2019.2\lib\win64.o\librdi_commontasks.dll
0x00007ffd99bc0000 - 0x00007ffd99bca000 	C:\WINDOWS\SYSTEM32\VERSION.dll
0x0000000068f60000 - 0x0000000069985000 	C:\Xilinx\Vivado\2019.2\tps\win64\jre9.0.4\bin\server\jvm.dll
0x00007ffd375b0000 - 0x00007ffd37893000 	C:\Xilinx\Vivado\2019.2\lib\win64.o\librdi_sio.dll
0x00007ffda2d50000 - 0x00007ffda2d58000 	C:\WINDOWS\System32\PSAPI.DLL
0x00007ffd92290000 - 0x00007ffd922b7000 	C:\WINDOWS\SYSTEM32\WINMM.dll
0x00007ffda0f90000 - 0x00007ffda0fcc000 	C:\WINDOWS\SYSTEM32\IPHLPAPI.DLL
0x00007ffd8dd30000 - 0x00007ffd8de1f000 	C:\WINDOWS\SYSTEM32\MSVCR120.dll
0x00007ffda12f0000 - 0x00007ffda135a000 	C:\WINDOWS\SYSTEM32\MSWSOCK.DLL
0x00007ffd9fbf0000 - 0x00007ffda0383000 	C:\WINDOWS\SYSTEM32\windows.storage.dll
0x00007ffda1590000 - 0x00007ffda15be000 	C:\WINDOWS\SYSTEM32\Wldp.dll
0x00007ffd0ff00000 - 0x00007ffd12645000 	C:\Xilinx\Vivado\2019.2\lib\win64.o\librdi_tcltasks.dll
0x00007ffd363e0000 - 0x00007ffd3657d000 	C:\Xilinx\Vivado\2019.2\lib\win64.o\librdi_board.dll
0x00007ffd36580000 - 0x00007ffd36a34000 	C:\Xilinx\Vivado\2019.2\lib\win64.o\librdi_bitstream.dll
0x00007ffd68120000 - 0x00007ffd6819b000 	C:\Xilinx\Vivado\2019.2\lib\win64.o\librdi_boarddep.dll
0x00007ffd37450000 - 0x00007ffd375a2000 	C:\Xilinx\Vivado\2019.2\lib\win64.o\librdi_cd_client.dll
0x00007ffd33880000 - 0x00007ffd33a40000 	C:\Xilinx\Vivado\2019.2\lib\win64.o\librdi_chipscopeimpl.dll
0x00007ffd679d0000 - 0x00007ffd67abf000 	C:\Xilinx\Vivado\2019.2\lib\win64.o\librdi_chipscope.dll
0x00007ffd22cd0000 - 0x00007ffd22ff4000 	C:\Xilinx\Vivado\2019.2\lib\win64.o\librdi_containers.dll
0x00007ffd0a150000 - 0x00007ffd0bc2a000 	C:\Xilinx\Vivado\2019.2\lib\win64.o\librdi_constraints.dll
0x00007ffd063b0000 - 0x00007ffd083a0000 	C:\Xilinx\Vivado\2019.2\lib\win64.o\librdi_coregen.dll
0x00007ffcee350000 - 0x00007ffceea29000 	C:\Xilinx\Vivado\2019.2\lib\win64.o\librdi_coregenipxact.dll
0x00007ffd0bc30000 - 0x00007ffd0fefb000 	C:\Xilinx\Vivado\2019.2\lib\win64.o\librdi_designutils.dll
0x00007ffceea30000 - 0x00007ffd035db000 	C:\Xilinx\Vivado\2019.2\lib\win64.o\librdi_device.dll
0x00007ffd22980000 - 0x00007ffd22cca000 	C:\Xilinx\Vivado\2019.2\lib\win64.o\librdi_dlyest.dll
0x00007ffd16380000 - 0x00007ffd1694d000 	C:\Xilinx\Vivado\2019.2\lib\win64.o\librdi_drc.dll
0x00007ffd133f0000 - 0x00007ffd13a5b000 	C:\Xilinx\Vivado\2019.2\lib\win64.o\librdi_filemgmt.dll
0x00007ffd3f000000 - 0x00007ffd3f0c4000 	C:\Xilinx\Vivado\2019.2\lib\win64.o\librdi_dsp.dll
0x00007ffd18ba0000 - 0x00007ffd18eb0000 	C:\Xilinx\Vivado\2019.2\lib\win64.o\librdi_guitools.dll
0x00007ffd3b490000 - 0x00007ffd3b4fa000 	C:\Xilinx\Vivado\2019.2\lib\win64.o\librdi_hdf.dll
0x00007ffd18160000 - 0x00007ffd18380000 	C:\Xilinx\Vivado\2019.2\lib\win64.o\librdi_hip_devdesign.dll
0x00007ffd36290000 - 0x00007ffd363d8000 	C:\Xilinx\Vivado\2019.2\lib\win64.o\librdi_hip_perf_analysis.dll
0x00007ffd083a0000 - 0x00007ffd089d1000 	C:\Xilinx\Vivado\2019.2\lib\win64.o\librdi_memdata.dll
0x00007ffd089e0000 - 0x00007ffd0a14d000 	C:\Xilinx\Vivado\2019.2\lib\win64.o\librdi_implflow.dll
0x00007ffd3b410000 - 0x00007ffd3b484000 	C:\Xilinx\Vivado\2019.2\lib\win64.o\librdi_memoryarray.dll
0x00007ffcedc60000 - 0x00007ffcee343000 	C:\Xilinx\Vivado\2019.2\lib\win64.o\librdi_netlist.dll
0x00007ffd035e0000 - 0x00007ffd063ab000 	C:\Xilinx\Vivado\2019.2\lib\win64.o\librdi_mig.dll
0x00007ffd67980000 - 0x00007ffd679cc000 	C:\Xilinx\Vivado\2019.2\lib\win64.o\librdi_pfi.dll
0x00007ffce9ef0000 - 0x00007ffcec7b7000 	C:\Xilinx\Vivado\2019.2\lib\win64.o\librdi_place.dll
0x00007ffced450000 - 0x00007ffcedc5b000 	C:\Xilinx\Vivado\2019.2\lib\win64.o\librdi_power.dll
0x00007ffd16d20000 - 0x00007ffd1703b000 	C:\Xilinx\Vivado\2019.2\lib\win64.o\librdi_platform.dll
0x00007ffcece90000 - 0x00007ffced44a000 	C:\Xilinx\Vivado\2019.2\lib\win64.o\librdi_project.dll
0x00007ffcec7c0000 - 0x00007ffcece81000 	C:\Xilinx\Vivado\2019.2\lib\win64.o\librdi_rsb.dll
0x00007ffce9380000 - 0x00007ffce97a3000 	C:\Xilinx\Vivado\2019.2\lib\win64.o\librdi_runs.dll
0x00007ffce97b0000 - 0x00007ffce9ee3000 	C:\Xilinx\Vivado\2019.2\lib\win64.o\librdi_psta.dll
0x00007ffd22870000 - 0x00007ffd22978000 	C:\Xilinx\Vivado\2019.2\lib\win64.o\librdi_runsbase.dll
0x00007ffd13170000 - 0x00007ffd133e5000 	C:\Xilinx\Vivado\2019.2\lib\win64.o\librdi_simdata.dll
0x00007ffce84f0000 - 0x00007ffce937d000 	C:\Xilinx\Vivado\2019.2\lib\win64.o\librdi_timing.dll
0x00007ffd190a0000 - 0x00007ffd19240000 	C:\Xilinx\Vivado\2019.2\lib\win64.o\librdi_cd_protocol.dll
0x00007ffd18630000 - 0x00007ffd187d1000 	C:\Xilinx\Vivado\2019.2\lib\win64.o\librdi_advchipscopeimpl.dll
0x00007ffd67700000 - 0x00007ffd6774c000 	C:\Xilinx\Vivado\2019.2\lib\win64.o\libboost_serialization.dll
0x00007ffd226a0000 - 0x00007ffd22777000 	C:\Xilinx\Vivado\2019.2\lib\win64.o\librdi_ipconfig_readwrite.dll
0x00007ffd66680000 - 0x00007ffd666ca000 	C:\Xilinx\Vivado\2019.2\lib\win64.o\librdi_noc_frameworks.dll
0x00007ffce3a50000 - 0x00007ffce4597000 	C:\Xilinx\Vivado\2019.2\lib\win64.o\libverific.dll
0x00007ffd17f70000 - 0x00007ffd18154000 	C:\Xilinx\Vivado\2019.2\lib\win64.o\librdi_hip_config.dll
0x00007ffce7fa0000 - 0x00007ffce84ee000 	C:\Xilinx\Vivado\2019.2\lib\win64.o\librdi_xdm.dll
0x00007ffd227d0000 - 0x00007ffd2286e000 	C:\Xilinx\Vivado\2019.2\lib\win64.o\libise.dll
0x00007ffce7980000 - 0x00007ffce7f9b000 	C:\Xilinx\Vivado\2019.2\lib\win64.o\librdi_wavedata.dll

VM Arguments:
jvm_args: -Dsun.java2d.pmoffscreen=false -Dsun.java2d.xrender=false -Dsun.java2d.d3d=false -Dsun.awt.nopixfmt=true -Dsun.java2d.dpiaware=true -Dsun.java2d.uiScale.enabled=false -Xverify:none -Dswing.aatext=true -XX:-UsePerfData -Djdk.map.althashing.threshold=512 -XX:StringTableSize=4072 --add-opens=java.base/java.nio=ALL-UNNAMED --add-opens=java.desktop/sun.swing=ALL-UNNAMED --add-opens=java.desktop/javax.swing=ALL-UNNAMED --add-opens=java.desktop/javax.swing.tree=ALL-UNNAMED --add-opens=java.desktop/javax.swing.plaf.basic=ALL-UNNAMED --add-opens=java.desktop/javax.swing.plaf.synth=ALL-UNNAMED --add-opens=java.desktop/com.sun.awt=ALL-UNNAMED -XX:NewSize=60m -XX:MaxNewSize=60m -Xms128m -Xmx3072m -Xss5m 
java_command: <unknown>
java_class_path (initial): C:/Xilinx/Vivado/2019.2\lib\classes\alloy.jar;C:/Xilinx/Vivado/2019.2\lib\classes\autoesl-common.jar;C:/Xilinx/Vivado/2019.2\lib\classes\autoesl-models.jar;C:/Xilinx/Vivado/2019.2\lib\classes\autoesl-report.jar;C:/Xilinx/Vivado/2019.2\lib\classes\autopilot.scelaborator.jar;C:/Xilinx/Vivado/2019.2\lib\classes\autopilot.sourceprocessor.jar;C:/Xilinx/Vivado/2019.2\lib\classes\autopilot.tbprocessor.jar;C:/Xilinx/Vivado/2019.2\lib\classes\batik-anim.jar;C:/Xilinx/Vivado/2019.2\lib\classes\batik-awt-util.jar;C:/Xilinx/Vivado/2019.2\lib\classes\batik-bridge.jar;C:/Xilinx/Vivado/2019.2\lib\classes\batik-codec.jar;C:/Xilinx/Vivado/2019.2\lib\classes\batik-css.jar;C:/Xilinx/Vivado/2019.2\lib\classes\batik-dom.jar;C:/Xilinx/Vivado/2019.2\lib\classes\batik-ext.jar;C:/Xilinx/Vivado/2019.2\lib\classes\batik-gui-util.jar;C:/Xilinx/Vivado/2019.2\lib\classes\batik-gvt.jar;C:/Xilinx/Vivado/2019.2\lib\classes\batik-parser.jar;C:/Xilinx/Vivado/2019.2\lib\classes\batik-script.jar;C:/Xilinx/Vivado/2019.2\lib\classes\batik-svg-dom.jar;C:/Xilinx/Vivado/2019.2\lib\classes\batik-swing.jar;C:/Xilinx/Vivado/2019.2\lib\classes\batik-transcoder.jar;C:/Xilinx/Vivado/2019.2\lib\classes\batik-util.jar;C:/Xilinx/Vivado/2019.2\lib\classes\batik-xml.jar;C:/Xilinx/Vivado/2019.2\lib\classes\com.google.gson_2.7.0.v20170129-0911.jar;C:/Xilinx/Vivado/2019.2\lib\classes\com.google.guava_21.0.0.v20170206-1425.jar;C:/Xilinx/Vivado/2019.2\lib\classes\com.ibm.icu_4.4.2.v20110208.jar;C:/Xilinx/Vivado/2019.2\lib\classes\com.sigasi.hdt.connection_4.5.0.201909241521.jar;C:/Xilinx/Vivado/2019.2\lib\classes\com.sigasi.hdt.epl_4.5.0.201909241521.jar;C:/Xilinx/Vivado/2019.2\lib\classes\com.sigasi.hdt.project_4.5.0.201909241521.jar;C:/Xilinx/Vivado/2019.2\lib\classes\com.sigasi.hdt.readonlyfilesystem_4.5.0.201909241521.jar;C:/Xilinx/Vivado/2019.2\lib\classes\com.sigasi.lcm_4.5.0.201909241521.jar;C:/Xilinx/Vivado/2019.2\lib\classes\com.sigasi.sdk.client_4.5.0.201909241521.jar;C:/Xilinx/Vivado
Launcher Type: generic

Logging:
Log output configuration:
#0: stdout all=warning uptime,level,tags
#1: stderr all=off uptime,level,tags

Environment Variables:
PATH=C:/Xilinx/Vivado/2019.2/bin;C:/Xilinx/Vivado/2019.2/lib/win64.o;C:/Xilinx/Vivado/2019.2/tps/win64/jre9.0.4/bin/server;C:/Xilinx/Vivado/2019.2/tps/win64/jre9.0.4/bin;C:/Xilinx/Vivado/2019.2/ids_lite/ISE/bin/nt64;C:/Xilinx/Vivado/2019.2/ids_lite/ISE/lib/nt64;C:\Program Files (x86)\Common Files\Intel\Shared Libraries\redist\intel64\compiler;C:\ProgramData\Oracle\Java\javapath;C:\Windows\system32;C:\Windows;C:\Windows\System32\Wbem;C:\Windows\System32\WindowsPowerShell\v1.0\;C:\Windows\System32\OpenSSH\;C:\Program Files (x86)\NVIDIA Corporation\PhysX\Common;C:\Program Files\NVIDIA Corporation\NVIDIA NvDLISR;C:\Progs\command;C:\Program Files\nodejs\;C:\Program Files\Microsoft SQL Server\130\Tools\Binn\;C:\Program Files\dotnet\;C:\Program Files\Git\cmd;C:\MinGW\bin;C:\Users\artem\AppData\Local\Programs\Python\Python311\Scripts\;C:\Users\artem\AppData\Local\Programs\Python\Python311\;C:\Users\artem\anaconda3;C:\Users\artem\anaconda3\Library\mingw-w64\bin;C:\Users\artem\anaconda3\Library\usr\bin;C:\Users\artem\anaconda3\Library\bin;C:\Users\artem\anaconda3\Scripts;C:\Users\artem\AppData\Local\Programs\Python\Python310\Scripts\;C:\Users\artem\AppData\Local\Programs\Python\Python310\;C:\Users\artem\AppData\Local\Microsoft\WindowsApps;C:\Users\artem\AppData\Roaming\npm;C:\Users\artem\AppData\Local\Programs\MiKTeX\miktex\bin\x64\;C:\Program Files\JetBrains\PyCharm Community Edition 2021.3.2\bin;;C:\iverilog\bin;C:\altera\13.0sp1\modelsim_ase\win32aloem;C:\iverilog\gtkwave\bin;C:\Users\artem\.dotnet\tools;C:\Users\artem\AppData\Local\Programs\Microsoft VS Code\bin;C:\questasim64_10.7c\win64;C:\msys64\mingw64\bin;C:/Xilinx/Vivado/2019.2\tps\mingw\6.2.0\win64.o\nt\bin;C:/Xilinx/Vivado/2019.2\tps\mingw\6.2.0\win64.o\nt\libexec\gcc\x86_64-w64-mingw32\6.2.0;C:/Xilinx/Vivado/2019.2\tps\win64\python-2.7.5;C:/Xilinx/Vivado/2019.2\tps\win64\python-2.7.5\bin;C:/Xilinx/Vivado/2019.2\tps\win64\python-2.7.5\lib;C:/Xilinx/Vivado/2019.2\tps\win64\python-2.7.5\Lib\lib-tk;C:/Xilinx/Vivado/2019
USERNAME=artem
OS=Windows_NT
PROCESSOR_IDENTIFIER=Intel64 Family 6 Model 158 Stepping 10, GenuineIntel



---------------  S Y S T E M  ---------------

OS: Windows 10 , 64 bit Build 19041 (10.0.19041.2913)

CPU:total 12 (initial active 12) (6 cores per cpu, 2 threads per core) family 6 model 158 stepping 10, cmov, cx8, fxsr, mmx, sse, sse2, sse3, ssse3, sse4.1, sse4.2, popcnt, avx, avx2, aes, clmul, erms, 3dnowpref, lzcnt, ht, tsc, tscinvbit, bmi1, bmi2, adx, fma

Memory: 4k page, physical 16610356k(4252260k free), swap 48578324k(26153084k free)

vm_info: Java HotSpot(TM) 64-Bit Server VM (9.0.4+11) for windows-amd64 JRE (9.0.4+11), built on Dec 20 2017 02:18:54 by "mach5one" with MS VC++ 12.0 (VS2013)

END.
