Vivado Simulator 2019.2
Time resolution is 1 ps
In WR block
Finished frame
Finished frame
Finished frame
Finished frame
Finished frame
Finished frame
Finished frame
Finished frame
Finished frame
In WR block
Finished frame
Finished frame
Finished frame
Finished frame
Finished frame
          1
MISO getted: 0
          1
          2
MISO getted: 0
          2
          3
MISO getted: 0
          3
          4
MISO getted: 1
          4
          5
MISO getted: 1
          5
          6
MISO getted: 0
          6
          7
MISO getted: 0
          7
          8
MISO getted: 1
          8
          9
MISO getted: 0
          9
         10
MISO getted: 0
         10
         11
MISO getted: 0
         11
         12
MISO getted: 1
         12
         13
MISO getted: 0
         13
         14
